<?xml version="1.0" encoding="UTF-8"?>
<testsuites tests="1859" failures="0" errors="0" time="120.969089">
	<testsuite tests="1859" failures="0" time="120.969000" name="github.com/theopenlane/core/internal/graphapi" timestamp="2025-10-20T13:40:52-06:00">
		<properties>
			<property name="go.version" value="go1.25.1 darwin/arm64"></property>
		</properties>
		<testcase classname="github.com/theopenlane/core/internal/graphapi" name="TestGetControlIDFromRefCode/match_by_control_refCode" time="0.000000"></testcase>
		<testcase classname="github.com/theopenlane/core/internal/graphapi" name="TestGetControlIDFromRefCode/match_by_control_alias" time="0.000000"></testcase>
		<testcase classname="github.com/theopenlane/core/internal/graphapi" name="TestGetControlIDFromRefCode/match_by_subcontrol_refCode" time="0.000000"></testcase>
		<testcase classname="github.com/theopenlane/core/internal/graphapi" name="TestGetControlIDFromRefCode/match_by_subcontrol_alias" time="0.000000"></testcase>
		<testcase classname="github.com/theopenlane/core/internal/graphapi" name="TestGetControlIDFromRefCode/no_match_found" time="0.000000"></testcase>
		<testcase classname="github.com/theopenlane/core/internal/graphapi" name="TestGetControlIDFromRefCode" time="0.000000"></testcase>
		<testcase classname="github.com/theopenlane/core/internal/graphapi" name="TestSearchContextTracker" time="0.000000"></testcase>
		<testcase classname="github.com/theopenlane/core/internal/graphapi" name="TestFieldMatchChecker" time="0.000000"></testcase>
		<testcase classname="github.com/theopenlane/core/internal/graphapi" name="TestCreateSnippet" time="0.000000"></testcase>
		<testcase classname="github.com/theopenlane/core/internal/graphapi" name="TestExtractSnippets" time="0.000000"></testcase>
		<testcase classname="github.com/theopenlane/core/internal/graphapi" name="TestQueryApiToken/Get_happy_path" time="0.010000"></testcase>
		<testcase classname="github.com/theopenlane/core/internal/graphapi" name="TestQueryApiToken/Get_not_found,_no_access" time="0.000000"></testcase>
		<testcase classname="github.com/theopenlane/core/internal/graphapi" name="TestQueryApiToken/Get_not_found" time="0.000000"></testcase>
		<testcase classname="github.com/theopenlane/core/internal/graphapi" name="TestQueryApiToken" time="0.010000"></testcase>
		<testcase classname="github.com/theopenlane/core/internal/graphapi" name="TestQueryAPITokens/List_happy_path,_all_api_tokens" time="0.000000"></testcase>
		<testcase classname="github.com/theopenlane/core/internal/graphapi" name="TestQueryAPITokens" time="0.010000"></testcase>
		<testcase classname="github.com/theopenlane/core/internal/graphapi" name="TestMutationCreateAPIToken/happy_path" time="0.020000"></testcase>
		<testcase classname="github.com/theopenlane/core/internal/graphapi" name="TestMutationCreateAPIToken/bad_path,_set_expire_to_the_past" time="0.010000"></testcase>
		<testcase classname="github.com/theopenlane/core/internal/graphapi" name="TestMutationCreateAPIToken/happy_path,_set_expire" time="0.020000"></testcase>
		<testcase classname="github.com/theopenlane/core/internal/graphapi" name="TestMutationCreateAPIToken/happy_path,_set_org" time="0.030000"></testcase>
		<testcase classname="github.com/theopenlane/core/internal/graphapi" name="TestMutationCreateAPIToken/happy_path,_name_only" time="0.010000"></testcase>
		<testcase classname="github.com/theopenlane/core/internal/graphapi" name="TestMutationCreateAPIToken/empty_name" time="0.000000"></testcase>
		<testcase classname="github.com/theopenlane/core/internal/graphapi" name="TestMutationCreateAPIToken" time="0.090000"></testcase>
		<testcase classname="github.com/theopenlane/core/internal/graphapi" name="TestMutationUpdateAPIToken/happy_path,_update_name_" time="0.010000"></testcase>
		<testcase classname="github.com/theopenlane/core/internal/graphapi" name="TestMutationUpdateAPIToken/happy_path,_update_expiration" time="0.010000"></testcase>
		<testcase classname="github.com/theopenlane/core/internal/graphapi" name="TestMutationUpdateAPIToken/update_name,_no_access" time="0.000000"></testcase>
		<testcase classname="github.com/theopenlane/core/internal/graphapi" name="TestMutationUpdateAPIToken/happy_path,_update_description" time="0.010000"></testcase>
		<testcase classname="github.com/theopenlane/core/internal/graphapi" name="TestMutationUpdateAPIToken/happy_path,_add_scope" time="0.000000"></testcase>
		<testcase classname="github.com/theopenlane/core/internal/graphapi" name="TestMutationUpdateAPIToken/invalid_token_id" time="0.000000"></testcase>
		<testcase classname="github.com/theopenlane/core/internal/graphapi" name="TestMutationUpdateAPIToken" time="0.040000"></testcase>
		<testcase classname="github.com/theopenlane/core/internal/graphapi" name="TestMutationDeleteAPIToken/happy_path,_delete_token" time="0.010000"></testcase>
		<testcase classname="github.com/theopenlane/core/internal/graphapi" name="TestMutationDeleteAPIToken/delete_someone_else&#39;s_token,_no_go" time="0.000000"></testcase>
		<testcase classname="github.com/theopenlane/core/internal/graphapi" name="TestMutationDeleteAPIToken" time="0.160000"></testcase>
		<testcase classname="github.com/theopenlane/core/internal/graphapi" name="TestLastUsedAPIToken" time="0.020000"></testcase>
		<testcase classname="github.com/theopenlane/core/internal/graphapi" name="TestQueryContact/Get_happy_path_contact" time="0.000000"></testcase>
		<testcase classname="github.com/theopenlane/core/internal/graphapi" name="TestQueryContact/Get_happy_path_contact,_view_only_user" time="0.000000"></testcase>
		<testcase classname="github.com/theopenlane/core/internal/graphapi" name="TestQueryContact/Get_contact_not_returned,_no_access" time="0.000000"></testcase>
		<testcase classname="github.com/theopenlane/core/internal/graphapi" name="TestQueryContact/Get_happy_path_contact,_with_api_token" time="0.000000"></testcase>
		<testcase classname="github.com/theopenlane/core/internal/graphapi" name="TestQueryContact/Get_happy_path_contact,_with_pat" time="0.010000"></testcase>
		<testcase classname="github.com/theopenlane/core/internal/graphapi" name="TestQueryContact" time="0.020000"></testcase>
		<testcase classname="github.com/theopenlane/core/internal/graphapi" name="TestQueryContacts/List_happy_path" time="0.000000"></testcase>
		<testcase classname="github.com/theopenlane/core/internal/graphapi" name="TestQueryContacts/List_happy_path,_view_only_user" time="0.000000"></testcase>
		<testcase classname="github.com/theopenlane/core/internal/graphapi" name="TestQueryContacts/List_happy_path,_using_api_token" time="0.000000"></testcase>
		<testcase classname="github.com/theopenlane/core/internal/graphapi" name="TestQueryContacts/List_happy_path,_using_pat" time="0.010000"></testcase>
		<testcase classname="github.com/theopenlane/core/internal/graphapi" name="TestQueryContacts/List_another_user,_no_contacts_should_be_returned" time="0.000000"></testcase>
		<testcase classname="github.com/theopenlane/core/internal/graphapi" name="TestQueryContacts" time="0.030000"></testcase>
		<testcase classname="github.com/theopenlane/core/internal/graphapi" name="TestMutationCreateContact/Create_happy_path,_minimal_input" time="0.010000"></testcase>
		<testcase classname="github.com/theopenlane/core/internal/graphapi" name="TestMutationCreateContact/Create_view_only_user_cannot_create" time="0.000000"></testcase>
		<testcase classname="github.com/theopenlane/core/internal/graphapi" name="TestMutationCreateContact/Create_happy_path,_using_api_token" time="0.010000"></testcase>
		<testcase classname="github.com/theopenlane/core/internal/graphapi" name="TestMutationCreateContact/Create_happy_path,_using_pat" time="0.010000"></testcase>
		<testcase classname="github.com/theopenlane/core/internal/graphapi" name="TestMutationCreateContact/Create_happy_path,_all_input" time="0.010000"></testcase>
		<testcase classname="github.com/theopenlane/core/internal/graphapi" name="TestMutationCreateContact/Create_missing_required_field,_name" time="0.000000"></testcase>
		<testcase classname="github.com/theopenlane/core/internal/graphapi" name="TestMutationCreateContact" time="0.040000"></testcase>
		<testcase classname="github.com/theopenlane/core/internal/graphapi" name="TestMutationUpdateContact/Update_happy_path,_update_name" time="0.010000"></testcase>
		<testcase classname="github.com/theopenlane/core/internal/graphapi" name="TestMutationUpdateContact/Update_view_only_user_cannot_update" time="0.000000"></testcase>
		<testcase classname="github.com/theopenlane/core/internal/graphapi" name="TestMutationUpdateContact/Update_no_access,_cannot_update" time="0.010000"></testcase>
		<testcase classname="github.com/theopenlane/core/internal/graphapi" name="TestMutationUpdateContact/Update_update_phone_number,_using_api_token" time="0.010000"></testcase>
		<testcase classname="github.com/theopenlane/core/internal/graphapi" name="TestMutationUpdateContact/Update_update_status,_using_personal_access_token" time="0.010000"></testcase>
		<testcase classname="github.com/theopenlane/core/internal/graphapi" name="TestMutationUpdateContact/Update_update_email" time="0.000000"></testcase>
		<testcase classname="github.com/theopenlane/core/internal/graphapi" name="TestMutationUpdateContact/Update_update_phone_number,_invalid" time="0.010000"></testcase>
		<testcase classname="github.com/theopenlane/core/internal/graphapi" name="TestMutationUpdateContact/Update_update_email,_invalid" time="0.010000"></testcase>
		<testcase classname="github.com/theopenlane/core/internal/graphapi" name="TestMutationUpdateContact/Update_update_title" time="0.010000"></testcase>
		<testcase classname="github.com/theopenlane/core/internal/graphapi" name="TestMutationUpdateContact/Update_update_company" time="0.010000"></testcase>
		<testcase classname="github.com/theopenlane/core/internal/graphapi" name="TestMutationUpdateContact" time="0.070000"></testcase>
		<testcase classname="github.com/theopenlane/core/internal/graphapi" name="TestMutationDeleteContact/Delete_not_allowed_to_delete,_not_enough_permissions" time="0.010000"></testcase>
		<testcase classname="github.com/theopenlane/core/internal/graphapi" name="TestMutationDeleteContact/Delete_not_allowed_to_delete,_no_access_to_object" time="0.000000"></testcase>
		<testcase classname="github.com/theopenlane/core/internal/graphapi" name="TestMutationDeleteContact/Delete_happy_path,_delete_contact" time="0.020000"></testcase>
		<testcase classname="github.com/theopenlane/core/internal/graphapi" name="TestMutationDeleteContact/Delete_contact_already_deleted,_not_found" time="0.000000"></testcase>
		<testcase classname="github.com/theopenlane/core/internal/graphapi" name="TestMutationDeleteContact/Delete_happy_path,_delete_contact_using_api_token" time="0.010000"></testcase>
		<testcase classname="github.com/theopenlane/core/internal/graphapi" name="TestMutationDeleteContact/Delete_happy_path,_delete_contact_using_pat" time="0.010000"></testcase>
		<testcase classname="github.com/theopenlane/core/internal/graphapi" name="TestMutationDeleteContact/Delete_unknown_contact,_not_found" time="0.000000"></testcase>
		<testcase classname="github.com/theopenlane/core/internal/graphapi" name="TestMutationDeleteContact" time="0.060000"></testcase>
		<testcase classname="github.com/theopenlane/core/internal/graphapi" name="TestMutationUpdateBulkContact/Bulk_Update_happy_path,_clear_tags_on_multiple_contacts" time="0.010000"></testcase>
		<testcase classname="github.com/theopenlane/core/internal/graphapi" name="TestMutationUpdateBulkContact/Bulk_Update_empty_ids_array" time="0.000000"></testcase>
		<testcase classname="github.com/theopenlane/core/internal/graphapi" name="TestMutationUpdateBulkContact/Bulk_Update_mixed_success_and_failure_-_some_contacts_not_authorized" time="0.010000"></testcase>
		<testcase classname="github.com/theopenlane/core/internal/graphapi" name="TestMutationUpdateBulkContact/Bulk_Update_update_not_allowed,_view_only_user" time="0.010000"></testcase>
		<testcase classname="github.com/theopenlane/core/internal/graphapi" name="TestMutationUpdateBulkContact/Bulk_Update_update_not_allowed,_no_permissions_to_contacts" time="0.000000"></testcase>
		<testcase classname="github.com/theopenlane/core/internal/graphapi" name="TestMutationUpdateBulkContact/Bulk_Update_update_status_on_multiple_contacts" time="0.020000"></testcase>
		<testcase classname="github.com/theopenlane/core/internal/graphapi" name="TestMutationUpdateBulkContact/Bulk_Update_update_company_on_multiple_contacts" time="0.020000"></testcase>
		<testcase classname="github.com/theopenlane/core/internal/graphapi" name="TestMutationUpdateBulkContact" time="0.090000"></testcase>
		<testcase classname="github.com/theopenlane/core/internal/graphapi" name="TestQueryControl/Get_happy_path" time="0.060000"></testcase>
		<testcase classname="github.com/theopenlane/core/internal/graphapi" name="TestQueryControl/Get_read_only_user,_inherits_access_from_the_organization" time="0.070000"></testcase>
		<testcase classname="github.com/theopenlane/core/internal/graphapi" name="TestQueryControl/Get_admin_user,_access_to_the_program" time="0.040000"></testcase>
		<testcase classname="github.com/theopenlane/core/internal/graphapi" name="TestQueryControl/Get_happy_path_using_personal_access_token" time="0.060000"></testcase>
		<testcase classname="github.com/theopenlane/core/internal/graphapi" name="TestQueryControl/Get_control_not_found,_invalid_ID" time="0.000000"></testcase>
		<testcase classname="github.com/theopenlane/core/internal/graphapi" name="TestQueryControl/Get_control_not_found,_using_not_authorized_user" time="0.040000"></testcase>
		<testcase classname="github.com/theopenlane/core/internal/graphapi" name="TestQueryControl/Get_no_access,_anonymous_user" time="0.030000"></testcase>
		<testcase classname="github.com/theopenlane/core/internal/graphapi" name="TestQueryControl" time="0.390000"></testcase>
		<testcase classname="github.com/theopenlane/core/internal/graphapi" name="TestQueryControls/List_happy_path" time="0.020000"></testcase>
		<testcase classname="github.com/theopenlane/core/internal/graphapi" name="TestQueryControls/List_happy_path,_admin_user" time="0.020000"></testcase>
		<testcase classname="github.com/theopenlane/core/internal/graphapi" name="TestQueryControls/List_happy_path,_with_first_set" time="0.020000"></testcase>
		<testcase classname="github.com/theopenlane/core/internal/graphapi" name="TestQueryControls/List_happy_path,_with_last_set" time="0.020000"></testcase>
		<testcase classname="github.com/theopenlane/core/internal/graphapi" name="TestQueryControls/List_first_set_over_max_(10_in_test)" time="0.020000"></testcase>
		<testcase classname="github.com/theopenlane/core/internal/graphapi" name="TestQueryControls/List_last_set_over_max_(10_in_test)" time="0.020000"></testcase>
		<testcase classname="github.com/theopenlane/core/internal/graphapi" name="TestQueryControls/List_happy_path,_using_read_only_user_of_the_same_org_should_inherit_access_from_the_org" time="0.030000"></testcase>
		<testcase classname="github.com/theopenlane/core/internal/graphapi" name="TestQueryControls/List_happy_path,_with_api_token" time="0.020000"></testcase>
		<testcase classname="github.com/theopenlane/core/internal/graphapi" name="TestQueryControls/List_happy_path,_using_pat" time="0.020000"></testcase>
		<testcase classname="github.com/theopenlane/core/internal/graphapi" name="TestQueryControls/List_another_user,_no_controls_should_be_returned" time="0.010000"></testcase>
		<testcase classname="github.com/theopenlane/core/internal/graphapi" name="TestQueryControls" time="0.580000"></testcase>
		<testcase classname="github.com/theopenlane/core/internal/graphapi" name="TestQueryControlsMultipleOrgCheck/List_happy_path" time="0.020000"></testcase>
		<testcase classname="github.com/theopenlane/core/internal/graphapi" name="TestQueryControlsMultipleOrgCheck/List_happy_path#01" time="0.020000"></testcase>
		<testcase classname="github.com/theopenlane/core/internal/graphapi" name="TestQueryControlsMultipleOrgCheck" time="0.360000"></testcase>
		<testcase classname="github.com/theopenlane/core/internal/graphapi" name="TestMutationCreateControl/Create_happy_path,_minimal_input" time="0.030000"></testcase>
		<testcase classname="github.com/theopenlane/core/internal/graphapi" name="TestMutationCreateControl/Create_happy_path,_all_input" time="0.070000"></testcase>
		<testcase classname="github.com/theopenlane/core/internal/graphapi" name="TestMutationCreateControl/Create_add_groups" time="0.050000"></testcase>
		<testcase classname="github.com/theopenlane/core/internal/graphapi" name="TestMutationCreateControl/Create_happy_path,_using_pat" time="0.040000"></testcase>
		<testcase classname="github.com/theopenlane/core/internal/graphapi" name="TestMutationCreateControl/Create_using_api_token" time="0.060000"></testcase>
		<testcase classname="github.com/theopenlane/core/internal/graphapi" name="TestMutationCreateControl/Create_user_not_authorized,_not_enough_permissions" time="0.010000"></testcase>
		<testcase classname="github.com/theopenlane/core/internal/graphapi" name="TestMutationCreateControl/Create_user_authorized,_they_were_added_to_the_program" time="0.040000"></testcase>
		<testcase classname="github.com/theopenlane/core/internal/graphapi" name="TestMutationCreateControl/Create_user_authorized,_user_not_authorized_to_one_of_the_programs" time="0.000000"></testcase>
		<testcase classname="github.com/theopenlane/core/internal/graphapi" name="TestMutationCreateControl/Create_missing_required_ref_code" time="0.000000"></testcase>
		<testcase classname="github.com/theopenlane/core/internal/graphapi" name="TestMutationCreateControl/Create_user_not_authorized,_no_permissions_to_one_of_the_programs" time="0.000000"></testcase>
		<testcase classname="github.com/theopenlane/core/internal/graphapi" name="TestMutationCreateControl" time="0.520000"></testcase>
		<testcase classname="github.com/theopenlane/core/internal/graphapi" name="TestMutationCreateControlsByClone/Create_happy_path,_all_controls_under_standard_using_standard_id" time="0.780000"></testcase>
		<testcase classname="github.com/theopenlane/core/internal/graphapi" name="TestMutationCreateControlsByClone/Create_happy_path,_all_controls_under_standard_using_standard_id_and_program_set" time="0.970000"></testcase>
		<testcase classname="github.com/theopenlane/core/internal/graphapi" name="TestMutationCreateControlsByClone/Create_happy_path,_all_controls_under_standard" time="0.660000"></testcase>
		<testcase classname="github.com/theopenlane/core/internal/graphapi" name="TestMutationCreateControlsByClone/Create_happy_path,_clone_single_control,_should__be_a_no-op._because_the_control_already_exists" time="0.040000"></testcase>
		<testcase classname="github.com/theopenlane/core/internal/graphapi" name="TestMutationCreateControlsByClone/Create_happy_path,_all_controls_under_standard_with_program" time="0.830000"></testcase>
		<testcase classname="github.com/theopenlane/core/internal/graphapi" name="TestMutationCreateControlsByClone/Create_all_controls_under_standard_with_program_no_access" time="0.040000"></testcase>
		<testcase classname="github.com/theopenlane/core/internal/graphapi" name="TestMutationCreateControlsByClone/Create_happy_path,_clone_control_under_org" time="0.030000"></testcase>
		<testcase classname="github.com/theopenlane/core/internal/graphapi" name="TestMutationCreateControlsByClone/Create_happy_path,_clone_control_under_org_with_program" time="0.040000"></testcase>
		<testcase classname="github.com/theopenlane/core/internal/graphapi" name="TestMutationCreateControlsByClone/Create_happy_path,_clone_single_control_using_personal_access_token" time="0.050000"></testcase>
		<testcase classname="github.com/theopenlane/core/internal/graphapi" name="TestMutationCreateControlsByClone/Create_happy_path,_clone_single_control_using_api_token" time="0.070000"></testcase>
		<testcase classname="github.com/theopenlane/core/internal/graphapi" name="TestMutationCreateControlsByClone/Create_clone_control_under_org,_no_access_to_control" time="0.000000"></testcase>
		<testcase classname="github.com/theopenlane/core/internal/graphapi" name="TestMutationCreateControlsByClone/Create_clone_control_under_org,_empty_request" time="0.000000"></testcase>
		<testcase classname="github.com/theopenlane/core/internal/graphapi" name="TestMutationCreateControlsByClone" time="5.110000"></testcase>
		<testcase classname="github.com/theopenlane/core/internal/graphapi" name="TestMutationCreateControlsByCloneCSV/Create_happy_path,_clone_controls_from_csv" time="0.120000"></testcase>
		<testcase classname="github.com/theopenlane/core/internal/graphapi" name="TestMutationCreateControlsByCloneCSV/Create_update_existing_controls,_no_new_controls_cloned" time="0.170000"></testcase>
		<testcase classname="github.com/theopenlane/core/internal/graphapi" name="TestMutationCreateControlsByCloneCSV/Create_controls_missing_from_system,_no_controls_cloned" time="0.010000"></testcase>
		<testcase classname="github.com/theopenlane/core/internal/graphapi" name="TestMutationCreateControlsByCloneCSV" time="0.370000"></testcase>
		<testcase classname="github.com/theopenlane/core/internal/graphapi" name="TestMutationCreateControlsByCloneWithFilter/Create_By_Clone_With_Filter_happy_path,_filter_by_ref_codes" time="0.110000"></testcase>
		<testcase classname="github.com/theopenlane/core/internal/graphapi" name="TestMutationCreateControlsByCloneWithFilter/Create_By_Clone_With_Filter_happy_path,_filter_by_ref_codes_and_aliases" time="0.090000"></testcase>
		<testcase classname="github.com/theopenlane/core/internal/graphapi" name="TestMutationCreateControlsByCloneWithFilter/Create_By_Clone_With_Filter_happy_path,_filter_by_aliases" time="0.080000"></testcase>
		<testcase classname="github.com/theopenlane/core/internal/graphapi" name="TestMutationCreateControlsByCloneWithFilter/Create_By_Clone_With_Filter_happy_path,_filter_by_categories" time="0.110000"></testcase>
		<testcase classname="github.com/theopenlane/core/internal/graphapi" name="TestMutationCreateControlsByCloneWithFilter" time="0.710000"></testcase>
		<testcase classname="github.com/theopenlane/core/internal/graphapi" name="TestMutationUpdateFrameworkControl/Update_framework_based_controlhappy_path,_update_allowed_fields" time="0.060000"></testcase>
		<testcase classname="github.com/theopenlane/core/internal/graphapi" name="TestMutationUpdateFrameworkControl/Update_framework_based_controlfail,_unable_to_update_ref_code" time="0.010000"></testcase>
		<testcase classname="github.com/theopenlane/core/internal/graphapi" name="TestMutationUpdateFrameworkControl/Update_framework_based_controlfail,_unable_to_update_description" time="0.000000"></testcase>
		<testcase classname="github.com/theopenlane/core/internal/graphapi" name="TestMutationUpdateFrameworkControl/Update_framework_based_controlfail,_unable_to_update_title" time="0.000000"></testcase>
		<testcase classname="github.com/theopenlane/core/internal/graphapi" name="TestMutationUpdateFrameworkControl/Update_framework_based_controlfail,_unable_to_update_source" time="0.010000"></testcase>
		<testcase classname="github.com/theopenlane/core/internal/graphapi" name="TestMutationUpdateFrameworkControl" time="0.140000"></testcase>
		<testcase classname="github.com/theopenlane/core/internal/graphapi" name="TestMutationUpdateControl/Update_happy_path,_update_field" time="0.100000"></testcase>
		<testcase classname="github.com/theopenlane/core/internal/graphapi" name="TestMutationUpdateControl/Update_happy_path,_update_multiple_fields" time="0.080000"></testcase>
		<testcase classname="github.com/theopenlane/core/internal/graphapi" name="TestMutationUpdateControl/Update_happy_path,_remove_some_things" time="0.040000"></testcase>
		<testcase classname="github.com/theopenlane/core/internal/graphapi" name="TestMutationUpdateControl/Update_update_ref_code_to_empty" time="0.020000"></testcase>
		<testcase classname="github.com/theopenlane/core/internal/graphapi" name="TestMutationUpdateControl/Update_update_not_allowed,_not_permissions_in_same_org" time="0.020000"></testcase>
		<testcase classname="github.com/theopenlane/core/internal/graphapi" name="TestMutationUpdateControl/Update_update_allowed,_user_added_to_one_of_the_programs" time="0.070000"></testcase>
		<testcase classname="github.com/theopenlane/core/internal/graphapi" name="TestMutationUpdateControl/Update_update_not_allowed,_no_permissions" time="0.000000"></testcase>
		<testcase classname="github.com/theopenlane/core/internal/graphapi" name="TestMutationUpdateControl" time="0.890000"></testcase>
		<testcase classname="github.com/theopenlane/core/internal/graphapi" name="TestMutationDeleteControl/Delete_not_authorized,_delete" time="0.000000"></testcase>
		<testcase classname="github.com/theopenlane/core/internal/graphapi" name="TestMutationDeleteControl/Delete_not_authorized,_delete_system_owned_control" time="0.010000"></testcase>
		<testcase classname="github.com/theopenlane/core/internal/graphapi" name="TestMutationDeleteControl/Delete_happy_path,_delete" time="0.020000"></testcase>
		<testcase classname="github.com/theopenlane/core/internal/graphapi" name="TestMutationDeleteControl/Delete_already_deleted,_not_found" time="0.000000"></testcase>
		<testcase classname="github.com/theopenlane/core/internal/graphapi" name="TestMutationDeleteControl/Delete_happy_path,_delete_using_personal_access_token" time="0.040000"></testcase>
		<testcase classname="github.com/theopenlane/core/internal/graphapi" name="TestMutationDeleteControl/Delete_happy_path,_delete_system_owned_control" time="0.010000"></testcase>
		<testcase classname="github.com/theopenlane/core/internal/graphapi" name="TestMutationDeleteControl/Delete_unknown_id,_not_found" time="0.000000"></testcase>
		<testcase classname="github.com/theopenlane/core/internal/graphapi" name="TestMutationDeleteControl" time="0.100000"></testcase>
		<testcase classname="github.com/theopenlane/core/internal/graphapi" name="TestQueryControlCategories/Query_Control_happy_path,_get_control_categories" time="0.000000"></testcase>
		<testcase classname="github.com/theopenlane/core/internal/graphapi" name="TestQueryControlCategories/Query_Control_no_controls,_no_results" time="0.000000"></testcase>
		<testcase classname="github.com/theopenlane/core/internal/graphapi" name="TestQueryControlCategories" time="0.460000"></testcase>
		<testcase classname="github.com/theopenlane/core/internal/graphapi" name="TestQueryControlSubcategories/Query_Control_Subcategories_happy_path,_get_control_subcategories" time="0.000000"></testcase>
		<testcase classname="github.com/theopenlane/core/internal/graphapi" name="TestQueryControlSubcategories/Query_Control_Subcategories_no_controls,_no_results" time="0.000000"></testcase>
		<testcase classname="github.com/theopenlane/core/internal/graphapi" name="TestQueryControlSubcategories" time="0.090000"></testcase>
		<testcase classname="github.com/theopenlane/core/internal/graphapi" name="TestQueryControlCategoriesByFramework/Get_Categories_happy_path,_get_control_categories" time="0.010000"></testcase>
		<testcase classname="github.com/theopenlane/core/internal/graphapi" name="TestQueryControlCategoriesByFramework/Get_Categories_filter_by_standard,_two_results_expected" time="0.000000"></testcase>
		<testcase classname="github.com/theopenlane/core/internal/graphapi" name="TestQueryControlCategoriesByFramework/Get_Categories_no_controls,_no_results" time="0.000000"></testcase>
		<testcase classname="github.com/theopenlane/core/internal/graphapi" name="TestQueryControlCategoriesByFramework" time="0.510000"></testcase>
		<testcase classname="github.com/theopenlane/core/internal/graphapi" name="TestQueryControlSubcategoriesByFramework/Get_Subcategories_happy_path,_get_control_subcategories" time="0.000000"></testcase>
		<testcase classname="github.com/theopenlane/core/internal/graphapi" name="TestQueryControlSubcategoriesByFramework/Get_Subcategories_filter_by_standard,_one_result_expected" time="0.000000"></testcase>
		<testcase classname="github.com/theopenlane/core/internal/graphapi" name="TestQueryControlSubcategoriesByFramework/Get_Subcategories_no_controls,_no_results" time="0.010000"></testcase>
		<testcase classname="github.com/theopenlane/core/internal/graphapi" name="TestQueryControlSubcategoriesByFramework" time="0.480000"></testcase>
		<testcase classname="github.com/theopenlane/core/internal/graphapi" name="TestQueryControlGroupsByCategory/Get_Controls_By_Categories_happy_path,_get_control_categories" time="0.010000"></testcase>
		<testcase classname="github.com/theopenlane/core/internal/graphapi" name="TestQueryControlGroupsByCategory/Get_Controls_By_Categories_happy_path,_get_control_categories#01" time="0.020000"></testcase>
		<testcase classname="github.com/theopenlane/core/internal/graphapi" name="TestQueryControlGroupsByCategory/Get_Controls_By_Categories_happy_path,_get_control_categories#02" time="0.000000"></testcase>
		<testcase classname="github.com/theopenlane/core/internal/graphapi" name="TestQueryControlGroupsByCategory/Get_Controls_By_Categories_happy_path,_get_control_for_specific_category" time="0.000000"></testcase>
		<testcase classname="github.com/theopenlane/core/internal/graphapi" name="TestQueryControlGroupsByCategory/Get_Controls_By_Categories_happy_path,_get_next_result_for_specific_category" time="0.000000"></testcase>
		<testcase classname="github.com/theopenlane/core/internal/graphapi" name="TestQueryControlGroupsByCategory/Get_Controls_By_Categories_happy_path,_get_next_result_for_specific_category,_no_more_results" time="0.010000"></testcase>
		<testcase classname="github.com/theopenlane/core/internal/graphapi" name="TestQueryControlGroupsByCategory/Get_Controls_By_Categories_filter_by_standard,_two_results_expected" time="0.010000"></testcase>
		<testcase classname="github.com/theopenlane/core/internal/graphapi" name="TestQueryControlGroupsByCategory/Get_Controls_By_Categories_happy_path,_get_controls_in_No_Category" time="0.010000"></testcase>
		<testcase classname="github.com/theopenlane/core/internal/graphapi" name="TestQueryControlGroupsByCategory/Get_Controls_By_Categories_no_controls,_no_results" time="0.010000"></testcase>
		<testcase classname="github.com/theopenlane/core/internal/graphapi" name="TestQueryControlGroupsByCategory" time="0.420000"></testcase>
		<testcase classname="github.com/theopenlane/core/internal/graphapi" name="TestMutationUpdateBulkControl/Bulk_Update_happy_path,_update_status_on_multiple_controls" time="0.070000"></testcase>
		<testcase classname="github.com/theopenlane/core/internal/graphapi" name="TestMutationUpdateBulkControl/Bulk_Update_happy_path,_clear_operations_and_editor_permissions" time="0.140000"></testcase>
		<testcase classname="github.com/theopenlane/core/internal/graphapi" name="TestMutationUpdateBulkControl/Bulk_Update_empty_ids_array" time="0.000000"></testcase>
		<testcase classname="github.com/theopenlane/core/internal/graphapi" name="TestMutationUpdateBulkControl/Bulk_Update_mixed_success_and_failure_-_some_controls_not_authorized" time="0.030000"></testcase>
		<testcase classname="github.com/theopenlane/core/internal/graphapi" name="TestMutationUpdateBulkControl/Bulk_Update_update_allowed,_user_added_to_one_of_the_programs" time="0.080000"></testcase>
		<testcase classname="github.com/theopenlane/core/internal/graphapi" name="TestMutationUpdateBulkControl/Bulk_Update_update_not_allowed,_no_permissions_to_controls" time="0.000000"></testcase>
		<testcase classname="github.com/theopenlane/core/internal/graphapi" name="TestMutationUpdateBulkControl/Bulk_Update_update_control_type_and_category_on_multiple_controls" time="0.100000"></testcase>
		<testcase classname="github.com/theopenlane/core/internal/graphapi" name="TestMutationUpdateBulkControl/Bulk_Update_add_programs_and_control_implementations_to_multiple_controls" time="0.080000"></testcase>
		<testcase classname="github.com/theopenlane/core/internal/graphapi" name="TestMutationUpdateBulkControl" time="1.200000"></testcase>
		<testcase classname="github.com/theopenlane/core/internal/graphapi" name="TestQueryControlImplementation/Get_happy_path" time="0.010000"></testcase>
		<testcase classname="github.com/theopenlane/core/internal/graphapi" name="TestQueryControlImplementation/Get_happy_path,_controlImplementation_with_associated_controls" time="0.010000"></testcase>
		<testcase classname="github.com/theopenlane/core/internal/graphapi" name="TestQueryControlImplementation/Get_controlImplementation_with_associated_controls,_but_no_access" time="0.000000"></testcase>
		<testcase classname="github.com/theopenlane/core/internal/graphapi" name="TestQueryControlImplementation/Get_happy_path,_controlImplementation_with_associated_controls_and_subcontrols" time="0.020000"></testcase>
		<testcase classname="github.com/theopenlane/core/internal/graphapi" name="TestQueryControlImplementation/Get_controlImplementation_with_associated_controls,_but_no_access#01" time="0.000000"></testcase>
		<testcase classname="github.com/theopenlane/core/internal/graphapi" name="TestQueryControlImplementation/Get_happy_path,_read_only_user,_no_access_to_control_or_controlImplementation" time="0.010000"></testcase>
		<testcase classname="github.com/theopenlane/core/internal/graphapi" name="TestQueryControlImplementation/Get_happy_path,_controlImplementation_with_associated_controls_and_group_viewer_by_org_owner" time="0.010000"></testcase>
		<testcase classname="github.com/theopenlane/core/internal/graphapi" name="TestQueryControlImplementation/Get_happy_path,_controlImplementation_with_associated_controls_and_group_viewer_by_view_only_user" time="0.020000"></testcase>
		<testcase classname="github.com/theopenlane/core/internal/graphapi" name="TestQueryControlImplementation/Get_happy_path_using_personal_access_token" time="0.020000"></testcase>
		<testcase classname="github.com/theopenlane/core/internal/graphapi" name="TestQueryControlImplementation/Get_controlImplementation_not_found,_invalid_ID" time="0.000000"></testcase>
		<testcase classname="github.com/theopenlane/core/internal/graphapi" name="TestQueryControlImplementation/Get_controlImplementation_not_found,_using_not_authorized_user" time="0.000000"></testcase>
		<testcase classname="github.com/theopenlane/core/internal/graphapi" name="TestQueryControlImplementation" time="0.280000"></testcase>
		<testcase classname="github.com/theopenlane/core/internal/graphapi" name="TestQueryControlImplementations/List_happy_path" time="0.030000"></testcase>
		<testcase classname="github.com/theopenlane/core/internal/graphapi" name="TestQueryControlImplementations/List_happy_path,_using_read_only_user_of_the_same_org" time="0.040000"></testcase>
		<testcase classname="github.com/theopenlane/core/internal/graphapi" name="TestQueryControlImplementations/List_happy_path,_using_api_token" time="0.040000"></testcase>
		<testcase classname="github.com/theopenlane/core/internal/graphapi" name="TestQueryControlImplementations/List_happy_path,_using_pat" time="0.030000"></testcase>
		<testcase classname="github.com/theopenlane/core/internal/graphapi" name="TestQueryControlImplementations/List_another_user,_no_controlImplementations_should_be_returned" time="0.010000"></testcase>
		<testcase classname="github.com/theopenlane/core/internal/graphapi" name="TestQueryControlImplementations" time="0.890000"></testcase>
		<testcase classname="github.com/theopenlane/core/internal/graphapi" name="TestMutationCreateControlImplementation/Create_happy_path,_minimal_input" time="0.050000"></testcase>
		<testcase classname="github.com/theopenlane/core/internal/graphapi" name="TestMutationCreateControlImplementation/Create_happy_path,_all_input" time="0.050000"></testcase>
		<testcase classname="github.com/theopenlane/core/internal/graphapi" name="TestMutationCreateControlImplementation/Create_happy_path,_using_pat" time="0.040000"></testcase>
		<testcase classname="github.com/theopenlane/core/internal/graphapi" name="TestMutationCreateControlImplementation/Create_happy_path,_using_api_token" time="0.040000"></testcase>
		<testcase classname="github.com/theopenlane/core/internal/graphapi" name="TestMutationCreateControlImplementation/Create_user_not_authorized,_not_enough_permissions" time="0.000000"></testcase>
		<testcase classname="github.com/theopenlane/core/internal/graphapi" name="TestMutationCreateControlImplementation/Create_user_authorized_because_they_have_editor_permissions_to_all_the_parent_control" time="0.060000"></testcase>
		<testcase classname="github.com/theopenlane/core/internal/graphapi" name="TestMutationCreateControlImplementation/Create_user_not_authorized,_not_enough_permissions_to_one_of_the_parent_controls" time="0.000000"></testcase>
		<testcase classname="github.com/theopenlane/core/internal/graphapi" name="TestMutationCreateControlImplementation/Create_no_access_to_linked_control" time="0.000000"></testcase>
		<testcase classname="github.com/theopenlane/core/internal/graphapi" name="TestMutationCreateControlImplementation" time="0.410000"></testcase>
		<testcase classname="github.com/theopenlane/core/internal/graphapi" name="TestMutationUpdateControlImplementation/Update_happy_path,_update_field" time="0.020000"></testcase>
		<testcase classname="github.com/theopenlane/core/internal/graphapi" name="TestMutationUpdateControlImplementation/Update_happy_path,_update_multiple_fields" time="0.070000"></testcase>
		<testcase classname="github.com/theopenlane/core/internal/graphapi" name="TestMutationUpdateControlImplementation/Update_happy_path,_update_verification_date" time="0.050000"></testcase>
		<testcase classname="github.com/theopenlane/core/internal/graphapi" name="TestMutationUpdateControlImplementation/Update_allowed_because_previous_request_added_control_IDs_the_user_has_access_to_" time="0.070000"></testcase>
		<testcase classname="github.com/theopenlane/core/internal/graphapi" name="TestMutationUpdateControlImplementation/Update_happy_path_remove_control_IDs" time="0.090000"></testcase>
		<testcase classname="github.com/theopenlane/core/internal/graphapi" name="TestMutationUpdateControlImplementation/Update_no_longer_allowed_because_previous_request_removed_control_IDs_the_user_has_access_to_" time="0.060000"></testcase>
		<testcase classname="github.com/theopenlane/core/internal/graphapi" name="TestMutationUpdateControlImplementation/Update_update_not_allowed,_not_enough_permissions,_not_found" time="0.000000"></testcase>
		<testcase classname="github.com/theopenlane/core/internal/graphapi" name="TestMutationUpdateControlImplementation/Update_happy_path,_add_control_IDs" time="0.030000"></testcase>
		<testcase classname="github.com/theopenlane/core/internal/graphapi" name="TestMutationUpdateControlImplementation/Update_update_still_not_allowed,_not_enough_permissions,_no_edit_permissions_to_control_either" time="0.020000"></testcase>
		<testcase classname="github.com/theopenlane/core/internal/graphapi" name="TestMutationUpdateControlImplementation/Update_update_not_allowed,_no_permissions" time="0.000000"></testcase>
		<testcase classname="github.com/theopenlane/core/internal/graphapi" name="TestMutationUpdateControlImplementation" time="0.620000"></testcase>
		<testcase classname="github.com/theopenlane/core/internal/graphapi" name="TestMutationDeleteControlImplementation/Delete_not_authorized,_delete" time="0.000000"></testcase>
		<testcase classname="github.com/theopenlane/core/internal/graphapi" name="TestMutationDeleteControlImplementation/Delete_happy_path,_delete" time="0.020000"></testcase>
		<testcase classname="github.com/theopenlane/core/internal/graphapi" name="TestMutationDeleteControlImplementation/Delete_already_deleted,_not_found" time="0.000000"></testcase>
		<testcase classname="github.com/theopenlane/core/internal/graphapi" name="TestMutationDeleteControlImplementation/Delete_happy_path,_delete_using_personal_access_token" time="0.020000"></testcase>
		<testcase classname="github.com/theopenlane/core/internal/graphapi" name="TestMutationDeleteControlImplementation/Delete_unknown_id,_not_found" time="0.000000"></testcase>
		<testcase classname="github.com/theopenlane/core/internal/graphapi" name="TestMutationDeleteControlImplementation" time="0.060000"></testcase>
		<testcase classname="github.com/theopenlane/core/internal/graphapi" name="TestQueryControlObjective/Get_happy_path" time="0.050000"></testcase>
		<testcase classname="github.com/theopenlane/core/internal/graphapi" name="TestQueryControlObjective/Get_read_only_user,_same_org,_no_access_to_the_program" time="0.050000"></testcase>
		<testcase classname="github.com/theopenlane/core/internal/graphapi" name="TestQueryControlObjective/Get_admin_user,_access_to_the_program" time="0.050000"></testcase>
		<testcase classname="github.com/theopenlane/core/internal/graphapi" name="TestQueryControlObjective/Get_happy_path_using_personal_access_token" time="0.050000"></testcase>
		<testcase classname="github.com/theopenlane/core/internal/graphapi" name="TestQueryControlObjective/Get_control_objective_not_found,_invalid_ID" time="0.000000"></testcase>
		<testcase classname="github.com/theopenlane/core/internal/graphapi" name="TestQueryControlObjective/Get_control_objective_not_found,_using_not_authorized_user" time="0.030000"></testcase>
		<testcase classname="github.com/theopenlane/core/internal/graphapi" name="TestQueryControlObjective/Get_no_access,_anonymous_user" time="0.040000"></testcase>
		<testcase classname="github.com/theopenlane/core/internal/graphapi" name="TestQueryControlObjective" time="0.380000"></testcase>
		<testcase classname="github.com/theopenlane/core/internal/graphapi" name="TestQueryControlObjectives/List_happy_path" time="0.020000"></testcase>
		<testcase classname="github.com/theopenlane/core/internal/graphapi" name="TestQueryControlObjectives/List_happy_path,_using_read_only_user_of_the_same_org,_no_programs_or_groups_associated" time="0.010000"></testcase>
		<testcase classname="github.com/theopenlane/core/internal/graphapi" name="TestQueryControlObjectives/List_happy_path,_no_access_to_the_program_or_group" time="0.020000"></testcase>
		<testcase classname="github.com/theopenlane/core/internal/graphapi" name="TestQueryControlObjectives/List_happy_path,_using_pat" time="0.020000"></testcase>
		<testcase classname="github.com/theopenlane/core/internal/graphapi" name="TestQueryControlObjectives/List_another_user,_no_control_objectives_should_be_returned" time="0.000000"></testcase>
		<testcase classname="github.com/theopenlane/core/internal/graphapi" name="TestQueryControlObjectives" time="0.320000"></testcase>
		<testcase classname="github.com/theopenlane/core/internal/graphapi" name="TestMutationCreateControlObjective/Create_happy_path,_minimal_input" time="0.040000"></testcase>
		<testcase classname="github.com/theopenlane/core/internal/graphapi" name="TestMutationCreateControlObjective/Create_happy_path,_all_input" time="0.050000"></testcase>
		<testcase classname="github.com/theopenlane/core/internal/graphapi" name="TestMutationCreateControlObjective/Create_add_groups" time="0.070000"></testcase>
		<testcase classname="github.com/theopenlane/core/internal/graphapi" name="TestMutationCreateControlObjective/Create_happy_path,_using_pat" time="0.040000"></testcase>
		<testcase classname="github.com/theopenlane/core/internal/graphapi" name="TestMutationCreateControlObjective/Create_using_api_token" time="0.060000"></testcase>
		<testcase classname="github.com/theopenlane/core/internal/graphapi" name="TestMutationCreateControlObjective/Create_user_not_authorized,_not_enough_permissions" time="0.000000"></testcase>
		<testcase classname="github.com/theopenlane/core/internal/graphapi" name="TestMutationCreateControlObjective/Create_user_now_authorized,_added_to_group_with_creator_permissions" time="0.120000"></testcase>
		<testcase classname="github.com/theopenlane/core/internal/graphapi" name="TestMutationCreateControlObjective/Create_user_authorized,_they_were_added_to_the_program" time="0.040000"></testcase>
		<testcase classname="github.com/theopenlane/core/internal/graphapi" name="TestMutationCreateControlObjective/Create_user_not_authorized,_user_not_authorized_to_one_of_the_programs" time="0.010000"></testcase>
		<testcase classname="github.com/theopenlane/core/internal/graphapi" name="TestMutationCreateControlObjective/Create_missing_required_name" time="0.000000"></testcase>
		<testcase classname="github.com/theopenlane/core/internal/graphapi" name="TestMutationCreateControlObjective/Create_user_not_authorized,_no_permissions_to_one_of_the_programs" time="0.010000"></testcase>
		<testcase classname="github.com/theopenlane/core/internal/graphapi" name="TestMutationCreateControlObjective" time="0.780000"></testcase>
		<testcase classname="github.com/theopenlane/core/internal/graphapi" name="TestMutationUpdateControlObjective/Update_happy_path,_update_field" time="0.050000"></testcase>
		<testcase classname="github.com/theopenlane/core/internal/graphapi" name="TestMutationUpdateControlObjective/Update_happy_path,_update_multiple_fields" time="0.040000"></testcase>
		<testcase classname="github.com/theopenlane/core/internal/graphapi" name="TestMutationUpdateControlObjective/Update_happy_path,_revision_bump" time="0.020000"></testcase>
		<testcase classname="github.com/theopenlane/core/internal/graphapi" name="TestMutationUpdateControlObjective/Update_invalid_revision" time="0.010000"></testcase>
		<testcase classname="github.com/theopenlane/core/internal/graphapi" name="TestMutationUpdateControlObjective/Update_update_not_allowed,_not_permissions_in_same_org" time="0.010000"></testcase>
		<testcase classname="github.com/theopenlane/core/internal/graphapi" name="TestMutationUpdateControlObjective/Update_update_not_allowed,_no_permissions" time="0.010000"></testcase>
		<testcase classname="github.com/theopenlane/core/internal/graphapi" name="TestMutationUpdateControlObjective" time="0.520000"></testcase>
		<testcase classname="github.com/theopenlane/core/internal/graphapi" name="TestMutationDeleteControlObjective/Delete_not_authorized,_delete" time="0.000000"></testcase>
		<testcase classname="github.com/theopenlane/core/internal/graphapi" name="TestMutationDeleteControlObjective/Delete_happy_path,_delete" time="0.030000"></testcase>
		<testcase classname="github.com/theopenlane/core/internal/graphapi" name="TestMutationDeleteControlObjective/Delete_already_deleted,_not_found" time="0.000000"></testcase>
		<testcase classname="github.com/theopenlane/core/internal/graphapi" name="TestMutationDeleteControlObjective/Delete_happy_path,_delete_using_personal_access_token" time="0.010000"></testcase>
		<testcase classname="github.com/theopenlane/core/internal/graphapi" name="TestMutationDeleteControlObjective/Delete_unknown_id,_not_found" time="0.000000"></testcase>
		<testcase classname="github.com/theopenlane/core/internal/graphapi" name="TestMutationDeleteControlObjective" time="0.070000"></testcase>
		<testcase classname="github.com/theopenlane/core/internal/graphapi" name="TestQueryCustomDomainByID/Get_happy_path" time="0.010000"></testcase>
		<testcase classname="github.com/theopenlane/core/internal/graphapi" name="TestQueryCustomDomainByID/Get_happy_path,_view_only_user" time="0.020000"></testcase>
		<testcase classname="github.com/theopenlane/core/internal/graphapi" name="TestQueryCustomDomainByID/Get_domain_not_found" time="0.000000"></testcase>
		<testcase classname="github.com/theopenlane/core/internal/graphapi" name="TestQueryCustomDomainByID/Get_not_authorized_to_query_org" time="0.000000"></testcase>
		<testcase classname="github.com/theopenlane/core/internal/graphapi" name="TestQueryCustomDomainByID" time="0.060000"></testcase>
		<testcase classname="github.com/theopenlane/core/internal/graphapi" name="TestQueryCustomDomains/Get_return_all" time="0.010000"></testcase>
		<testcase classname="github.com/theopenlane/core/internal/graphapi" name="TestQueryCustomDomains/Get_return_all,_ro_user" time="0.010000"></testcase>
		<testcase classname="github.com/theopenlane/core/internal/graphapi" name="TestQueryCustomDomains/Get_query_by_domain" time="0.000000"></testcase>
		<testcase classname="github.com/theopenlane/core/internal/graphapi" name="TestQueryCustomDomains/Get_query_by_domain,_not_found" time="0.000000"></testcase>
		<testcase classname="github.com/theopenlane/core/internal/graphapi" name="TestQueryCustomDomains/Get_query_by_mappable_domain" time="0.000000"></testcase>
		<testcase classname="github.com/theopenlane/core/internal/graphapi" name="TestQueryCustomDomains" time="0.060000"></testcase>
		<testcase classname="github.com/theopenlane/core/internal/graphapi" name="TestMutationCreateCustomDomain/Create_happy_path" time="0.020000"></testcase>
		<testcase classname="github.com/theopenlane/core/internal/graphapi" name="TestMutationCreateCustomDomain/Create_happy_path,_adminUser" time="0.020000"></testcase>
		<testcase classname="github.com/theopenlane/core/internal/graphapi" name="TestMutationCreateCustomDomain/Create_not_authorized" time="0.000000"></testcase>
		<testcase classname="github.com/theopenlane/core/internal/graphapi" name="TestMutationCreateCustomDomain/Create_invalid_domain" time="0.000000"></testcase>
		<testcase classname="github.com/theopenlane/core/internal/graphapi" name="TestMutationCreateCustomDomain/Create_missing_mappable_domain" time="0.000000"></testcase>
		<testcase classname="github.com/theopenlane/core/internal/graphapi" name="TestMutationCreateCustomDomain" time="0.050000"></testcase>
		<testcase classname="github.com/theopenlane/core/internal/graphapi" name="TestMutationDeleteCustomDomain/Delete_delete_domain" time="0.000000"></testcase>
		<testcase classname="github.com/theopenlane/core/internal/graphapi" name="TestMutationDeleteCustomDomain/Delete_unauthorized" time="0.010000"></testcase>
		<testcase classname="github.com/theopenlane/core/internal/graphapi" name="TestMutationDeleteCustomDomain/Delete_domain_not_found" time="0.000000"></testcase>
		<testcase classname="github.com/theopenlane/core/internal/graphapi" name="TestMutationDeleteCustomDomain" time="0.040000"></testcase>
		<testcase classname="github.com/theopenlane/core/internal/graphapi" name="TestUpdateCustomDomain/Update_happy_path" time="0.000000"></testcase>
		<testcase classname="github.com/theopenlane/core/internal/graphapi" name="TestUpdateCustomDomain/Update_update_dns_verification_id" time="0.000000"></testcase>
		<testcase classname="github.com/theopenlane/core/internal/graphapi" name="TestUpdateCustomDomain/Update_clear_dns_verification" time="0.000000"></testcase>
		<testcase classname="github.com/theopenlane/core/internal/graphapi" name="TestUpdateCustomDomain/Update_not_allowed" time="0.010000"></testcase>
		<testcase classname="github.com/theopenlane/core/internal/graphapi" name="TestUpdateCustomDomain" time="0.050000"></testcase>
		<testcase classname="github.com/theopenlane/core/internal/graphapi" name="TestMutationCreateBulkCustomDomain/Create_happy_path_-_multiple_domains" time="0.030000"></testcase>
		<testcase classname="github.com/theopenlane/core/internal/graphapi" name="TestMutationCreateBulkCustomDomain/Create_happy_path_-_single_domain" time="0.010000"></testcase>
		<testcase classname="github.com/theopenlane/core/internal/graphapi" name="TestMutationCreateBulkCustomDomain/Create_happy_path_-_admin_user" time="0.010000"></testcase>
		<testcase classname="github.com/theopenlane/core/internal/graphapi" name="TestMutationCreateBulkCustomDomain/Create_invalid_domain_in_batch" time="0.000000"></testcase>
		<testcase classname="github.com/theopenlane/core/internal/graphapi" name="TestMutationCreateBulkCustomDomain/Create_not_authorized" time="0.000000"></testcase>
		<testcase classname="github.com/theopenlane/core/internal/graphapi" name="TestMutationCreateBulkCustomDomain/Create_empty_input" time="0.000000"></testcase>
		<testcase classname="github.com/theopenlane/core/internal/graphapi" name="TestMutationCreateBulkCustomDomain" time="0.060000"></testcase>
		<testcase classname="github.com/theopenlane/core/internal/graphapi" name="TestGetAllCustomDomains/happy_path_-_regular_user_sees_only_their_domains" time="0.010000"></testcase>
		<testcase classname="github.com/theopenlane/core/internal/graphapi" name="TestGetAllCustomDomains/happy_path_-_admin_user_sees_all_domains" time="0.000000"></testcase>
		<testcase classname="github.com/theopenlane/core/internal/graphapi" name="TestGetAllCustomDomains/happy_path_-_view_only_user" time="0.000000"></testcase>
		<testcase classname="github.com/theopenlane/core/internal/graphapi" name="TestGetAllCustomDomains/happy_path_-_different_user_sees_only_their_domains" time="0.010000"></testcase>
		<testcase classname="github.com/theopenlane/core/internal/graphapi" name="TestGetAllCustomDomains" time="0.050000"></testcase>
		<testcase classname="github.com/theopenlane/core/internal/graphapi" name="TestQueryDNSVerificationByID/Get_happy_path" time="0.000000"></testcase>
		<testcase classname="github.com/theopenlane/core/internal/graphapi" name="TestQueryDNSVerificationByID/Get_happy_path,_view_only_user" time="0.000000"></testcase>
		<testcase classname="github.com/theopenlane/core/internal/graphapi" name="TestQueryDNSVerificationByID/Get_happy_path,_sysadmin_user" time="0.000000"></testcase>
		<testcase classname="github.com/theopenlane/core/internal/graphapi" name="TestQueryDNSVerificationByID/Get_verification_not_found" time="0.000000"></testcase>
		<testcase classname="github.com/theopenlane/core/internal/graphapi" name="TestQueryDNSVerificationByID/Get_not_authorized_to_query_org" time="0.000000"></testcase>
		<testcase classname="github.com/theopenlane/core/internal/graphapi" name="TestQueryDNSVerificationByID" time="0.010000"></testcase>
		<testcase classname="github.com/theopenlane/core/internal/graphapi" name="TestQueryDNSVerifications/Get_return_all" time="0.000000"></testcase>
		<testcase classname="github.com/theopenlane/core/internal/graphapi" name="TestQueryDNSVerifications/Get_return_all,_ro_user" time="0.000000"></testcase>
		<testcase classname="github.com/theopenlane/core/internal/graphapi" name="TestQueryDNSVerifications/Get_return_all,_sysadmin_user" time="0.000000"></testcase>
		<testcase classname="github.com/theopenlane/core/internal/graphapi" name="TestQueryDNSVerifications/Get_query_by_cloudflare_hostname_ID" time="0.000000"></testcase>
		<testcase classname="github.com/theopenlane/core/internal/graphapi" name="TestQueryDNSVerifications/Get_query_by_cloudflare_hostname_ID,_not_found" time="0.000000"></testcase>
		<testcase classname="github.com/theopenlane/core/internal/graphapi" name="TestQueryDNSVerifications/Get_query_by_DNS_TXT_record" time="0.000000"></testcase>
		<testcase classname="github.com/theopenlane/core/internal/graphapi" name="TestQueryDNSVerifications" time="0.020000"></testcase>
		<testcase classname="github.com/theopenlane/core/internal/graphapi" name="TestMutationCreateDNSVerification/Create_happy_path" time="0.000000"></testcase>
		<testcase classname="github.com/theopenlane/core/internal/graphapi" name="TestMutationCreateDNSVerification/Create_not_authorized" time="0.000000"></testcase>
		<testcase classname="github.com/theopenlane/core/internal/graphapi" name="TestMutationCreateDNSVerification/Create_missing_cloudflare_hostname_ID" time="0.000000"></testcase>
		<testcase classname="github.com/theopenlane/core/internal/graphapi" name="TestMutationCreateDNSVerification" time="0.000000"></testcase>
		<testcase classname="github.com/theopenlane/core/internal/graphapi" name="TestMutationDeleteDNSVerification/Delete_delete_verification" time="0.000000"></testcase>
		<testcase classname="github.com/theopenlane/core/internal/graphapi" name="TestMutationDeleteDNSVerification/Delete_unauthorized" time="0.000000"></testcase>
		<testcase classname="github.com/theopenlane/core/internal/graphapi" name="TestMutationDeleteDNSVerification/Delete_verification_not_found" time="0.000000"></testcase>
		<testcase classname="github.com/theopenlane/core/internal/graphapi" name="TestMutationDeleteDNSVerification" time="0.010000"></testcase>
		<testcase classname="github.com/theopenlane/core/internal/graphapi" name="TestUpdateDNSVerification/Update_happy_path" time="0.000000"></testcase>
		<testcase classname="github.com/theopenlane/core/internal/graphapi" name="TestUpdateDNSVerification/Update_not_allowed" time="0.000000"></testcase>
		<testcase classname="github.com/theopenlane/core/internal/graphapi" name="TestUpdateDNSVerification" time="0.010000"></testcase>
		<testcase classname="github.com/theopenlane/core/internal/graphapi" name="TestGetAllDNSVerifications/happy_path_-_regular_user_sees_only_their_verifications" time="0.000000"></testcase>
		<testcase classname="github.com/theopenlane/core/internal/graphapi" name="TestGetAllDNSVerifications/happy_path_-_admin_user_sees_all_verifications" time="0.000000"></testcase>
		<testcase classname="github.com/theopenlane/core/internal/graphapi" name="TestGetAllDNSVerifications/happy_path_-_view_only_user" time="0.000000"></testcase>
		<testcase classname="github.com/theopenlane/core/internal/graphapi" name="TestGetAllDNSVerifications/happy_path_-_different_user_sees_only_their_verifications" time="0.000000"></testcase>
		<testcase classname="github.com/theopenlane/core/internal/graphapi" name="TestGetAllDNSVerifications" time="0.020000"></testcase>
		<testcase classname="github.com/theopenlane/core/internal/graphapi" name="TestQueryEntity/Get_happy_path_entity" time="0.010000"></testcase>
		<testcase classname="github.com/theopenlane/core/internal/graphapi" name="TestQueryEntity/Get_happy_path_entity,_using_api_token" time="0.010000"></testcase>
		<testcase classname="github.com/theopenlane/core/internal/graphapi" name="TestQueryEntity/Get_happy_path_entity,_using_personal_access_token" time="0.010000"></testcase>
		<testcase classname="github.com/theopenlane/core/internal/graphapi" name="TestQueryEntity/Get_no_access" time="0.000000"></testcase>
		<testcase classname="github.com/theopenlane/core/internal/graphapi" name="TestQueryEntity/Get_no_access,_anonymous_user" time="0.000000"></testcase>
		<testcase classname="github.com/theopenlane/core/internal/graphapi" name="TestQueryEntity" time="0.030000"></testcase>
		<testcase classname="github.com/theopenlane/core/internal/graphapi" name="TestQueryEntities/List_happy_path" time="0.000000"></testcase>
		<testcase classname="github.com/theopenlane/core/internal/graphapi" name="TestQueryEntities/List_happy_path,_using_api_token" time="0.010000"></testcase>
		<testcase classname="github.com/theopenlane/core/internal/graphapi" name="TestQueryEntities/List_happy_path,_using_pat" time="0.010000"></testcase>
		<testcase classname="github.com/theopenlane/core/internal/graphapi" name="TestQueryEntities/List_another_user,_no_entities_should_be_returned" time="0.000000"></testcase>
		<testcase classname="github.com/theopenlane/core/internal/graphapi" name="TestQueryEntities" time="0.040000"></testcase>
		<testcase classname="github.com/theopenlane/core/internal/graphapi" name="TestMutationCreateEntity/Create_happy_path,_minimal_input" time="0.010000"></testcase>
		<testcase classname="github.com/theopenlane/core/internal/graphapi" name="TestMutationCreateEntity/Create_happy_path,_all_input" time="0.020000"></testcase>
		<testcase classname="github.com/theopenlane/core/internal/graphapi" name="TestMutationCreateEntity/Create_happy_path,_using_api_token" time="0.010000"></testcase>
		<testcase classname="github.com/theopenlane/core/internal/graphapi" name="TestMutationCreateEntity/Create_happy_path,_using_pat" time="0.010000"></testcase>
		<testcase classname="github.com/theopenlane/core/internal/graphapi" name="TestMutationCreateEntity/Create_do_not_create_if_not_allowed" time="0.000000"></testcase>
		<testcase classname="github.com/theopenlane/core/internal/graphapi" name="TestMutationCreateEntity/Create_missing_name,_but_display_name_provided" time="0.000000"></testcase>
		<testcase classname="github.com/theopenlane/core/internal/graphapi" name="TestMutationCreateEntity/Create_name_already_exists,_different_casing" time="0.000000"></testcase>
		<testcase classname="github.com/theopenlane/core/internal/graphapi" name="TestMutationCreateEntity/Create_invalid_domain(s)" time="0.000000"></testcase>
		<testcase classname="github.com/theopenlane/core/internal/graphapi" name="TestMutationCreateEntity" time="0.080000"></testcase>
		<testcase classname="github.com/theopenlane/core/internal/graphapi" name="TestMutationUpdateEntity/Update_happy_path,_update_display_name" time="0.030000"></testcase>
		<testcase classname="github.com/theopenlane/core/internal/graphapi" name="TestMutationUpdateEntity/Update_update_description_using_api_token" time="0.030000"></testcase>
		<testcase classname="github.com/theopenlane/core/internal/graphapi" name="TestMutationUpdateEntity/Update_update_notes,_domains_using_personal_access_token" time="0.030000"></testcase>
		<testcase classname="github.com/theopenlane/core/internal/graphapi" name="TestMutationUpdateEntity/Update_update_status_and_domain" time="0.010000"></testcase>
		<testcase classname="github.com/theopenlane/core/internal/graphapi" name="TestMutationUpdateEntity/Update_not_allowed_to_update" time="0.010000"></testcase>
		<testcase classname="github.com/theopenlane/core/internal/graphapi" name="TestMutationUpdateEntity/Update_not_allowed_to_update,_no_access_to_entity" time="0.000000"></testcase>
		<testcase classname="github.com/theopenlane/core/internal/graphapi" name="TestMutationUpdateEntity" time="0.120000"></testcase>
		<testcase classname="github.com/theopenlane/core/internal/graphapi" name="TestMutationDeleteEntity/Delete_not_allowed_to_delete" time="0.010000"></testcase>
		<testcase classname="github.com/theopenlane/core/internal/graphapi" name="TestMutationDeleteEntity/Delete_happy_path,_delete_entity" time="0.010000"></testcase>
		<testcase classname="github.com/theopenlane/core/internal/graphapi" name="TestMutationDeleteEntity/Delete_entity_already_deleted,_not_found" time="0.000000"></testcase>
		<testcase classname="github.com/theopenlane/core/internal/graphapi" name="TestMutationDeleteEntity/Delete_happy_path,_delete_entity_using_api_token" time="0.030000"></testcase>
		<testcase classname="github.com/theopenlane/core/internal/graphapi" name="TestMutationDeleteEntity/Delete_happy_path,_delete_entity_using_personal_access_token" time="0.020000"></testcase>
		<testcase classname="github.com/theopenlane/core/internal/graphapi" name="TestMutationDeleteEntity/Delete_unknown_entity,_not_found" time="0.000000"></testcase>
		<testcase classname="github.com/theopenlane/core/internal/graphapi" name="TestMutationDeleteEntity" time="0.090000"></testcase>
		<testcase classname="github.com/theopenlane/core/internal/graphapi" name="TestQueryEntityType/Get_happy_path_entity_type" time="0.000000"></testcase>
		<testcase classname="github.com/theopenlane/core/internal/graphapi" name="TestQueryEntityType/Get_happy_path_entity_type,_using_api_token" time="0.000000"></testcase>
		<testcase classname="github.com/theopenlane/core/internal/graphapi" name="TestQueryEntityType/Get_happy_path_entity_type,_using_pat" time="0.010000"></testcase>
		<testcase classname="github.com/theopenlane/core/internal/graphapi" name="TestQueryEntityType/Get_no_access" time="0.000000"></testcase>
		<testcase classname="github.com/theopenlane/core/internal/graphapi" name="TestQueryEntityType" time="0.020000"></testcase>
		<testcase classname="github.com/theopenlane/core/internal/graphapi" name="TestQueryEntityTypes/List_happy_path" time="0.000000"></testcase>
		<testcase classname="github.com/theopenlane/core/internal/graphapi" name="TestQueryEntityTypes/List_happy_path,_using_api_token" time="0.000000"></testcase>
		<testcase classname="github.com/theopenlane/core/internal/graphapi" name="TestQueryEntityTypes/List_happy_path,_using_pat" time="0.000000"></testcase>
		<testcase classname="github.com/theopenlane/core/internal/graphapi" name="TestQueryEntityTypes/List_another_user,_no_new_entities_should_be_returned" time="0.000000"></testcase>
		<testcase classname="github.com/theopenlane/core/internal/graphapi" name="TestQueryEntityTypes" time="0.020000"></testcase>
		<testcase classname="github.com/theopenlane/core/internal/graphapi" name="TestMutationCreateEntityType/Create_happy_path,_all_input" time="0.010000"></testcase>
		<testcase classname="github.com/theopenlane/core/internal/graphapi" name="TestMutationCreateEntityType/Create_happy_path,_all_input,_using_api_token" time="0.020000"></testcase>
		<testcase classname="github.com/theopenlane/core/internal/graphapi" name="TestMutationCreateEntityType/Create_happy_path,_all_input,_using_pat" time="0.010000"></testcase>
		<testcase classname="github.com/theopenlane/core/internal/graphapi" name="TestMutationCreateEntityType/Create_do_not_create_if_not_allowed" time="0.000000"></testcase>
		<testcase classname="github.com/theopenlane/core/internal/graphapi" name="TestMutationCreateEntityType/Create_missing_required_field,_name" time="0.000000"></testcase>
		<testcase classname="github.com/theopenlane/core/internal/graphapi" name="TestMutationCreateEntityType" time="0.040000"></testcase>
		<testcase classname="github.com/theopenlane/core/internal/graphapi" name="TestMutationUpdateEntityType/Update_happy_path,_update_name" time="0.010000"></testcase>
		<testcase classname="github.com/theopenlane/core/internal/graphapi" name="TestMutationUpdateEntityType/Update_happy_path,_update_name_using_api_token" time="0.010000"></testcase>
		<testcase classname="github.com/theopenlane/core/internal/graphapi" name="TestMutationUpdateEntityType/Update_happy_path,_update_name_using_personal_access_token" time="0.010000"></testcase>
		<testcase classname="github.com/theopenlane/core/internal/graphapi" name="TestMutationUpdateEntityType/Update_not_allowed_to_update" time="0.010000"></testcase>
		<testcase classname="github.com/theopenlane/core/internal/graphapi" name="TestMutationUpdateEntityType" time="0.040000"></testcase>
		<testcase classname="github.com/theopenlane/core/internal/graphapi" name="TestMutationDeleteEntityType/Delete_not_allowed_to_delete" time="0.010000"></testcase>
		<testcase classname="github.com/theopenlane/core/internal/graphapi" name="TestMutationDeleteEntityType/Delete_not_allowed_to_delete,_no_access" time="0.000000"></testcase>
		<testcase classname="github.com/theopenlane/core/internal/graphapi" name="TestMutationDeleteEntityType/Delete_happy_path,_delete_entity_type" time="0.010000"></testcase>
		<testcase classname="github.com/theopenlane/core/internal/graphapi" name="TestMutationDeleteEntityType/Delete_entityType_already_deleted,_not_found" time="0.000000"></testcase>
		<testcase classname="github.com/theopenlane/core/internal/graphapi" name="TestMutationDeleteEntityType/Delete_happy_path,_delete_entity_type_using_api_token" time="0.020000"></testcase>
		<testcase classname="github.com/theopenlane/core/internal/graphapi" name="TestMutationDeleteEntityType/Delete_happy_path,_delete_entity_type_using_pat" time="0.010000"></testcase>
		<testcase classname="github.com/theopenlane/core/internal/graphapi" name="TestMutationDeleteEntityType/Delete_unknown_entitytype,_not_found" time="0.000000"></testcase>
		<testcase classname="github.com/theopenlane/core/internal/graphapi" name="TestMutationDeleteEntityType" time="0.050000"></testcase>
		<testcase classname="github.com/theopenlane/core/internal/graphapi" name="TestQueryEvidence/Get_happy_path,_creator_of_the_evidence" time="0.020000"></testcase>
		<testcase classname="github.com/theopenlane/core/internal/graphapi" name="TestQueryEvidence/Get_happy_path,_permissions_via_control" time="0.020000"></testcase>
		<testcase classname="github.com/theopenlane/core/internal/graphapi" name="TestQueryEvidence/Get_happy_path,_org_owner" time="0.020000"></testcase>
		<testcase classname="github.com/theopenlane/core/internal/graphapi" name="TestQueryEvidence/Get_read_only_user_in_organization,_authorized_via_program" time="0.020000"></testcase>
		<testcase classname="github.com/theopenlane/core/internal/graphapi" name="TestQueryEvidence/Get_read_only_user_in_organization,_no_access" time="0.020000"></testcase>
		<testcase classname="github.com/theopenlane/core/internal/graphapi" name="TestQueryEvidence/Get_read_only_user_in_organization,_has_access_via_control" time="0.020000"></testcase>
		<testcase classname="github.com/theopenlane/core/internal/graphapi" name="TestQueryEvidence/Get_happy_path_using_personal_access_token" time="0.020000"></testcase>
		<testcase classname="github.com/theopenlane/core/internal/graphapi" name="TestQueryEvidence/Get_Evidence_not_found,_invalid_ID" time="0.000000"></testcase>
		<testcase classname="github.com/theopenlane/core/internal/graphapi" name="TestQueryEvidence/Get_Evidence_not_found,_using_not_authorized_user" time="0.000000"></testcase>
		<testcase classname="github.com/theopenlane/core/internal/graphapi" name="TestQueryEvidence/Get_no_access,_anonymous_user" time="0.000000"></testcase>
		<testcase classname="github.com/theopenlane/core/internal/graphapi" name="TestQueryEvidence" time="0.230000"></testcase>
		<testcase classname="github.com/theopenlane/core/internal/graphapi" name="TestQueryEvidences/List_happy_path" time="0.020000"></testcase>
		<testcase classname="github.com/theopenlane/core/internal/graphapi" name="TestQueryEvidences/List_happy_path,_using_read_only_user_of_the_same_org,_access_not_automatically_granted" time="0.020000"></testcase>
		<testcase classname="github.com/theopenlane/core/internal/graphapi" name="TestQueryEvidences/List_happy_path,_using_api_token,_access_not_automatically_granted" time="0.020000"></testcase>
		<testcase classname="github.com/theopenlane/core/internal/graphapi" name="TestQueryEvidences/List_happy_path,_using_pat,_which_is_for_the_org_owner_so_access_is_granted" time="0.020000"></testcase>
		<testcase classname="github.com/theopenlane/core/internal/graphapi" name="TestQueryEvidences/List_another_user,_no_Evidences_should_be_returned" time="0.000000"></testcase>
		<testcase classname="github.com/theopenlane/core/internal/graphapi" name="TestQueryEvidences" time="0.340000"></testcase>
		<testcase classname="github.com/theopenlane/core/internal/graphapi" name="TestMutationCreateEvidence/Create_happy_path,_minimal_input" time="0.040000"></testcase>
		<testcase classname="github.com/theopenlane/core/internal/graphapi" name="TestMutationCreateEvidence/Create_happy_path,_view_only_user_should_be_able_to_associate_evidence_to_a_task_they_can_edit" time="0.050000"></testcase>
		<testcase classname="github.com/theopenlane/core/internal/graphapi" name="TestMutationCreateEvidence/Create_happy_path,_view_only_user_should_be_able_to_associate_evidence_to_a_task_they_can_edit_and_control_they_can_view" time="0.060000"></testcase>
		<testcase classname="github.com/theopenlane/core/internal/graphapi" name="TestMutationCreateEvidence/Create_happy_path,_all_input" time="0.150000"></testcase>
		<testcase classname="github.com/theopenlane/core/internal/graphapi" name="TestMutationCreateEvidence/Create_happy_path,_admin_user_in_org" time="0.080000"></testcase>
		<testcase classname="github.com/theopenlane/core/internal/graphapi" name="TestMutationCreateEvidence/Create_happy_path,_using_pat" time="0.100000"></testcase>
		<testcase classname="github.com/theopenlane/core/internal/graphapi" name="TestMutationCreateEvidence/Create_happy_path,_using_api_token" time="0.070000"></testcase>
		<testcase classname="github.com/theopenlane/core/internal/graphapi" name="TestMutationCreateEvidence/Create_user_not_authorized,_not_enough_permissions_and_no_linked_objects" time="0.000000"></testcase>
		<testcase classname="github.com/theopenlane/core/internal/graphapi" name="TestMutationCreateEvidence/Create_user_not_authorized,_not_enough_permissions_and_edit_access_to_linked_task" time="0.000000"></testcase>
		<testcase classname="github.com/theopenlane/core/internal/graphapi" name="TestMutationCreateEvidence/Create_no_access_to_linked_control" time="0.000000"></testcase>
		<testcase classname="github.com/theopenlane/core/internal/graphapi" name="TestMutationCreateEvidence/Create_missing_required_field" time="0.000000"></testcase>
		<testcase classname="github.com/theopenlane/core/internal/graphapi" name="TestMutationCreateEvidence/Create_invalid_url" time="0.010000"></testcase>
		<testcase classname="github.com/theopenlane/core/internal/graphapi" name="TestMutationCreateEvidence/Create_creation_date_in_the_future" time="0.000000"></testcase>
		<testcase classname="github.com/theopenlane/core/internal/graphapi" name="TestMutationCreateEvidence" time="0.820000"></testcase>
		<testcase classname="github.com/theopenlane/core/internal/graphapi" name="TestMutationUpdateEvidence/Update_happy_path,_update_field" time="0.020000"></testcase>
		<testcase classname="github.com/theopenlane/core/internal/graphapi" name="TestMutationUpdateEvidence/Update_happy_path,_update_multiple_fields_using_PAT" time="0.050000"></testcase>
		<testcase classname="github.com/theopenlane/core/internal/graphapi" name="TestMutationUpdateEvidence/Update_update_not_allowed,_no_permissions" time="0.010000"></testcase>
		<testcase classname="github.com/theopenlane/core/internal/graphapi" name="TestMutationUpdateEvidence/Update_update_not_allowed,_no_permissions#01" time="0.000000"></testcase>
		<testcase classname="github.com/theopenlane/core/internal/graphapi" name="TestMutationUpdateEvidence/Update_update_not_allowed,_creation_date_is_in_the_future" time="0.010000"></testcase>
		<testcase classname="github.com/theopenlane/core/internal/graphapi" name="TestMutationUpdateEvidence" time="0.100000"></testcase>
		<testcase classname="github.com/theopenlane/core/internal/graphapi" name="TestMutationDeleteEvidence/Delete_not_authorized,_delete" time="0.000000"></testcase>
		<testcase classname="github.com/theopenlane/core/internal/graphapi" name="TestMutationDeleteEvidence/Delete_happy_path,_delete" time="0.010000"></testcase>
		<testcase classname="github.com/theopenlane/core/internal/graphapi" name="TestMutationDeleteEvidence/Delete_already_deleted,_not_found" time="0.000000"></testcase>
		<testcase classname="github.com/theopenlane/core/internal/graphapi" name="TestMutationDeleteEvidence/Delete_happy_path,_delete_using_personal_access_token" time="0.020000"></testcase>
		<testcase classname="github.com/theopenlane/core/internal/graphapi" name="TestMutationDeleteEvidence/Delete_unknown_id,_not_found" time="0.010000"></testcase>
		<testcase classname="github.com/theopenlane/core/internal/graphapi" name="TestMutationDeleteEvidence" time="0.050000"></testcase>
		<testcase classname="github.com/theopenlane/core/internal/graphapi" name="TestMutationCreateExport/Create_happy_path,_create_export_with_regular_user" time="0.030000"></testcase>
		<testcase classname="github.com/theopenlane/core/internal/graphapi" name="TestMutationCreateExport/Create_happy_path_with_PAT" time="0.020000"></testcase>
		<testcase classname="github.com/theopenlane/core/internal/graphapi" name="TestMutationCreateExport/Create_happy_path_with_system_admin" time="0.010000"></testcase>
		<testcase classname="github.com/theopenlane/core/internal/graphapi" name="TestMutationCreateExport" time="0.060000"></testcase>
		<testcase classname="github.com/theopenlane/core/internal/graphapi" name="TestMutationUpdateExport/Update_happy_path,_update_status_with_system_admin" time="0.010000"></testcase>
		<testcase classname="github.com/theopenlane/core/internal/graphapi" name="TestMutationUpdateExport/Update_unauthorized_user_-_regular_user_cannot_update" time="0.000000"></testcase>
		<testcase classname="github.com/theopenlane/core/internal/graphapi" name="TestMutationUpdateExport/Update_unauthorized_user_-_different_org_user_cannot_update" time="0.000000"></testcase>
		<testcase classname="github.com/theopenlane/core/internal/graphapi" name="TestMutationUpdateExport/Update_export_not_found" time="0.000000"></testcase>
		<testcase classname="github.com/theopenlane/core/internal/graphapi" name="TestMutationUpdateExport" time="0.030000"></testcase>
		<testcase classname="github.com/theopenlane/core/internal/graphapi" name="TestQueryExport/Query_happy_path_with_system_admin" time="0.000000"></testcase>
		<testcase classname="github.com/theopenlane/core/internal/graphapi" name="TestQueryExport/Query_happy_path_with_PAT_and_system_admin_context" time="0.010000"></testcase>
		<testcase classname="github.com/theopenlane/core/internal/graphapi" name="TestQueryExport/Query_regular_user_can_query" time="0.000000"></testcase>
		<testcase classname="github.com/theopenlane/core/internal/graphapi" name="TestQueryExport/Query_unauthorized_user_-_different_org_user_cannot_query" time="0.000000"></testcase>
		<testcase classname="github.com/theopenlane/core/internal/graphapi" name="TestQueryExport/Query_view_only_user_can_query" time="0.000000"></testcase>
		<testcase classname="github.com/theopenlane/core/internal/graphapi" name="TestQueryExport/Query_export_not_found" time="0.000000"></testcase>
		<testcase classname="github.com/theopenlane/core/internal/graphapi" name="TestQueryExport/Query_system_admin_can_fetch_item" time="0.000000"></testcase>
		<testcase classname="github.com/theopenlane/core/internal/graphapi" name="TestQueryExport" time="0.030000"></testcase>
		<testcase classname="github.com/theopenlane/core/internal/graphapi" name="TestMutationDeleteExport/Delete_happy_path_with_system_admin" time="0.020000"></testcase>
		<testcase classname="github.com/theopenlane/core/internal/graphapi" name="TestMutationDeleteExport/Delete_unauthorized_user_-_regular_user_cannot_delete" time="0.010000"></testcase>
		<testcase classname="github.com/theopenlane/core/internal/graphapi" name="TestMutationDeleteExport/Delete_unauthorized_user_-_different_org_user_cannot_delete" time="0.020000"></testcase>
		<testcase classname="github.com/theopenlane/core/internal/graphapi" name="TestMutationDeleteExport" time="0.050000"></testcase>
		<testcase classname="github.com/theopenlane/core/internal/graphapi" name="TestQueryFile/Get_happy_path" time="0.010000"></testcase>
		<testcase classname="github.com/theopenlane/core/internal/graphapi" name="TestQueryFile/Get_happy_path,_avatar_file" time="0.000000"></testcase>
		<testcase classname="github.com/theopenlane/core/internal/graphapi" name="TestQueryFile/Get_happy_path,_admin_user" time="0.010000"></testcase>
		<testcase classname="github.com/theopenlane/core/internal/graphapi" name="TestQueryFile/Get_avatar_file_needs_to_be_found_to_display_to_other_users" time="0.010000"></testcase>
		<testcase classname="github.com/theopenlane/core/internal/graphapi" name="TestQueryFile/Get_happy_path,_user_authorized_via_the_control_to_view_the_file" time="0.010000"></testcase>
		<testcase classname="github.com/theopenlane/core/internal/graphapi" name="TestQueryFile/Get_happy_path_using_personal_access_token" time="0.010000"></testcase>
		<testcase classname="github.com/theopenlane/core/internal/graphapi" name="TestQueryFile/Get_admin_user_accessing_a_different_org,_shouldn&#39;t_be_able_to_access_the_evidence_file_from_the_other_org" time="0.000000"></testcase>
		<testcase classname="github.com/theopenlane/core/internal/graphapi" name="TestQueryFile/Get_File_not_found,_invalid_ID" time="0.000000"></testcase>
		<testcase classname="github.com/theopenlane/core/internal/graphapi" name="TestQueryFile/Get_File_not_found,_using_not_authorized_user" time="0.000000"></testcase>
		<testcase classname="github.com/theopenlane/core/internal/graphapi" name="TestQueryFile/Get_File_not_found,_using_not_authorized_user_to_avatar_file" time="0.000000"></testcase>
		<testcase classname="github.com/theopenlane/core/internal/graphapi" name="TestQueryFile" time="0.210000"></testcase>
		<testcase classname="github.com/theopenlane/core/internal/graphapi" name="TestQueryFiles/List_happy_path" time="0.000000"></testcase>
		<testcase classname="github.com/theopenlane/core/internal/graphapi" name="TestQueryFiles/List_happy_path,_using_read_only_user_of_the_same_org" time="0.010000"></testcase>
		<testcase classname="github.com/theopenlane/core/internal/graphapi" name="TestQueryFiles/List_happy_path,_using_api_token" time="0.020000"></testcase>
		<testcase classname="github.com/theopenlane/core/internal/graphapi" name="TestQueryFiles/List_happy_path,_using_pat" time="0.010000"></testcase>
		<testcase classname="github.com/theopenlane/core/internal/graphapi" name="TestQueryFiles/List_another_user,_no_Files_should_be_returned" time="0.010000"></testcase>
		<testcase classname="github.com/theopenlane/core/internal/graphapi" name="TestQueryFiles" time="0.650000"></testcase>
		<testcase classname="github.com/theopenlane/core/internal/graphapi" name="TestQueryGroup/Get_happy_path_group" time="0.050000"></testcase>
		<testcase classname="github.com/theopenlane/core/internal/graphapi" name="TestQueryGroup/Get_happy_path_group,_using_personal_access_token" time="0.050000"></testcase>
		<testcase classname="github.com/theopenlane/core/internal/graphapi" name="TestQueryGroup/Get_happy_path_private_group" time="0.040000"></testcase>
		<testcase classname="github.com/theopenlane/core/internal/graphapi" name="TestQueryGroup/Get_private_group,_no_access" time="0.030000"></testcase>
		<testcase classname="github.com/theopenlane/core/internal/graphapi" name="TestQueryGroup/Get_no_access" time="0.000000"></testcase>
		<testcase classname="github.com/theopenlane/core/internal/graphapi" name="TestQueryGroup/Get_no_access,_anonymous_user" time="0.000000"></testcase>
		<testcase classname="github.com/theopenlane/core/internal/graphapi" name="TestQueryGroup" time="0.380000"></testcase>
		<testcase classname="github.com/theopenlane/core/internal/graphapi" name="TestQueryGroupsByOwner/Get_Groups_By_Owner" time="0.120000"></testcase>
		<testcase classname="github.com/theopenlane/core/internal/graphapi" name="TestQueryGroupsByOwner" time="0.620000"></testcase>
		<testcase classname="github.com/theopenlane/core/internal/graphapi" name="TestQueryGroups/Get_Groups" time="0.160000"></testcase>
		<testcase classname="github.com/theopenlane/core/internal/graphapi" name="TestQueryGroups" time="0.830000"></testcase>
		<testcase classname="github.com/theopenlane/core/internal/graphapi" name="TestMutationCreateGroup/Create_happy_path_group" time="0.190000"></testcase>
		<testcase classname="github.com/theopenlane/core/internal/graphapi" name="TestMutationCreateGroup/Create_duplicate_group_name,_case_insensitive" time="0.010000"></testcase>
		<testcase classname="github.com/theopenlane/core/internal/graphapi" name="TestMutationCreateGroup/Create_happy_path_group_using_api_token" time="0.090000"></testcase>
		<testcase classname="github.com/theopenlane/core/internal/graphapi" name="TestMutationCreateGroup/Create_happy_path_group_using_personal_access_token" time="0.060000"></testcase>
		<testcase classname="github.com/theopenlane/core/internal/graphapi" name="TestMutationCreateGroup/Create_happy_path_group_with_settings" time="0.060000"></testcase>
		<testcase classname="github.com/theopenlane/core/internal/graphapi" name="TestMutationCreateGroup/Create_no_access_to_create_group" time="0.020000"></testcase>
		<testcase classname="github.com/theopenlane/core/internal/graphapi" name="TestMutationCreateGroup/Create_group_create_access_added" time="0.160000"></testcase>
		<testcase classname="github.com/theopenlane/core/internal/graphapi" name="TestMutationCreateGroup/Create_no_access_to_owner,_should_ignore_the_input_org" time="0.060000"></testcase>
		<testcase classname="github.com/theopenlane/core/internal/graphapi" name="TestMutationCreateGroup/Create_happy_path_group,_minimum_fields" time="0.050000"></testcase>
		<testcase classname="github.com/theopenlane/core/internal/graphapi" name="TestMutationCreateGroup/Create_missing_name" time="0.010000"></testcase>
		<testcase classname="github.com/theopenlane/core/internal/graphapi" name="TestMutationCreateGroup" time="1.180000"></testcase>
		<testcase classname="github.com/theopenlane/core/internal/graphapi" name="TestMutationCreateGroupWithMembers/Create_happy_path_group" time="0.100000"></testcase>
		<testcase classname="github.com/theopenlane/core/internal/graphapi" name="TestMutationCreateGroupWithMembers/Create_happy_path_private_group_as_org_admin_including_self" time="0.150000"></testcase>
		<testcase classname="github.com/theopenlane/core/internal/graphapi" name="TestMutationCreateGroupWithMembers/Create_happy_path_group_as_org_admin_including_self" time="0.140000"></testcase>
		<testcase classname="github.com/theopenlane/core/internal/graphapi" name="TestMutationCreateGroupWithMembers/Create_happy_path_group_as_org_admin_not_including_self" time="0.120000"></testcase>
		<testcase classname="github.com/theopenlane/core/internal/graphapi" name="TestMutationCreateGroupWithMembers/Create_happy_path_group_using_api_token_with_same_members" time="0.130000"></testcase>
		<testcase classname="github.com/theopenlane/core/internal/graphapi" name="TestMutationCreateGroupWithMembers/Create_happy_path_group_using_personal_access_token_with_same_members" time="0.120000"></testcase>
		<testcase classname="github.com/theopenlane/core/internal/graphapi" name="TestMutationCreateGroupWithMembers" time="0.760000"></testcase>
		<testcase classname="github.com/theopenlane/core/internal/graphapi" name="TestMutationCreateGroupByClone/Create_happy_path,_clone_group_everything" time="0.190000"></testcase>
		<testcase classname="github.com/theopenlane/core/internal/graphapi" name="TestMutationCreateGroupByClone/Create_happy_path,_clone_group_members,_use_personal_access_token" time="0.190000"></testcase>
		<testcase classname="github.com/theopenlane/core/internal/graphapi" name="TestMutationCreateGroupByClone/Create_happy_path,_clone_group_permissions,_use_api_token" time="0.140000"></testcase>
		<testcase classname="github.com/theopenlane/core/internal/graphapi" name="TestMutationCreateGroupByClone/Create_clone_group_everything,_but_view_only_user" time="0.050000"></testcase>
		<testcase classname="github.com/theopenlane/core/internal/graphapi" name="TestMutationCreateGroupByClone/Create_clone_group_everything,_no_access_to_clone_group" time="0.000000"></testcase>
		<testcase classname="github.com/theopenlane/core/internal/graphapi" name="TestMutationCreateGroupByClone" time="0.910000"></testcase>
		<testcase classname="github.com/theopenlane/core/internal/graphapi" name="TestMutationUpdateGroup/Update_add_permissions_to_object,_happy_path" time="0.210000"></testcase>
		<testcase classname="github.com/theopenlane/core/internal/graphapi" name="TestMutationUpdateGroup/Update_add_permissions_to_object,_no_access_to_program" time="0.010000"></testcase>
		<testcase classname="github.com/theopenlane/core/internal/graphapi" name="TestMutationUpdateGroup/Update_update_name_and_clone_permissions,_happy_path_-_this_will_add_two_permissions_to_the_group" time="0.130000"></testcase>
		<testcase classname="github.com/theopenlane/core/internal/graphapi" name="TestMutationUpdateGroup/Update_add_user_as_admin_using_api_token" time="0.090000"></testcase>
		<testcase classname="github.com/theopenlane/core/internal/graphapi" name="TestMutationUpdateGroup/Update_remove_group_member" time="0.080000"></testcase>
		<testcase classname="github.com/theopenlane/core/internal/graphapi" name="TestMutationUpdateGroup/Update_re-add_group_member" time="0.090000"></testcase>
		<testcase classname="github.com/theopenlane/core/internal/graphapi" name="TestMutationUpdateGroup/Update_update_gravatar,_happy_path_using_personal_access_token" time="0.110000"></testcase>
		<testcase classname="github.com/theopenlane/core/internal/graphapi" name="TestMutationUpdateGroup/Update_update_visibility" time="0.180000"></testcase>
		<testcase classname="github.com/theopenlane/core/internal/graphapi" name="TestMutationUpdateGroup/Update_update_visibility,_same_setting" time="0.090000"></testcase>
		<testcase classname="github.com/theopenlane/core/internal/graphapi" name="TestMutationUpdateGroup/Update_update_visibility,_back_to_public" time="0.100000"></testcase>
		<testcase classname="github.com/theopenlane/core/internal/graphapi" name="TestMutationUpdateGroup/Update_update_settings,_happy_path" time="0.090000"></testcase>
		<testcase classname="github.com/theopenlane/core/internal/graphapi" name="TestMutationUpdateGroup/Update_no_access" time="0.010000"></testcase>
		<testcase classname="github.com/theopenlane/core/internal/graphapi" name="TestMutationUpdateGroup" time="1.890000"></testcase>
		<testcase classname="github.com/theopenlane/core/internal/graphapi" name="TestMutationDeleteGroup/Delete_delete_private_group,_happy_path" time="0.060000"></testcase>
		<testcase classname="github.com/theopenlane/core/internal/graphapi" name="TestMutationDeleteGroup/Delete_delete_group,_happy_path_using_api_token" time="0.070000"></testcase>
		<testcase classname="github.com/theopenlane/core/internal/graphapi" name="TestMutationDeleteGroup/Delete_delete_group,_happy_path_using_personal_access_token" time="0.070000"></testcase>
		<testcase classname="github.com/theopenlane/core/internal/graphapi" name="TestMutationDeleteGroup/Delete_delete_group,_no_access" time="0.010000"></testcase>
		<testcase classname="github.com/theopenlane/core/internal/graphapi" name="TestMutationDeleteGroup/Delete_delete_group,_happy_path" time="0.070000"></testcase>
		<testcase classname="github.com/theopenlane/core/internal/graphapi" name="TestMutationDeleteGroup" time="0.390000"></testcase>
		<testcase classname="github.com/theopenlane/core/internal/graphapi" name="TestManagedGroups" time="0.540000"></testcase>
		<testcase classname="github.com/theopenlane/core/internal/graphapi" name="TestQueryGroupMembers/Get_happy_path,_get_group_member_by_group_id" time="0.010000"></testcase>
		<testcase classname="github.com/theopenlane/core/internal/graphapi" name="TestQueryGroupMembers/Get_happy_path,_get_group_member_by_group_id_using_api_token" time="0.010000"></testcase>
		<testcase classname="github.com/theopenlane/core/internal/graphapi" name="TestQueryGroupMembers/Get_happy_path,_get_group_member_by_group_id_using_personal_access_token" time="0.010000"></testcase>
		<testcase classname="github.com/theopenlane/core/internal/graphapi" name="TestQueryGroupMembers/Get_get_group_member_by_group_id,_no_access" time="0.000000"></testcase>
		<testcase classname="github.com/theopenlane/core/internal/graphapi" name="TestQueryGroupMembers/Get_invalid-id" time="0.000000"></testcase>
		<testcase classname="github.com/theopenlane/core/internal/graphapi" name="TestQueryGroupMembers" time="0.220000"></testcase>
		<testcase classname="github.com/theopenlane/core/internal/graphapi" name="TestMutationCreateGroupMembers/Create_happy_path,_add_admin" time="0.020000"></testcase>
		<testcase classname="github.com/theopenlane/core/internal/graphapi" name="TestMutationCreateGroupMembers/Create_happy_path,_add_self_(owner)_as_admin" time="0.020000"></testcase>
		<testcase classname="github.com/theopenlane/core/internal/graphapi" name="TestMutationCreateGroupMembers/Create_happy_path,_add_member_using_api_token" time="0.020000"></testcase>
		<testcase classname="github.com/theopenlane/core/internal/graphapi" name="TestMutationCreateGroupMembers/Create_happy_path,_add_member_using_personal_access_token" time="0.020000"></testcase>
		<testcase classname="github.com/theopenlane/core/internal/graphapi" name="TestMutationCreateGroupMembers/Create_cannot_add_self_to_group_as_org_member" time="0.000000"></testcase>
		<testcase classname="github.com/theopenlane/core/internal/graphapi" name="TestMutationCreateGroupMembers/Create_add_member,_no_access" time="0.000000"></testcase>
		<testcase classname="github.com/theopenlane/core/internal/graphapi" name="TestMutationCreateGroupMembers/Create_owner_relation_not_valid_for_groups" time="0.000000"></testcase>
		<testcase classname="github.com/theopenlane/core/internal/graphapi" name="TestMutationCreateGroupMembers/Create_duplicate_user,_different_role" time="0.010000"></testcase>
		<testcase classname="github.com/theopenlane/core/internal/graphapi" name="TestMutationCreateGroupMembers/Create_invalid_user" time="0.010000"></testcase>
		<testcase classname="github.com/theopenlane/core/internal/graphapi" name="TestMutationCreateGroupMembers/Create_invalid_group" time="0.000000"></testcase>
		<testcase classname="github.com/theopenlane/core/internal/graphapi" name="TestMutationCreateGroupMembers/Create_invalid_role" time="0.000000"></testcase>
		<testcase classname="github.com/theopenlane/core/internal/graphapi" name="TestMutationCreateGroupMembers" time="0.440000"></testcase>
		<testcase classname="github.com/theopenlane/core/internal/graphapi" name="TestMutationUpdateGroupMembers/Update_happy_path,_update_to_admin_from_member" time="0.020000"></testcase>
		<testcase classname="github.com/theopenlane/core/internal/graphapi" name="TestMutationUpdateGroupMembers/Update_update_self_from_admin_to_member_ok" time="0.020000"></testcase>
		<testcase classname="github.com/theopenlane/core/internal/graphapi" name="TestMutationUpdateGroupMembers/Update_update_self_from_member_to_admin_not_allowed" time="0.050000"></testcase>
		<testcase classname="github.com/theopenlane/core/internal/graphapi" name="TestMutationUpdateGroupMembers/Update_happy_path,_update_to_member_from_admin_using_api_token" time="0.040000"></testcase>
		<testcase classname="github.com/theopenlane/core/internal/graphapi" name="TestMutationUpdateGroupMembers/Update_happy_path,_update_to_admin_from_member_using_personal_access_token" time="0.040000"></testcase>
		<testcase classname="github.com/theopenlane/core/internal/graphapi" name="TestMutationUpdateGroupMembers/Update_invalid_role" time="0.000000"></testcase>
		<testcase classname="github.com/theopenlane/core/internal/graphapi" name="TestMutationUpdateGroupMembers/Update_no_access" time="0.050000"></testcase>
		<testcase classname="github.com/theopenlane/core/internal/graphapi" name="TestMutationUpdateGroupMembers" time="0.350000"></testcase>
		<testcase classname="github.com/theopenlane/core/internal/graphapi" name="TestMutationDeleteGroupMembers/Delete_not_allowed_to_delete" time="0.030000"></testcase>
		<testcase classname="github.com/theopenlane/core/internal/graphapi" name="TestMutationDeleteGroupMembers/Delete_allowed_to_delete_self_as_org_admin" time="0.010000"></testcase>
		<testcase classname="github.com/theopenlane/core/internal/graphapi" name="TestMutationDeleteGroupMembers/Delete_not_allowed_to_delete,_not_found" time="0.000000"></testcase>
		<testcase classname="github.com/theopenlane/core/internal/graphapi" name="TestMutationDeleteGroupMembers/Delete_happy_path,_delete_group_member_using_api_token" time="0.020000"></testcase>
		<testcase classname="github.com/theopenlane/core/internal/graphapi" name="TestMutationDeleteGroupMembers/Delete_happy_path,_delete_org_member" time="0.010000"></testcase>
		<testcase classname="github.com/theopenlane/core/internal/graphapi" name="TestMutationDeleteGroupMembers/Delete_happy_path,_delete_group_member_using_personal_access_token" time="0.020000"></testcase>
		<testcase classname="github.com/theopenlane/core/internal/graphapi" name="TestMutationDeleteGroupMembers/Delete_unknown_group_member,_not_found" time="0.000000"></testcase>
		<testcase classname="github.com/theopenlane/core/internal/graphapi" name="TestMutationDeleteGroupMembers/Delete_group_member_already_deleted,_not_found" time="0.010000"></testcase>
		<testcase classname="github.com/theopenlane/core/internal/graphapi" name="TestMutationDeleteGroupMembers" time="0.540000"></testcase>
		<testcase classname="github.com/theopenlane/core/internal/graphapi" name="TestMutationDeleteIntegration/Delete_delete_integration,_happy_path_using_api_token" time="0.030000"></testcase>
		<testcase classname="github.com/theopenlane/core/internal/graphapi" name="TestMutationDeleteIntegration/Delete_delete_integration,_happy_path_using_personal_access_token" time="0.030000"></testcase>
		<testcase classname="github.com/theopenlane/core/internal/graphapi" name="TestMutationDeleteIntegration/Delete_delete_integration,_no_access" time="0.010000"></testcase>
		<testcase classname="github.com/theopenlane/core/internal/graphapi" name="TestMutationDeleteIntegration/Delete_delete_integration,_no_access_another_org" time="0.000000"></testcase>
		<testcase classname="github.com/theopenlane/core/internal/graphapi" name="TestMutationDeleteIntegration/Delete_delete_integration,_happy_path" time="0.020000"></testcase>
		<testcase classname="github.com/theopenlane/core/internal/graphapi" name="TestMutationDeleteIntegration" time="0.090000"></testcase>
		<testcase classname="github.com/theopenlane/core/internal/graphapi" name="TestQueryIntegration/Get_happy_path" time="0.000000"></testcase>
		<testcase classname="github.com/theopenlane/core/internal/graphapi" name="TestQueryIntegration/Get_happy_path,_read_only_user" time="0.000000"></testcase>
		<testcase classname="github.com/theopenlane/core/internal/graphapi" name="TestQueryIntegration/Get_happy_path_using_personal_access_token" time="0.010000"></testcase>
		<testcase classname="github.com/theopenlane/core/internal/graphapi" name="TestQueryIntegration/Get_integration_not_found,_invalid_ID" time="0.000000"></testcase>
		<testcase classname="github.com/theopenlane/core/internal/graphapi" name="TestQueryIntegration/Get_integration_not_found,_using_not_authorized_user" time="0.000000"></testcase>
		<testcase classname="github.com/theopenlane/core/internal/graphapi" name="TestQueryIntegration" time="0.020000"></testcase>
		<testcase classname="github.com/theopenlane/core/internal/graphapi" name="TestQueryIntegrationWithSecrets/Get_happy_path" time="0.010000"></testcase>
		<testcase classname="github.com/theopenlane/core/internal/graphapi" name="TestQueryIntegrationWithSecrets/Get_read_only_user,_cannot_query_secrets,_only_the_integration" time="0.000000"></testcase>
		<testcase classname="github.com/theopenlane/core/internal/graphapi" name="TestQueryIntegrationWithSecrets/Get_happy_path_using_personal_access_token" time="0.010000"></testcase>
		<testcase classname="github.com/theopenlane/core/internal/graphapi" name="TestQueryIntegrationWithSecrets/Get_integration_not_found,_invalid_ID" time="0.000000"></testcase>
		<testcase classname="github.com/theopenlane/core/internal/graphapi" name="TestQueryIntegrationWithSecrets/Get_integration_not_found,_using_not_authorized_user" time="0.000000"></testcase>
		<testcase classname="github.com/theopenlane/core/internal/graphapi" name="TestQueryIntegrationWithSecrets" time="0.060000"></testcase>
		<testcase classname="github.com/theopenlane/core/internal/graphapi" name="TestListIntegrations/Get_happy_path" time="0.000000"></testcase>
		<testcase classname="github.com/theopenlane/core/internal/graphapi" name="TestListIntegrations/Get_happy_path,_using_read_only_user_of_the_same_org" time="0.020000"></testcase>
		<testcase classname="github.com/theopenlane/core/internal/graphapi" name="TestListIntegrations/Get_happy_path,_using_api_token" time="0.010000"></testcase>
		<testcase classname="github.com/theopenlane/core/internal/graphapi" name="TestListIntegrations/Get_happy_path,_using_pat" time="0.010000"></testcase>
		<testcase classname="github.com/theopenlane/core/internal/graphapi" name="TestListIntegrations/Get_another_user,_no_integrations_should_be_returned" time="0.000000"></testcase>
		<testcase classname="github.com/theopenlane/core/internal/graphapi" name="TestListIntegrations" time="0.050000"></testcase>
		<testcase classname="github.com/theopenlane/core/internal/graphapi" name="TestQueryInternalPolicy/Get_happy_path" time="0.010000"></testcase>
		<testcase classname="github.com/theopenlane/core/internal/graphapi" name="TestQueryInternalPolicy/Get_happy_path,_read_only_user" time="0.010000"></testcase>
		<testcase classname="github.com/theopenlane/core/internal/graphapi" name="TestQueryInternalPolicy/Get_happy_path,_read_only_user_but_blocked" time="0.040000"></testcase>
		<testcase classname="github.com/theopenlane/core/internal/graphapi" name="TestQueryInternalPolicy/Get_happy_path,_read_only_user_no_longer_blocked" time="0.010000"></testcase>
		<testcase classname="github.com/theopenlane/core/internal/graphapi" name="TestQueryInternalPolicy/Get_happy_path_using_personal_access_token" time="0.030000"></testcase>
		<testcase classname="github.com/theopenlane/core/internal/graphapi" name="TestQueryInternalPolicy/Get_internalPolicy_not_found,_invalid_ID" time="0.000000"></testcase>
		<testcase classname="github.com/theopenlane/core/internal/graphapi" name="TestQueryInternalPolicy/Get_internal_policy_not_found,_using_not_authorized_user" time="0.000000"></testcase>
		<testcase classname="github.com/theopenlane/core/internal/graphapi" name="TestQueryInternalPolicy/Get_no_access,_anonymous_user" time="0.000000"></testcase>
		<testcase classname="github.com/theopenlane/core/internal/graphapi" name="TestQueryInternalPolicy" time="0.160000"></testcase>
		<testcase classname="github.com/theopenlane/core/internal/graphapi" name="TestQueryInternalPolicies/List_happy_path" time="0.030000"></testcase>
		<testcase classname="github.com/theopenlane/core/internal/graphapi" name="TestQueryInternalPolicies/List_happy_path,_using_read_only_user_of_the_same_org,_one_policy_blocked" time="0.100000"></testcase>
		<testcase classname="github.com/theopenlane/core/internal/graphapi" name="TestQueryInternalPolicies/List_happy_path,_using_read_only_user_of_the_same_org,_no_blocked_group" time="0.040000"></testcase>
		<testcase classname="github.com/theopenlane/core/internal/graphapi" name="TestQueryInternalPolicies/List_happy_path,_using_api_token" time="0.020000"></testcase>
		<testcase classname="github.com/theopenlane/core/internal/graphapi" name="TestQueryInternalPolicies/List_happy_path,_using_pat" time="0.030000"></testcase>
		<testcase classname="github.com/theopenlane/core/internal/graphapi" name="TestQueryInternalPolicies/List_another_user,_no_policies_should_be_returned" time="0.000000"></testcase>
		<testcase classname="github.com/theopenlane/core/internal/graphapi" name="TestQueryInternalPolicies" time="0.280000"></testcase>
		<testcase classname="github.com/theopenlane/core/internal/graphapi" name="TestMutationCreateInternalPolicy/Create_happy_path,_minimal_input" time="0.020000"></testcase>
		<testcase classname="github.com/theopenlane/core/internal/graphapi" name="TestMutationCreateInternalPolicy/Create_happy_path,_all_input_except_edges" time="0.040000"></testcase>
		<testcase classname="github.com/theopenlane/core/internal/graphapi" name="TestMutationCreateInternalPolicy/Create_happy_path,_long_details" time="0.040000"></testcase>
		<testcase classname="github.com/theopenlane/core/internal/graphapi" name="TestMutationCreateInternalPolicy/Create_happy_path,_with_control_edges" time="0.030000"></testcase>
		<testcase classname="github.com/theopenlane/core/internal/graphapi" name="TestMutationCreateInternalPolicy/Create_should_not_be_allowed_to_add_system_standard_control" time="0.000000"></testcase>
		<testcase classname="github.com/theopenlane/core/internal/graphapi" name="TestMutationCreateInternalPolicy/Create_happy_path,_add_editor_group" time="0.040000"></testcase>
		<testcase classname="github.com/theopenlane/core/internal/graphapi" name="TestMutationCreateInternalPolicy/Create_happy_path,_add_same_task_to_another_policy" time="0.020000"></testcase>
		<testcase classname="github.com/theopenlane/core/internal/graphapi" name="TestMutationCreateInternalPolicy/Create_happy_path,_add_same_control_to_another_policy" time="0.020000"></testcase>
		<testcase classname="github.com/theopenlane/core/internal/graphapi" name="TestMutationCreateInternalPolicy/Create_happy_path,_add_same_sub_control_to_another_policy" time="0.020000"></testcase>
		<testcase classname="github.com/theopenlane/core/internal/graphapi" name="TestMutationCreateInternalPolicy/Create_add_editor_group,_again_-_ensures_the_same_group_can_be_added_to_multiple_policies" time="0.030000"></testcase>
		<testcase classname="github.com/theopenlane/core/internal/graphapi" name="TestMutationCreateInternalPolicy/Create_happy_path,_using_pat" time="0.020000"></testcase>
		<testcase classname="github.com/theopenlane/core/internal/graphapi" name="TestMutationCreateInternalPolicy/Create_happy_path,_using_api_token" time="0.020000"></testcase>
		<testcase classname="github.com/theopenlane/core/internal/graphapi" name="TestMutationCreateInternalPolicy/Create_user_not_authorized,_not_enough_permissions" time="0.000000"></testcase>
		<testcase classname="github.com/theopenlane/core/internal/graphapi" name="TestMutationCreateInternalPolicy/Create_user_now_authorized,_added_to_group_with_creator_permissions" time="0.120000"></testcase>
		<testcase classname="github.com/theopenlane/core/internal/graphapi" name="TestMutationCreateInternalPolicy/Create_missing_required_field" time="0.000000"></testcase>
		<testcase classname="github.com/theopenlane/core/internal/graphapi" name="TestMutationCreateInternalPolicy" time="0.730000"></testcase>
		<testcase classname="github.com/theopenlane/core/internal/graphapi" name="TestMutationUpdateInternalPolicy/Update_happy_path,_update_details_field" time="0.020000"></testcase>
		<testcase classname="github.com/theopenlane/core/internal/graphapi" name="TestMutationUpdateInternalPolicy/Update_happy_path,_update_details_field_on_policy_created_by_another_user" time="0.020000"></testcase>
		<testcase classname="github.com/theopenlane/core/internal/graphapi" name="TestMutationUpdateInternalPolicy/Update_happy_path,_update_name_field" time="0.030000"></testcase>
		<testcase classname="github.com/theopenlane/core/internal/graphapi" name="TestMutationUpdateInternalPolicy/Update_happy_path,_update_multiple_fields" time="0.030000"></testcase>
		<testcase classname="github.com/theopenlane/core/internal/graphapi" name="TestMutationUpdateInternalPolicy/Update_update_not_allowed,_not_enough_permissions" time="0.020000"></testcase>
		<testcase classname="github.com/theopenlane/core/internal/graphapi" name="TestMutationUpdateInternalPolicy/Update_update_allowed,_user_in_editor_group" time="0.030000"></testcase>
		<testcase classname="github.com/theopenlane/core/internal/graphapi" name="TestMutationUpdateInternalPolicy/Update_member_update_allowed,_user_in_editor_group" time="0.030000"></testcase>
		<testcase classname="github.com/theopenlane/core/internal/graphapi" name="TestMutationUpdateInternalPolicy/Update_happy_path,_block_the_group_from_editing" time="0.030000"></testcase>
		<testcase classname="github.com/theopenlane/core/internal/graphapi" name="TestMutationUpdateInternalPolicy/Update_member_update_no_longer_allowed,_user_in_blocked_group" time="0.010000"></testcase>
		<testcase classname="github.com/theopenlane/core/internal/graphapi" name="TestMutationUpdateInternalPolicy/Update_happy_path,_remove_the_group" time="0.030000"></testcase>
		<testcase classname="github.com/theopenlane/core/internal/graphapi" name="TestMutationUpdateInternalPolicy/Update_update_not_allowed,_editor_group_was_removed" time="0.040000"></testcase>
		<testcase classname="github.com/theopenlane/core/internal/graphapi" name="TestMutationUpdateInternalPolicy/Update_update_not_allowed,_no_permissions" time="0.000000"></testcase>
		<testcase classname="github.com/theopenlane/core/internal/graphapi" name="TestMutationUpdateInternalPolicy" time="0.980000"></testcase>
		<testcase classname="github.com/theopenlane/core/internal/graphapi" name="TestMutationDeleteInternalPolicy/Delete_not_authorized,_delete" time="0.000000"></testcase>
		<testcase classname="github.com/theopenlane/core/internal/graphapi" name="TestMutationDeleteInternalPolicy/Delete_happy_path,_delete" time="0.020000"></testcase>
		<testcase classname="github.com/theopenlane/core/internal/graphapi" name="TestMutationDeleteInternalPolicy/Delete_already_deleted,_not_found" time="0.000000"></testcase>
		<testcase classname="github.com/theopenlane/core/internal/graphapi" name="TestMutationDeleteInternalPolicy/Delete_happy_path,_delete_using_personal_access_token" time="0.020000"></testcase>
		<testcase classname="github.com/theopenlane/core/internal/graphapi" name="TestMutationDeleteInternalPolicy/Delete_unknown_id,_not_found" time="0.000000"></testcase>
		<testcase classname="github.com/theopenlane/core/internal/graphapi" name="TestMutationDeleteInternalPolicy" time="0.060000"></testcase>
		<testcase classname="github.com/theopenlane/core/internal/graphapi" name="TestMutationUpdateBulkInternalPolicy/Bulk_Update_happy_path,_update_status_on_multiple_policies" time="0.080000"></testcase>
		<testcase classname="github.com/theopenlane/core/internal/graphapi" name="TestMutationUpdateBulkInternalPolicy/Bulk_Update_happy_path,_editor_permissions_and_revision_bump" time="0.140000"></testcase>
		<testcase classname="github.com/theopenlane/core/internal/graphapi" name="TestMutationUpdateBulkInternalPolicy/Bulk_Update_empty_ids_array" time="0.000000"></testcase>
		<testcase classname="github.com/theopenlane/core/internal/graphapi" name="TestMutationUpdateBulkInternalPolicy/Bulk_Update_mixed_success_and_failure_-_some_policies_not_authorized" time="0.040000"></testcase>
		<testcase classname="github.com/theopenlane/core/internal/graphapi" name="TestMutationUpdateBulkInternalPolicy/Bulk_Update_update_not_allowed,_no_permissions_to_policies" time="0.010000"></testcase>
		<testcase classname="github.com/theopenlane/core/internal/graphapi" name="TestMutationUpdateBulkInternalPolicy/Bulk_Update_update_multiple_policies_with_controls_and_tasks" time="0.110000"></testcase>
		<testcase classname="github.com/theopenlane/core/internal/graphapi" name="TestMutationUpdateBulkInternalPolicy" time="1.260000"></testcase>
		<testcase classname="github.com/theopenlane/core/internal/graphapi" name="TestQueryInvite/Get_happy_path" time="0.000000"></testcase>
		<testcase classname="github.com/theopenlane/core/internal/graphapi" name="TestQueryInvite/Get_happy_path_with_api_token" time="0.010000"></testcase>
		<testcase classname="github.com/theopenlane/core/internal/graphapi" name="TestQueryInvite/Get_api_token,_no_access" time="0.000000"></testcase>
		<testcase classname="github.com/theopenlane/core/internal/graphapi" name="TestQueryInvite/Get_invalid_id" time="0.000000"></testcase>
		<testcase classname="github.com/theopenlane/core/internal/graphapi" name="TestQueryInvite/Get_no_access" time="0.000000"></testcase>
		<testcase classname="github.com/theopenlane/core/internal/graphapi" name="TestQueryInvite" time="0.040000"></testcase>
		<testcase classname="github.com/theopenlane/core/internal/graphapi" name="TestMutationCreateInvite/Create_happy_path,_new_user_as_member_with_a_group_set" time="0.020000"></testcase>
		<testcase classname="github.com/theopenlane/core/internal/graphapi" name="TestMutationCreateInvite/Create_happy_path,_another_new_user_as_member_with_a_group_set" time="0.020000"></testcase>
		<testcase classname="github.com/theopenlane/core/internal/graphapi" name="TestMutationCreateInvite/Create_new_user_as_member,_with_invalid_group" time="0.000000"></testcase>
		<testcase classname="github.com/theopenlane/core/internal/graphapi" name="TestMutationCreateInvite/Create_happy_path,_new_user_as_member_in_restricted_domain_org" time="0.010000"></testcase>
		<testcase classname="github.com/theopenlane/core/internal/graphapi" name="TestMutationCreateInvite/Create_new_user_as_member_in_restricted_domain_org_with_invalid_domain" time="0.010000"></testcase>
		<testcase classname="github.com/theopenlane/core/internal/graphapi" name="TestMutationCreateInvite/Create_invite_new_user_as_member_using_api_token" time="0.020000"></testcase>
		<testcase classname="github.com/theopenlane/core/internal/graphapi" name="TestMutationCreateInvite/Create_re-invite_new_user_as_member_using_api_token" time="0.020000"></testcase>
		<testcase classname="github.com/theopenlane/core/internal/graphapi" name="TestMutationCreateInvite/Create_happy_path,_new_user_as_admin_using_pat" time="0.030000"></testcase>
		<testcase classname="github.com/theopenlane/core/internal/graphapi" name="TestMutationCreateInvite/Create_happy_path,_new_user_as_member,_by_member" time="0.020000"></testcase>
		<testcase classname="github.com/theopenlane/core/internal/graphapi" name="TestMutationCreateInvite/Create_new_user_as_admin,_by_member,_not_allowed" time="0.000000"></testcase>
		<testcase classname="github.com/theopenlane/core/internal/graphapi" name="TestMutationCreateInvite/Create_new_user_as_owner_should_fail" time="0.000000"></testcase>
		<testcase classname="github.com/theopenlane/core/internal/graphapi" name="TestMutationCreateInvite/Create_new_user_with_invalid_email" time="0.000000"></testcase>
		<testcase classname="github.com/theopenlane/core/internal/graphapi" name="TestMutationCreateInvite/Create_happy_path,_existing_user_as_member" time="0.020000"></testcase>
		<testcase classname="github.com/theopenlane/core/internal/graphapi" name="TestMutationCreateInvite/Create_user_already_a_member,_will_still_send_an_invite" time="0.010000"></testcase>
		<testcase classname="github.com/theopenlane/core/internal/graphapi" name="TestMutationCreateInvite" time="0.660000"></testcase>
		<testcase classname="github.com/theopenlane/core/internal/graphapi" name="TestMutationCreateBulkInvite/Create_happy_path,_new_user_with_defaults" time="0.040000"></testcase>
		<testcase classname="github.com/theopenlane/core/internal/graphapi" name="TestMutationCreateBulkInvite/Create_happy_path,_resend_with_defaults" time="0.070000"></testcase>
		<testcase classname="github.com/theopenlane/core/internal/graphapi" name="TestMutationCreateBulkInvite/Create_happy_path,_resend_again_with_defaults" time="0.030000"></testcase>
		<testcase classname="github.com/theopenlane/core/internal/graphapi" name="TestMutationCreateBulkInvite" time="0.140000"></testcase>
		<testcase classname="github.com/theopenlane/core/internal/graphapi" name="TestMutationDeleteInvite/Delete_happy_path" time="0.010000"></testcase>
		<testcase classname="github.com/theopenlane/core/internal/graphapi" name="TestMutationDeleteInvite/Delete_happy_path,_using_api_token" time="0.010000"></testcase>
		<testcase classname="github.com/theopenlane/core/internal/graphapi" name="TestMutationDeleteInvite/Delete_happy_path,_using_personal_access_token" time="0.010000"></testcase>
		<testcase classname="github.com/theopenlane/core/internal/graphapi" name="TestMutationDeleteInvite/Delete_happy_path,_org_member_deleting_member_invite" time="0.020000"></testcase>
		<testcase classname="github.com/theopenlane/core/internal/graphapi" name="TestMutationDeleteInvite/Delete_org_member_deleting_admin_invite" time="0.000000"></testcase>
		<testcase classname="github.com/theopenlane/core/internal/graphapi" name="TestMutationDeleteInvite/Delete_org_owner_deleting_admin_invite" time="0.010000"></testcase>
		<testcase classname="github.com/theopenlane/core/internal/graphapi" name="TestMutationDeleteInvite/Delete_invalid_id" time="0.000000"></testcase>
		<testcase classname="github.com/theopenlane/core/internal/graphapi" name="TestMutationDeleteInvite" time="0.090000"></testcase>
		<testcase classname="github.com/theopenlane/core/internal/graphapi" name="TestQueryJobRunnerRegistrationTokens/Get_happy_path_user" time="0.000000"></testcase>
		<testcase classname="github.com/theopenlane/core/internal/graphapi" name="TestQueryJobRunnerRegistrationTokens/Get_happy_path,_using_personal_access_token" time="0.010000"></testcase>
		<testcase classname="github.com/theopenlane/core/internal/graphapi" name="TestQueryJobRunnerRegistrationTokens/Get_valid_test_user_2" time="0.000000"></testcase>
		<testcase classname="github.com/theopenlane/core/internal/graphapi" name="TestQueryJobRunnerRegistrationTokens/Get_no_auth" time="0.000000"></testcase>
		<testcase classname="github.com/theopenlane/core/internal/graphapi" name="TestQueryJobRunnerRegistrationTokens" time="0.030000"></testcase>
		<testcase classname="github.com/theopenlane/core/internal/graphapi" name="TestMutationDeleteJobRunnerRegistrationToken/Get_happy_path_user" time="0.010000"></testcase>
		<testcase classname="github.com/theopenlane/core/internal/graphapi" name="TestMutationDeleteJobRunnerRegistrationToken/Get_happy_path_user_with_pat" time="0.020000"></testcase>
		<testcase classname="github.com/theopenlane/core/internal/graphapi" name="TestMutationDeleteJobRunnerRegistrationToken/Get_happy_path_but_cannot_delete_token_no_access_to" time="0.010000"></testcase>
		<testcase classname="github.com/theopenlane/core/internal/graphapi" name="TestMutationDeleteJobRunnerRegistrationToken" time="0.040000"></testcase>
		<testcase classname="github.com/theopenlane/core/internal/graphapi" name="TestQueryJobRunners/Get_happy_path_user" time="0.000000"></testcase>
		<testcase classname="github.com/theopenlane/core/internal/graphapi" name="TestQueryJobRunners/Get_happy_path,_using_personal_access_token" time="0.010000"></testcase>
		<testcase classname="github.com/theopenlane/core/internal/graphapi" name="TestQueryJobRunners/Get_valid_test_user_2" time="0.000000"></testcase>
		<testcase classname="github.com/theopenlane/core/internal/graphapi" name="TestQueryJobRunners/Get_no_auth" time="0.000000"></testcase>
		<testcase classname="github.com/theopenlane/core/internal/graphapi" name="TestQueryJobRunners" time="0.050000"></testcase>
		<testcase classname="github.com/theopenlane/core/internal/graphapi" name="TestMutationDeleteJobRunner/Get_happy_path_user" time="0.030000"></testcase>
		<testcase classname="github.com/theopenlane/core/internal/graphapi" name="TestMutationDeleteJobRunner/Get_job_runner_already_deleted" time="0.020000"></testcase>
		<testcase classname="github.com/theopenlane/core/internal/graphapi" name="TestMutationDeleteJobRunner/Get_happy_path_user_with_pat" time="0.030000"></testcase>
		<testcase classname="github.com/theopenlane/core/internal/graphapi" name="TestMutationDeleteJobRunner/Get_happy_path_but_cannot_delete_system_runner" time="0.010000"></testcase>
		<testcase classname="github.com/theopenlane/core/internal/graphapi" name="TestMutationDeleteJobRunner" time="0.400000"></testcase>
		<testcase classname="github.com/theopenlane/core/internal/graphapi" name="TestQueryJobRunnerTokens/Get_happy_path_user" time="0.000000"></testcase>
		<testcase classname="github.com/theopenlane/core/internal/graphapi" name="TestQueryJobRunnerTokens/Get_happy_path,_using_personal_access_token" time="0.010000"></testcase>
		<testcase classname="github.com/theopenlane/core/internal/graphapi" name="TestQueryJobRunnerTokens/Get_valid_test_user_2" time="0.000000"></testcase>
		<testcase classname="github.com/theopenlane/core/internal/graphapi" name="TestQueryJobRunnerTokens/Get_no_auth" time="0.000000"></testcase>
		<testcase classname="github.com/theopenlane/core/internal/graphapi" name="TestQueryJobRunnerTokens" time="0.490000"></testcase>
		<testcase classname="github.com/theopenlane/core/internal/graphapi" name="TestMutationDeleteJobRunnerToken/Get_not_enough_permissions" time="0.000000"></testcase>
		<testcase classname="github.com/theopenlane/core/internal/graphapi" name="TestMutationDeleteJobRunnerToken/Get_happy_path_user" time="0.010000"></testcase>
		<testcase classname="github.com/theopenlane/core/internal/graphapi" name="TestMutationDeleteJobRunnerToken/Get_happy_path,_but_deleted_job_runner_token" time="0.020000"></testcase>
		<testcase classname="github.com/theopenlane/core/internal/graphapi" name="TestMutationDeleteJobRunnerToken/Get_not_found,_not_in_the_correct_org" time="0.010000"></testcase>
		<testcase classname="github.com/theopenlane/core/internal/graphapi" name="TestMutationDeleteJobRunnerToken/Get_happy_path_user_with_pat" time="0.020000"></testcase>
		<testcase classname="github.com/theopenlane/core/internal/graphapi" name="TestMutationDeleteJobRunnerToken" time="0.060000"></testcase>
		<testcase classname="github.com/theopenlane/core/internal/graphapi" name="TestQueryJobTemplate/Get_happy_path" time="0.000000"></testcase>
		<testcase classname="github.com/theopenlane/core/internal/graphapi" name="TestQueryJobTemplate/Get_happy_path,_read_only_user" time="0.000000"></testcase>
		<testcase classname="github.com/theopenlane/core/internal/graphapi" name="TestQueryJobTemplate/Get_happy_path_using_personal_access_token" time="0.000000"></testcase>
		<testcase classname="github.com/theopenlane/core/internal/graphapi" name="TestQueryJobTemplate/Get_JobTemplate_not_found,_invalid_ID" time="0.000000"></testcase>
		<testcase classname="github.com/theopenlane/core/internal/graphapi" name="TestQueryJobTemplate/Get_JobTemplate_not_found,_using_not_authorized_user" time="0.000000"></testcase>
		<testcase classname="github.com/theopenlane/core/internal/graphapi" name="TestQueryJobTemplate" time="0.020000"></testcase>
		<testcase classname="github.com/theopenlane/core/internal/graphapi" name="TestQueryJobTemplates/List_happy_path" time="0.000000"></testcase>
		<testcase classname="github.com/theopenlane/core/internal/graphapi" name="TestQueryJobTemplates/List_happy_path,_using_read_only_user_of_the_same_org" time="0.000000"></testcase>
		<testcase classname="github.com/theopenlane/core/internal/graphapi" name="TestQueryJobTemplates/List_happy_path,_using_api_token" time="0.010000"></testcase>
		<testcase classname="github.com/theopenlane/core/internal/graphapi" name="TestQueryJobTemplates/List_happy_path,_using_pat" time="0.010000"></testcase>
		<testcase classname="github.com/theopenlane/core/internal/graphapi" name="TestQueryJobTemplates/List_another_user,_only_system_owned_JobTemplates_should_be_returned" time="0.000000"></testcase>
		<testcase classname="github.com/theopenlane/core/internal/graphapi" name="TestQueryJobTemplates" time="0.050000"></testcase>
		<testcase classname="github.com/theopenlane/core/internal/graphapi" name="TestMutationCreateJobTemplate/Create_happy_path,_minimal_input" time="0.020000"></testcase>
		<testcase classname="github.com/theopenlane/core/internal/graphapi" name="TestMutationCreateJobTemplate/Create_happy_path,_all_input" time="0.020000"></testcase>
		<testcase classname="github.com/theopenlane/core/internal/graphapi" name="TestMutationCreateJobTemplate/Create_happy_path,_using_pat" time="0.040000"></testcase>
		<testcase classname="github.com/theopenlane/core/internal/graphapi" name="TestMutationCreateJobTemplate/Create_happy_path,_using_api_token" time="0.020000"></testcase>
		<testcase classname="github.com/theopenlane/core/internal/graphapi" name="TestMutationCreateJobTemplate/Create_user_not_authorized,_not_enough_permissions" time="0.000000"></testcase>
		<testcase classname="github.com/theopenlane/core/internal/graphapi" name="TestMutationCreateJobTemplate/Create_missing_required_field,_title" time="0.010000"></testcase>
		<testcase classname="github.com/theopenlane/core/internal/graphapi" name="TestMutationCreateJobTemplate/Create_missing_required_field,_platform" time="0.000000"></testcase>
		<testcase classname="github.com/theopenlane/core/internal/graphapi" name="TestMutationCreateJobTemplate/Create_missing_required_field,_download_url" time="0.020000"></testcase>
		<testcase classname="github.com/theopenlane/core/internal/graphapi" name="TestMutationCreateJobTemplate/Create_invalid_cron" time="0.000000"></testcase>
		<testcase classname="github.com/theopenlane/core/internal/graphapi" name="TestMutationCreateJobTemplate" time="0.130000"></testcase>
		<testcase classname="github.com/theopenlane/core/internal/graphapi" name="TestMutationUpdateJobTemplate/Update_happy_path,_update_field" time="0.010000"></testcase>
		<testcase classname="github.com/theopenlane/core/internal/graphapi" name="TestMutationUpdateJobTemplate/Update_happy_path,_update_multiple_fields" time="0.020000"></testcase>
		<testcase classname="github.com/theopenlane/core/internal/graphapi" name="TestMutationUpdateJobTemplate/Update_update_not_allowed,_not_enough_permissions" time="0.010000"></testcase>
		<testcase classname="github.com/theopenlane/core/internal/graphapi" name="TestMutationUpdateJobTemplate/Update_update_not_allowed,_no_permissions" time="0.000000"></testcase>
		<testcase classname="github.com/theopenlane/core/internal/graphapi" name="TestMutationUpdateJobTemplate" time="0.070000"></testcase>
		<testcase classname="github.com/theopenlane/core/internal/graphapi" name="TestMutationDeleteJobTemplate/Delete_not_found,_delete" time="0.000000"></testcase>
		<testcase classname="github.com/theopenlane/core/internal/graphapi" name="TestMutationDeleteJobTemplate/Delete_not_authorized,_delete" time="0.010000"></testcase>
		<testcase classname="github.com/theopenlane/core/internal/graphapi" name="TestMutationDeleteJobTemplate/Delete_not_authorized,_delete_system_owned_JobTemplate" time="0.000000"></testcase>
		<testcase classname="github.com/theopenlane/core/internal/graphapi" name="TestMutationDeleteJobTemplate/Delete_happy_path,_delete" time="0.010000"></testcase>
		<testcase classname="github.com/theopenlane/core/internal/graphapi" name="TestMutationDeleteJobTemplate/Delete_happy_path,_delete_system_owned_JobTemplate" time="0.000000"></testcase>
		<testcase classname="github.com/theopenlane/core/internal/graphapi" name="TestMutationDeleteJobTemplate/Delete_already_deleted,_not_found" time="0.000000"></testcase>
		<testcase classname="github.com/theopenlane/core/internal/graphapi" name="TestMutationDeleteJobTemplate/Delete_happy_path,_delete_using_personal_access_token" time="0.020000"></testcase>
		<testcase classname="github.com/theopenlane/core/internal/graphapi" name="TestMutationDeleteJobTemplate/Delete_happy_path,_delete_using_api_token" time="0.010000"></testcase>
		<testcase classname="github.com/theopenlane/core/internal/graphapi" name="TestMutationDeleteJobTemplate/Delete_unknown_id,_not_found" time="0.000000"></testcase>
		<testcase classname="github.com/theopenlane/core/internal/graphapi" name="TestMutationDeleteJobTemplate" time="0.090000"></testcase>
		<testcase classname="github.com/theopenlane/core/internal/graphapi" name="TestQueryMappableDomainByID/Get_happy_path" time="0.000000"></testcase>
		<testcase classname="github.com/theopenlane/core/internal/graphapi" name="TestQueryMappableDomainByID/Get_done" time="0.000000"></testcase>
		<testcase classname="github.com/theopenlane/core/internal/graphapi" name="TestQueryMappableDomainByID" time="0.000000"></testcase>
		<testcase classname="github.com/theopenlane/core/internal/graphapi" name="TestQueryMappableDomains/Get_return_all" time="0.000000"></testcase>
		<testcase classname="github.com/theopenlane/core/internal/graphapi" name="TestQueryMappableDomains/Get_query_by_name" time="0.000000"></testcase>
		<testcase classname="github.com/theopenlane/core/internal/graphapi" name="TestQueryMappableDomains/Get_query_by_name,_does_not_exist" time="0.010000"></testcase>
		<testcase classname="github.com/theopenlane/core/internal/graphapi" name="TestQueryMappableDomains" time="0.020000"></testcase>
		<testcase classname="github.com/theopenlane/core/internal/graphapi" name="TestMutationCreateMappableDomain/Create_happy_path" time="0.010000"></testcase>
		<testcase classname="github.com/theopenlane/core/internal/graphapi" name="TestMutationCreateMappableDomain/Create_invalid_domain" time="0.000000"></testcase>
		<testcase classname="github.com/theopenlane/core/internal/graphapi" name="TestMutationCreateMappableDomain/Create_not_system_admin,_unauthorized" time="0.000000"></testcase>
		<testcase classname="github.com/theopenlane/core/internal/graphapi" name="TestMutationCreateMappableDomain" time="0.010000"></testcase>
		<testcase classname="github.com/theopenlane/core/internal/graphapi" name="TestMutationCreateBulkMappableDomain/Create_happy_path_-_multiple_domains" time="0.010000"></testcase>
		<testcase classname="github.com/theopenlane/core/internal/graphapi" name="TestMutationCreateBulkMappableDomain/Create_happy_path_-_single_domain" time="0.000000"></testcase>
		<testcase classname="github.com/theopenlane/core/internal/graphapi" name="TestMutationCreateBulkMappableDomain/Create_invalid_domain_in_batch" time="0.000000"></testcase>
		<testcase classname="github.com/theopenlane/core/internal/graphapi" name="TestMutationCreateBulkMappableDomain/Create_not_system_admin,_unauthorized" time="0.000000"></testcase>
		<testcase classname="github.com/theopenlane/core/internal/graphapi" name="TestMutationCreateBulkMappableDomain/Create_empty_input" time="0.000000"></testcase>
		<testcase classname="github.com/theopenlane/core/internal/graphapi" name="TestMutationCreateBulkMappableDomain" time="0.020000"></testcase>
		<testcase classname="github.com/theopenlane/core/internal/graphapi" name="TestUpdateMappableDomain/Update_happy_path" time="0.010000"></testcase>
		<testcase classname="github.com/theopenlane/core/internal/graphapi" name="TestUpdateMappableDomain/Update_does_not_exist" time="0.000000"></testcase>
		<testcase classname="github.com/theopenlane/core/internal/graphapi" name="TestUpdateMappableDomain/Update_not_allowed" time="0.010000"></testcase>
		<testcase classname="github.com/theopenlane/core/internal/graphapi" name="TestUpdateMappableDomain" time="0.020000"></testcase>
		<testcase classname="github.com/theopenlane/core/internal/graphapi" name="TestGetAllMappableDomains/happy_path_-_system_admin_can_see_all_domains" time="0.050000"></testcase>
		<testcase classname="github.com/theopenlane/core/internal/graphapi" name="TestGetAllMappableDomains/regular_user" time="0.020000"></testcase>
		<testcase classname="github.com/theopenlane/core/internal/graphapi" name="TestGetAllMappableDomains" time="0.120000"></testcase>
		<testcase classname="github.com/theopenlane/core/internal/graphapi" name="TestQueryMappedControl/Get_happy_path" time="0.020000"></testcase>
		<testcase classname="github.com/theopenlane/core/internal/graphapi" name="TestQueryMappedControl/Get_happy_path_system_admin" time="0.010000"></testcase>
		<testcase classname="github.com/theopenlane/core/internal/graphapi" name="TestQueryMappedControl/Get_happy_path,_read_only_user,_should_have_read_access" time="0.020000"></testcase>
		<testcase classname="github.com/theopenlane/core/internal/graphapi" name="TestQueryMappedControl/Get_happy_path,_read_only_user,_should_have_read_access_to_system_owned_mappedControl" time="0.020000"></testcase>
		<testcase classname="github.com/theopenlane/core/internal/graphapi" name="TestQueryMappedControl/Get_happy_path_using_personal_access_token" time="0.020000"></testcase>
		<testcase classname="github.com/theopenlane/core/internal/graphapi" name="TestQueryMappedControl/Get_mappedControl_not_found,_invalid_ID" time="0.000000"></testcase>
		<testcase classname="github.com/theopenlane/core/internal/graphapi" name="TestQueryMappedControl/Get_mappedControl_not_found,_using_not_authorized_user" time="0.000000"></testcase>
		<testcase classname="github.com/theopenlane/core/internal/graphapi" name="TestQueryMappedControl" time="0.290000"></testcase>
		<testcase classname="github.com/theopenlane/core/internal/graphapi" name="TestQueryMappedControls/List_happy_path" time="0.010000"></testcase>
		<testcase classname="github.com/theopenlane/core/internal/graphapi" name="TestQueryMappedControls/List_happy_path,_using_read_only_user_of_the_same_org" time="0.020000"></testcase>
		<testcase classname="github.com/theopenlane/core/internal/graphapi" name="TestQueryMappedControls/List_happy_path,_using_api_token" time="0.010000"></testcase>
		<testcase classname="github.com/theopenlane/core/internal/graphapi" name="TestQueryMappedControls/List_happy_path,_using_pat" time="0.020000"></testcase>
		<testcase classname="github.com/theopenlane/core/internal/graphapi" name="TestQueryMappedControls/List_another_user,_no_mappedControls_should_be_returned" time="0.000000"></testcase>
		<testcase classname="github.com/theopenlane/core/internal/graphapi" name="TestQueryMappedControls" time="0.200000"></testcase>
		<testcase classname="github.com/theopenlane/core/internal/graphapi" name="TestMutationCreateMappedControl/Create_happy_path,_minimal_input" time="0.070000"></testcase>
		<testcase classname="github.com/theopenlane/core/internal/graphapi" name="TestMutationCreateMappedControl/Create_happy_path,_all_input" time="0.050000"></testcase>
		<testcase classname="github.com/theopenlane/core/internal/graphapi" name="TestMutationCreateMappedControl/Create_happy_path,_using_pat" time="0.040000"></testcase>
		<testcase classname="github.com/theopenlane/core/internal/graphapi" name="TestMutationCreateMappedControl/Create_happy_path,_using_api_token" time="0.050000"></testcase>
		<testcase classname="github.com/theopenlane/core/internal/graphapi" name="TestMutationCreateMappedControl/Create_user_not_authorized_authorized_to_created_suggested_mapping,_must_be_system_admin" time="0.010000"></testcase>
		<testcase classname="github.com/theopenlane/core/internal/graphapi" name="TestMutationCreateMappedControl/Create_user_not_allowed_to_set_internal_only_fields,_must_be_system_admin" time="0.000000"></testcase>
		<testcase classname="github.com/theopenlane/core/internal/graphapi" name="TestMutationCreateMappedControl/Create_user_not_allowed_to_set_internal_only_fields,_must_be_system_admin#01" time="0.000000"></testcase>
		<testcase classname="github.com/theopenlane/core/internal/graphapi" name="TestMutationCreateMappedControl/Create_system_admin_can_create_suggested_mapping" time="0.020000"></testcase>
		<testcase classname="github.com/theopenlane/core/internal/graphapi" name="TestMutationCreateMappedControl/Create_user_not_authorized,_not_enough_permissions" time="0.000000"></testcase>
		<testcase classname="github.com/theopenlane/core/internal/graphapi" name="TestMutationCreateMappedControl/Create_invalid_confidence,_should_be_between_0_and_100" time="0.010000"></testcase>
		<testcase classname="github.com/theopenlane/core/internal/graphapi" name="TestMutationCreateMappedControl" time="0.500000"></testcase>
		<testcase classname="github.com/theopenlane/core/internal/graphapi" name="TestMutationUpdateMappedControl/Update_happy_path,_update_field" time="0.030000"></testcase>
		<testcase classname="github.com/theopenlane/core/internal/graphapi" name="TestMutationUpdateMappedControl/Update_happy_path,_update_multiple_fields" time="0.050000"></testcase>
		<testcase classname="github.com/theopenlane/core/internal/graphapi" name="TestMutationUpdateMappedControl/Update_happy_path,_remove_controls_by_org_admin" time="0.070000"></testcase>
		<testcase classname="github.com/theopenlane/core/internal/graphapi" name="TestMutationUpdateMappedControl/Update_add_controls_from_another_org,_not_allowed" time="0.010000"></testcase>
		<testcase classname="github.com/theopenlane/core/internal/graphapi" name="TestMutationUpdateMappedControl/Update_update_not_allowed,_not_enough_permissions" time="0.010000"></testcase>
		<testcase classname="github.com/theopenlane/core/internal/graphapi" name="TestMutationUpdateMappedControl/Update_update_not_allowed,_cannot_update_suggested_mapping,_not_system_admin" time="0.010000"></testcase>
		<testcase classname="github.com/theopenlane/core/internal/graphapi" name="TestMutationUpdateMappedControl/Update_update_not_allowed,_owned_by_another_org" time="0.010000"></testcase>
		<testcase classname="github.com/theopenlane/core/internal/graphapi" name="TestMutationUpdateMappedControl/Update_update_not_allowed,_no_permissions" time="0.020000"></testcase>
		<testcase classname="github.com/theopenlane/core/internal/graphapi" name="TestMutationUpdateMappedControl" time="0.580000"></testcase>
		<testcase classname="github.com/theopenlane/core/internal/graphapi" name="TestMutationDeleteMappedControl/Delete_not_authorized,_delete" time="0.000000"></testcase>
		<testcase classname="github.com/theopenlane/core/internal/graphapi" name="TestMutationDeleteMappedControl/Delete_happy_path,_delete" time="0.030000"></testcase>
		<testcase classname="github.com/theopenlane/core/internal/graphapi" name="TestMutationDeleteMappedControl/Delete_already_deleted,_not_found" time="0.000000"></testcase>
		<testcase classname="github.com/theopenlane/core/internal/graphapi" name="TestMutationDeleteMappedControl/Delete_happy_path,_delete_using_personal_access_token" time="0.010000"></testcase>
		<testcase classname="github.com/theopenlane/core/internal/graphapi" name="TestMutationDeleteMappedControl/Delete_unknown_id,_not_found" time="0.000000"></testcase>
		<testcase classname="github.com/theopenlane/core/internal/graphapi" name="TestMutationDeleteMappedControl" time="0.140000"></testcase>
		<testcase classname="github.com/theopenlane/core/internal/graphapi" name="TestQueryNarrative/Get_happy_path" time="0.050000"></testcase>
		<testcase classname="github.com/theopenlane/core/internal/graphapi" name="TestQueryNarrative/Get_read_only_user,_same_org,_no_access_to_the_program" time="0.040000"></testcase>
		<testcase classname="github.com/theopenlane/core/internal/graphapi" name="TestQueryNarrative/Get_admin_user,_access_to_the_program" time="0.050000"></testcase>
		<testcase classname="github.com/theopenlane/core/internal/graphapi" name="TestQueryNarrative/Get_happy_path_using_personal_access_token" time="0.050000"></testcase>
		<testcase classname="github.com/theopenlane/core/internal/graphapi" name="TestQueryNarrative/Get_narrative_not_found,_invalid_ID" time="0.000000"></testcase>
		<testcase classname="github.com/theopenlane/core/internal/graphapi" name="TestQueryNarrative/Get_narrative_not_found,_using_not_authorized_user" time="0.040000"></testcase>
		<testcase classname="github.com/theopenlane/core/internal/graphapi" name="TestQueryNarrative/Get_no_access,_anonymous_user" time="0.040000"></testcase>
		<testcase classname="github.com/theopenlane/core/internal/graphapi" name="TestQueryNarrative" time="0.450000"></testcase>
		<testcase classname="github.com/theopenlane/core/internal/graphapi" name="TestQueryNarratives/List_happy_path" time="0.010000"></testcase>
		<testcase classname="github.com/theopenlane/core/internal/graphapi" name="TestQueryNarratives/List_happy_path,_using_read_only_user_of_the_same_org,_no_programs_or_groups_associated" time="0.010000"></testcase>
		<testcase classname="github.com/theopenlane/core/internal/graphapi" name="TestQueryNarratives/List_happy_path,_no_access_to_the_program_or_group" time="0.020000"></testcase>
		<testcase classname="github.com/theopenlane/core/internal/graphapi" name="TestQueryNarratives/List_happy_path,_using_pat" time="0.020000"></testcase>
		<testcase classname="github.com/theopenlane/core/internal/graphapi" name="TestQueryNarratives/List_another_user,_no_narratives_should_be_returned" time="0.000000"></testcase>
		<testcase classname="github.com/theopenlane/core/internal/graphapi" name="TestQueryNarratives" time="0.390000"></testcase>
		<testcase classname="github.com/theopenlane/core/internal/graphapi" name="TestMutationCreateNarrative/Create_happy_path,_minimal_input" time="0.020000"></testcase>
		<testcase classname="github.com/theopenlane/core/internal/graphapi" name="TestMutationCreateNarrative/Create_happy_path,_all_input" time="0.030000"></testcase>
		<testcase classname="github.com/theopenlane/core/internal/graphapi" name="TestMutationCreateNarrative/Create_add_groups" time="0.060000"></testcase>
		<testcase classname="github.com/theopenlane/core/internal/graphapi" name="TestMutationCreateNarrative/Create_happy_path,_using_pat" time="0.040000"></testcase>
		<testcase classname="github.com/theopenlane/core/internal/graphapi" name="TestMutationCreateNarrative/Create_using_api_token" time="0.060000"></testcase>
		<testcase classname="github.com/theopenlane/core/internal/graphapi" name="TestMutationCreateNarrative/Create_user_not_authorized,_not_enough_permissions" time="0.010000"></testcase>
		<testcase classname="github.com/theopenlane/core/internal/graphapi" name="TestMutationCreateNarrative/Create_user_now_authorized,_added_to_group_with_creator_permissions" time="0.180000"></testcase>
		<testcase classname="github.com/theopenlane/core/internal/graphapi" name="TestMutationCreateNarrative/Create_user_authorized,_they_were_added_to_the_program" time="0.040000"></testcase>
		<testcase classname="github.com/theopenlane/core/internal/graphapi" name="TestMutationCreateNarrative/Create_user_authorized,_user_not_authorized_to_one_of_the_programs" time="0.010000"></testcase>
		<testcase classname="github.com/theopenlane/core/internal/graphapi" name="TestMutationCreateNarrative/Create_missing_required_name" time="0.010000"></testcase>
		<testcase classname="github.com/theopenlane/core/internal/graphapi" name="TestMutationCreateNarrative/Create_user_not_authorized,_no_permissions_to_one_of_the_programs" time="0.020000"></testcase>
		<testcase classname="github.com/theopenlane/core/internal/graphapi" name="TestMutationCreateNarrative" time="1.010000"></testcase>
		<testcase classname="github.com/theopenlane/core/internal/graphapi" name="TestMutationUpdateNarrative/Update_happy_path,_update_field" time="0.050000"></testcase>
		<testcase classname="github.com/theopenlane/core/internal/graphapi" name="TestMutationUpdateNarrative/Update_happy_path,_update_multiple_fields" time="0.040000"></testcase>
		<testcase classname="github.com/theopenlane/core/internal/graphapi" name="TestMutationUpdateNarrative/Update_update_not_allowed,_not_permissions_in_same_org" time="0.010000"></testcase>
		<testcase classname="github.com/theopenlane/core/internal/graphapi" name="TestMutationUpdateNarrative/Update_update_not_allowed,_no_permissions" time="0.000000"></testcase>
		<testcase classname="github.com/theopenlane/core/internal/graphapi" name="TestMutationUpdateNarrative" time="0.630000"></testcase>
		<testcase classname="github.com/theopenlane/core/internal/graphapi" name="TestMutationDeleteNarrative/Delete_not_authorized,_delete" time="0.010000"></testcase>
		<testcase classname="github.com/theopenlane/core/internal/graphapi" name="TestMutationDeleteNarrative/Delete_happy_path,_delete" time="0.030000"></testcase>
		<testcase classname="github.com/theopenlane/core/internal/graphapi" name="TestMutationDeleteNarrative/Delete_already_deleted,_not_found" time="0.000000"></testcase>
		<testcase classname="github.com/theopenlane/core/internal/graphapi" name="TestMutationDeleteNarrative/Delete_happy_path,_delete_using_personal_access_token" time="0.020000"></testcase>
		<testcase classname="github.com/theopenlane/core/internal/graphapi" name="TestMutationDeleteNarrative/Delete_unknown_id,_not_found" time="0.000000"></testcase>
		<testcase classname="github.com/theopenlane/core/internal/graphapi" name="TestMutationDeleteNarrative" time="0.090000"></testcase>
		<testcase classname="github.com/theopenlane/core/internal/graphapi" name="TestMutationUpdateNote/Create_happy_path,_minimal_input" time="0.090000"></testcase>
		<testcase classname="github.com/theopenlane/core/internal/graphapi" name="TestMutationUpdateNote/Create_happy_path_with_PAT" time="0.050000"></testcase>
		<testcase classname="github.com/theopenlane/core/internal/graphapi" name="TestMutationUpdateNote/Create_missing_required_field_-_text" time="0.010000"></testcase>
		<testcase classname="github.com/theopenlane/core/internal/graphapi" name="TestMutationUpdateNote/Create_task_not_found" time="0.000000"></testcase>
		<testcase classname="github.com/theopenlane/core/internal/graphapi" name="TestMutationUpdateNote" time="0.180000"></testcase>
		<testcase classname="github.com/theopenlane/core/internal/graphapi" name="TestMutationDeleteNote/Delete_happy_path" time="0.080000"></testcase>
		<testcase classname="github.com/theopenlane/core/internal/graphapi" name="TestMutationDeleteNote/Delete_happy_path_with_PAT" time="0.100000"></testcase>
		<testcase classname="github.com/theopenlane/core/internal/graphapi" name="TestMutationDeleteNote/Delete_comment_not_found" time="0.000000"></testcase>
		<testcase classname="github.com/theopenlane/core/internal/graphapi" name="TestMutationDeleteNote" time="0.210000"></testcase>
		<testcase classname="github.com/theopenlane/core/internal/graphapi" name="TestQueryNote/Query_happy_path" time="0.010000"></testcase>
		<testcase classname="github.com/theopenlane/core/internal/graphapi" name="TestQueryNote/Query_happy_path_with_PAT" time="0.010000"></testcase>
		<testcase classname="github.com/theopenlane/core/internal/graphapi" name="TestQueryNote/Query_note_not_found" time="0.000000"></testcase>
		<testcase classname="github.com/theopenlane/core/internal/graphapi" name="TestQueryNote/Query_unauthorized_user" time="0.000000"></testcase>
		<testcase classname="github.com/theopenlane/core/internal/graphapi" name="TestQueryNote" time="0.090000"></testcase>
		<testcase classname="github.com/theopenlane/core/internal/graphapi" name="TestMutationDeleteOrganization/Delete_delete_org,_access_denied" time="0.010000"></testcase>
		<testcase classname="github.com/theopenlane/core/internal/graphapi" name="TestMutationDeleteOrganization/Delete_delete_org,_not_found" time="0.010000"></testcase>
		<testcase classname="github.com/theopenlane/core/internal/graphapi" name="TestMutationDeleteOrganization/Delete_delete_org,_happy_path" time="0.190000"></testcase>
		<testcase classname="github.com/theopenlane/core/internal/graphapi" name="TestMutationDeleteOrganization/Delete_delete_org,_personal_org_not_allowed" time="0.020000"></testcase>
		<testcase classname="github.com/theopenlane/core/internal/graphapi" name="TestMutationDeleteOrganization/Delete_delete_org,_not_found#01" time="0.000000"></testcase>
		<testcase classname="github.com/theopenlane/core/internal/graphapi" name="TestMutationDeleteOrganization" time="0.450000"></testcase>
		<testcase classname="github.com/theopenlane/core/internal/graphapi" name="TestQueryPersonalAccessToken/Get_happy_path_pat" time="0.010000"></testcase>
		<testcase classname="github.com/theopenlane/core/internal/graphapi" name="TestQueryPersonalAccessToken/Get_not_found" time="0.000000"></testcase>
		<testcase classname="github.com/theopenlane/core/internal/graphapi" name="TestQueryPersonalAccessToken/Get_not_found#01" time="0.000000"></testcase>
		<testcase classname="github.com/theopenlane/core/internal/graphapi" name="TestQueryPersonalAccessToken" time="0.010000"></testcase>
		<testcase classname="github.com/theopenlane/core/internal/graphapi" name="TestQueryPersonalAccessTokens/List_happy_path,_all_pats" time="0.010000"></testcase>
		<testcase classname="github.com/theopenlane/core/internal/graphapi" name="TestQueryPersonalAccessTokens" time="0.010000"></testcase>
		<testcase classname="github.com/theopenlane/core/internal/graphapi" name="TestMutationCreatePersonalAccessToken/Create_happy_path" time="0.010000"></testcase>
		<testcase classname="github.com/theopenlane/core/internal/graphapi" name="TestMutationCreatePersonalAccessToken/Create_bad_path,_set_expire_to_the_past" time="0.000000"></testcase>
		<testcase classname="github.com/theopenlane/core/internal/graphapi" name="TestMutationCreatePersonalAccessToken/Create_happy_path,_set_expire" time="0.010000"></testcase>
		<testcase classname="github.com/theopenlane/core/internal/graphapi" name="TestMutationCreatePersonalAccessToken/Create_happy_path,_set_orgs" time="0.010000"></testcase>
		<testcase classname="github.com/theopenlane/core/internal/graphapi" name="TestMutationCreatePersonalAccessToken/Create_happy_path,_name_only" time="0.010000"></testcase>
		<testcase classname="github.com/theopenlane/core/internal/graphapi" name="TestMutationCreatePersonalAccessToken/Create_empty_name" time="0.000000"></testcase>
		<testcase classname="github.com/theopenlane/core/internal/graphapi" name="TestMutationCreatePersonalAccessToken/Create_setting_other_user_id" time="0.010000"></testcase>
		<testcase classname="github.com/theopenlane/core/internal/graphapi" name="TestMutationCreatePersonalAccessToken" time="0.060000"></testcase>
		<testcase classname="github.com/theopenlane/core/internal/graphapi" name="TestMutationUpdatePersonalAccessToken/Update_happy_path,_update_name" time="0.010000"></testcase>
		<testcase classname="github.com/theopenlane/core/internal/graphapi" name="TestMutationUpdatePersonalAccessToken/Update_happy_path,_update_description" time="0.010000"></testcase>
		<testcase classname="github.com/theopenlane/core/internal/graphapi" name="TestMutationUpdatePersonalAccessToken/Update_happy_path,_add_org" time="0.010000"></testcase>
		<testcase classname="github.com/theopenlane/core/internal/graphapi" name="TestMutationUpdatePersonalAccessToken/Update_happy_path,_remove_org" time="0.020000"></testcase>
		<testcase classname="github.com/theopenlane/core/internal/graphapi" name="TestMutationUpdatePersonalAccessToken/Update_invalid_token_id" time="0.000000"></testcase>
		<testcase classname="github.com/theopenlane/core/internal/graphapi" name="TestMutationUpdatePersonalAccessToken/Update_not_authorized" time="0.000000"></testcase>
		<testcase classname="github.com/theopenlane/core/internal/graphapi" name="TestMutationUpdatePersonalAccessToken" time="0.080000"></testcase>
		<testcase classname="github.com/theopenlane/core/internal/graphapi" name="TestMutationDeletePersonalAccessToken/Delete_happy_path,_delete_token" time="0.000000"></testcase>
		<testcase classname="github.com/theopenlane/core/internal/graphapi" name="TestMutationDeletePersonalAccessToken/Delete_delete_someone_else&#39;s_token,_no_go" time="0.000000"></testcase>
		<testcase classname="github.com/theopenlane/core/internal/graphapi" name="TestMutationDeletePersonalAccessToken" time="0.010000"></testcase>
		<testcase classname="github.com/theopenlane/core/internal/graphapi" name="TestLastUsedPersonalAccessToken" time="0.020000"></testcase>
		<testcase classname="github.com/theopenlane/core/internal/graphapi" name="TestQueryProcedure/Get_happy_path" time="0.010000"></testcase>
		<testcase classname="github.com/theopenlane/core/internal/graphapi" name="TestQueryProcedure/Get_happy_path,_read_only_user" time="0.010000"></testcase>
		<testcase classname="github.com/theopenlane/core/internal/graphapi" name="TestQueryProcedure/Get_happy_path_using_personal_access_token" time="0.020000"></testcase>
		<testcase classname="github.com/theopenlane/core/internal/graphapi" name="TestQueryProcedure/Get_procedure_not_found,_invalid_ID" time="0.000000"></testcase>
		<testcase classname="github.com/theopenlane/core/internal/graphapi" name="TestQueryProcedure/Get_procedure_not_found,_using_not_authorized_user" time="0.000000"></testcase>
		<testcase classname="github.com/theopenlane/core/internal/graphapi" name="TestQueryProcedure/Get_no_access,_anonymous_user" time="0.000000"></testcase>
		<testcase classname="github.com/theopenlane/core/internal/graphapi" name="TestQueryProcedure" time="0.070000"></testcase>
		<testcase classname="github.com/theopenlane/core/internal/graphapi" name="TestQueryProcedures/List_happy_path" time="0.010000"></testcase>
		<testcase classname="github.com/theopenlane/core/internal/graphapi" name="TestQueryProcedures/List_happy_path,_using_read_only_user_of_the_same_org" time="0.010000"></testcase>
		<testcase classname="github.com/theopenlane/core/internal/graphapi" name="TestQueryProcedures/List_happy_path,_using_api_token" time="0.020000"></testcase>
		<testcase classname="github.com/theopenlane/core/internal/graphapi" name="TestQueryProcedures/List_happy_path,_using_pat" time="0.020000"></testcase>
		<testcase classname="github.com/theopenlane/core/internal/graphapi" name="TestQueryProcedures/List_another_user,_no_procedures_should_be_returned" time="0.010000"></testcase>
		<testcase classname="github.com/theopenlane/core/internal/graphapi" name="TestQueryProcedures" time="0.110000"></testcase>
		<testcase classname="github.com/theopenlane/core/internal/graphapi" name="TestMutationCreateProcedure/Create_happy_path,_minimal_input" time="0.030000"></testcase>
		<testcase classname="github.com/theopenlane/core/internal/graphapi" name="TestMutationCreateProcedure/Create_happy_path,_all_input_except_edges,_you_should_have_to_have_view_access_to_a_group_to_add_it_as_an_edge_on_this_object" time="0.050000"></testcase>
		<testcase classname="github.com/theopenlane/core/internal/graphapi" name="TestMutationCreateProcedure/Create_add_editor_group" time="0.050000"></testcase>
		<testcase classname="github.com/theopenlane/core/internal/graphapi" name="TestMutationCreateProcedure/Create_add_editor_group,_again_-_ensures_the_same_group_can_be_added_to_multiple_procedures" time="0.050000"></testcase>
		<testcase classname="github.com/theopenlane/core/internal/graphapi" name="TestMutationCreateProcedure/Create_happy_path,_using_pat" time="0.040000"></testcase>
		<testcase classname="github.com/theopenlane/core/internal/graphapi" name="TestMutationCreateProcedure/Create_happy_path_with_details,_using_pat" time="0.030000"></testcase>
		<testcase classname="github.com/theopenlane/core/internal/graphapi" name="TestMutationCreateProcedure/Create_happy_path,_using_api_token" time="0.030000"></testcase>
		<testcase classname="github.com/theopenlane/core/internal/graphapi" name="TestMutationCreateProcedure/Create_user_not_authorized,_not_enough_permissions" time="0.010000"></testcase>
		<testcase classname="github.com/theopenlane/core/internal/graphapi" name="TestMutationCreateProcedure/Create_user_now_authorized,_add_group_to_org_first" time="0.180000"></testcase>
		<testcase classname="github.com/theopenlane/core/internal/graphapi" name="TestMutationCreateProcedure/Create_missing_required_field" time="0.010000"></testcase>
		<testcase classname="github.com/theopenlane/core/internal/graphapi" name="TestMutationCreateProcedure" time="0.780000"></testcase>
		<testcase classname="github.com/theopenlane/core/internal/graphapi" name="TestMutationUpdateProcedure/Update_happy_path,_update_name_field,_and_add_group" time="0.070000"></testcase>
		<testcase classname="github.com/theopenlane/core/internal/graphapi" name="TestMutationUpdateProcedure/Update_happy_path,_update_multiple_fields" time="0.040000"></testcase>
		<testcase classname="github.com/theopenlane/core/internal/graphapi" name="TestMutationUpdateProcedure/Update_update_not_allowed,_not_enough_permissions" time="0.020000"></testcase>
		<testcase classname="github.com/theopenlane/core/internal/graphapi" name="TestMutationUpdateProcedure/Update_update_not_allowed,_not_enough_permissions#01" time="0.020000"></testcase>
		<testcase classname="github.com/theopenlane/core/internal/graphapi" name="TestMutationUpdateProcedure/Update_update_allowed,_details_updated" time="0.040000"></testcase>
		<testcase classname="github.com/theopenlane/core/internal/graphapi" name="TestMutationUpdateProcedure/Update_update_allowed,_user_in_editor_group" time="0.040000"></testcase>
		<testcase classname="github.com/theopenlane/core/internal/graphapi" name="TestMutationUpdateProcedure/Update_member_update_allowed,_user_in_editor_group" time="0.040000"></testcase>
		<testcase classname="github.com/theopenlane/core/internal/graphapi" name="TestMutationUpdateProcedure/Update_happy_path,_block_the_group_from_editing" time="0.040000"></testcase>
		<testcase classname="github.com/theopenlane/core/internal/graphapi" name="TestMutationUpdateProcedure/Update_member_update_no_longer_allowed,_user_in_blocked_group" time="0.010000"></testcase>
		<testcase classname="github.com/theopenlane/core/internal/graphapi" name="TestMutationUpdateProcedure/Update_happy_path,_remove_the_group" time="0.040000"></testcase>
		<testcase classname="github.com/theopenlane/core/internal/graphapi" name="TestMutationUpdateProcedure/Update_update_not_allowed,_editor_group_was_removed" time="0.030000"></testcase>
		<testcase classname="github.com/theopenlane/core/internal/graphapi" name="TestMutationUpdateProcedure/Update_update_not_allowed,_no_permissions" time="0.000000"></testcase>
		<testcase classname="github.com/theopenlane/core/internal/graphapi" name="TestMutationUpdateProcedure" time="1.540000"></testcase>
		<testcase classname="github.com/theopenlane/core/internal/graphapi" name="TestMutationDeleteProcedure/Delete_not_authorized,_delete" time="0.000000"></testcase>
		<testcase classname="github.com/theopenlane/core/internal/graphapi" name="TestMutationDeleteProcedure/Delete_happy_path,_delete" time="0.020000"></testcase>
		<testcase classname="github.com/theopenlane/core/internal/graphapi" name="TestMutationDeleteProcedure/Delete_already_deleted,_not_found" time="0.000000"></testcase>
		<testcase classname="github.com/theopenlane/core/internal/graphapi" name="TestMutationDeleteProcedure/Delete_happy_path,_delete_using_personal_access_token" time="0.050000"></testcase>
		<testcase classname="github.com/theopenlane/core/internal/graphapi" name="TestMutationDeleteProcedure/Delete_unknown_id,_not_found" time="0.000000"></testcase>
		<testcase classname="github.com/theopenlane/core/internal/graphapi" name="TestMutationDeleteProcedure" time="0.100000"></testcase>
		<testcase classname="github.com/theopenlane/core/internal/graphapi" name="TestMutationUpdateBulkProcedure/Bulk_Update_happy_path,_update_multiple_procedures" time="0.130000"></testcase>
		<testcase classname="github.com/theopenlane/core/internal/graphapi" name="TestMutationUpdateBulkProcedure/Bulk_Update_happy_path,_editor_permissions" time="0.100000"></testcase>
		<testcase classname="github.com/theopenlane/core/internal/graphapi" name="TestMutationUpdateBulkProcedure/Bulk_Update_empty_ids_array" time="0.000000"></testcase>
		<testcase classname="github.com/theopenlane/core/internal/graphapi" name="TestMutationUpdateBulkProcedure/Bulk_Update_mixed_success_and_failure_-_some_procedures_not_authorized" time="0.020000"></testcase>
		<testcase classname="github.com/theopenlane/core/internal/graphapi" name="TestMutationUpdateBulkProcedure/Bulk_Update_update_not_allowed,_no_permissions_to_procedures" time="0.000000"></testcase>
		<testcase classname="github.com/theopenlane/core/internal/graphapi" name="TestMutationUpdateBulkProcedure" time="1.010000"></testcase>
		<testcase classname="github.com/theopenlane/core/internal/graphapi" name="TestQueryProgram/Get_happy_path" time="0.040000"></testcase>
		<testcase classname="github.com/theopenlane/core/internal/graphapi" name="TestQueryProgram/Get_happy_path,_program_created_by_admin_user" time="0.040000"></testcase>
		<testcase classname="github.com/theopenlane/core/internal/graphapi" name="TestQueryProgram/Get_happy_path_using_personal_access_token" time="0.050000"></testcase>
		<testcase classname="github.com/theopenlane/core/internal/graphapi" name="TestQueryProgram/Get_archived_program_-_happy_path_using_personal_access_token" time="0.050000"></testcase>
		<testcase classname="github.com/theopenlane/core/internal/graphapi" name="TestQueryProgram/Get_no_access,_user_of_same_org" time="0.030000"></testcase>
		<testcase classname="github.com/theopenlane/core/internal/graphapi" name="TestQueryProgram/Get_no_access,_user_of_different_org" time="0.000000"></testcase>
		<testcase classname="github.com/theopenlane/core/internal/graphapi" name="TestQueryProgram/Get_no_access,_anonymous_user" time="0.000000"></testcase>
		<testcase classname="github.com/theopenlane/core/internal/graphapi" name="TestQueryProgram" time="0.410000"></testcase>
		<testcase classname="github.com/theopenlane/core/internal/graphapi" name="TestQueryPrograms/Get_happy_path,_org_owner_should_see_all_programs" time="0.050000"></testcase>
		<testcase classname="github.com/theopenlane/core/internal/graphapi" name="TestQueryPrograms/Get_happy_path_using_personal_access_token" time="0.060000"></testcase>
		<testcase classname="github.com/theopenlane/core/internal/graphapi" name="TestQueryPrograms/Get_view_only_user_has_not_been_added_to_any_programs" time="0.040000"></testcase>
		<testcase classname="github.com/theopenlane/core/internal/graphapi" name="TestQueryPrograms/Get_admin_user_should_see_the_program_they_created" time="0.060000"></testcase>
		<testcase classname="github.com/theopenlane/core/internal/graphapi" name="TestQueryPrograms/Get_owner_of_the_other_organization_should_see_the_program_they_created" time="0.030000"></testcase>
		<testcase classname="github.com/theopenlane/core/internal/graphapi" name="TestQueryPrograms" time="0.870000"></testcase>
		<testcase classname="github.com/theopenlane/core/internal/graphapi" name="TestMutationCreateProgram/Create_happy_path,_minimal_input" time="0.120000"></testcase>
		<testcase classname="github.com/theopenlane/core/internal/graphapi" name="TestMutationCreateProgram/Create_happy_path,_all_basic_input" time="0.080000"></testcase>
		<testcase classname="github.com/theopenlane/core/internal/graphapi" name="TestMutationCreateProgram/Create_happy_path,_edges" time="0.110000"></testcase>
		<testcase classname="github.com/theopenlane/core/internal/graphapi" name="TestMutationCreateProgram/Create_add_editor_group" time="0.140000"></testcase>
		<testcase classname="github.com/theopenlane/core/internal/graphapi" name="TestMutationCreateProgram/Create_add_editor_group,_no_access_to_group" time="0.010000"></testcase>
		<testcase classname="github.com/theopenlane/core/internal/graphapi" name="TestMutationCreateProgram/Create_happy_path,_using_pat" time="0.110000"></testcase>
		<testcase classname="github.com/theopenlane/core/internal/graphapi" name="TestMutationCreateProgram/Create_happy_path,_using_api_token" time="0.120000"></testcase>
		<testcase classname="github.com/theopenlane/core/internal/graphapi" name="TestMutationCreateProgram/Create_user_not_authorized,_not_enough_permissions" time="0.010000"></testcase>
		<testcase classname="github.com/theopenlane/core/internal/graphapi" name="TestMutationCreateProgram/Create_user_now_authorized,_added_to_group_with_creator_permissions" time="0.250000"></testcase>
		<testcase classname="github.com/theopenlane/core/internal/graphapi" name="TestMutationCreateProgram/Create_user_not_authorized,_no_permissions,_owner_id_set_to_correct_org" time="0.100000"></testcase>
		<testcase classname="github.com/theopenlane/core/internal/graphapi" name="TestMutationCreateProgram/Create_missing_required_field" time="0.000000"></testcase>
		<testcase classname="github.com/theopenlane/core/internal/graphapi" name="TestMutationCreateProgram/Create_invalid_auditor_email" time="0.010000"></testcase>
		<testcase classname="github.com/theopenlane/core/internal/graphapi" name="TestMutationCreateProgram" time="1.480000"></testcase>
		<testcase classname="github.com/theopenlane/core/internal/graphapi" name="TestMutationUpdateProgram/Update_happy_path,_update_field" time="0.110000"></testcase>
		<testcase classname="github.com/theopenlane/core/internal/graphapi" name="TestMutationUpdateProgram/Update_happy_path,_update_multiple_fields_using_pat" time="0.070000"></testcase>
		<testcase classname="github.com/theopenlane/core/internal/graphapi" name="TestMutationUpdateProgram/Update_remove_program_member,_can_remove_self_if_org_owner" time="0.120000"></testcase>
		<testcase classname="github.com/theopenlane/core/internal/graphapi" name="TestMutationUpdateProgram/Update_add_program_member,_cannot_add_self" time="0.000000"></testcase>
		<testcase classname="github.com/theopenlane/core/internal/graphapi" name="TestMutationUpdateProgram/Update_add_program_member,_can_add_another_user" time="0.070000"></testcase>
		<testcase classname="github.com/theopenlane/core/internal/graphapi" name="TestMutationUpdateProgram/Update_happy_path,_remove_program_member" time="0.110000"></testcase>
		<testcase classname="github.com/theopenlane/core/internal/graphapi" name="TestMutationUpdateProgram/Update_happy_path,_re-add_program_member_as_editor" time="0.070000"></testcase>
		<testcase classname="github.com/theopenlane/core/internal/graphapi" name="TestMutationUpdateProgram/Update_happy_path,_update_edge_-_procedure" time="0.060000"></testcase>
		<testcase classname="github.com/theopenlane/core/internal/graphapi" name="TestMutationUpdateProgram/Update_happy_path,_update_edge_-_policy" time="0.100000"></testcase>
		<testcase classname="github.com/theopenlane/core/internal/graphapi" name="TestMutationUpdateProgram/Update_update_edge_-_procedure_-_not_allowed_to_access_procedure" time="0.010000"></testcase>
		<testcase classname="github.com/theopenlane/core/internal/graphapi" name="TestMutationUpdateProgram/Update_update_edge_-_policy_-_not_allowed_to_access_procedure" time="0.020000"></testcase>
		<testcase classname="github.com/theopenlane/core/internal/graphapi" name="TestMutationUpdateProgram/Update_update_not_allowed,_not_enough_permissions" time="0.020000"></testcase>
		<testcase classname="github.com/theopenlane/core/internal/graphapi" name="TestMutationUpdateProgram/Update_update_not_allowed,_no_permissions" time="0.000000"></testcase>
		<testcase classname="github.com/theopenlane/core/internal/graphapi" name="TestMutationUpdateProgram/Update_update_allowed,_user_in_editor_group" time="0.050000"></testcase>
		<testcase classname="github.com/theopenlane/core/internal/graphapi" name="TestMutationUpdateProgram/Update_update_not_allowed,_program_is_archived_and_status_update_is_archived" time="0.020000"></testcase>
		<testcase classname="github.com/theopenlane/core/internal/graphapi" name="TestMutationUpdateProgram/Update_update_not_allowed,_program_is_archived" time="0.020000"></testcase>
		<testcase classname="github.com/theopenlane/core/internal/graphapi" name="TestMutationUpdateProgram/Update_update_allowed,_program_is_archived_but_status_is_updated" time="0.050000"></testcase>
		<testcase classname="github.com/theopenlane/core/internal/graphapi" name="TestMutationUpdateProgram/Update_update_allowed,_program_is_not_archived_but_updated_to_archived_state" time="0.080000"></testcase>
		<testcase classname="github.com/theopenlane/core/internal/graphapi" name="TestMutationUpdateProgram/Update_update_allowed,_program_is_archived_but_updated_to_in_progress_state" time="0.120000"></testcase>
		<testcase classname="github.com/theopenlane/core/internal/graphapi" name="TestMutationUpdateProgram" time="2.840000"></testcase>
		<testcase classname="github.com/theopenlane/core/internal/graphapi" name="TestMutationDeleteProgram/Delete_not_authorized,_delete_program" time="0.000000"></testcase>
		<testcase classname="github.com/theopenlane/core/internal/graphapi" name="TestMutationDeleteProgram/Delete_happy_path,_delete_program" time="0.080000"></testcase>
		<testcase classname="github.com/theopenlane/core/internal/graphapi" name="TestMutationDeleteProgram/Delete_program_already_deleted,_not_found" time="0.000000"></testcase>
		<testcase classname="github.com/theopenlane/core/internal/graphapi" name="TestMutationDeleteProgram/Delete_happy_path,_delete_program_using_personal_access_token" time="0.090000"></testcase>
		<testcase classname="github.com/theopenlane/core/internal/graphapi" name="TestMutationDeleteProgram/Delete_unknown_program,_not_found" time="0.000000"></testcase>
		<testcase classname="github.com/theopenlane/core/internal/graphapi" name="TestMutationDeleteProgram" time="0.190000"></testcase>
		<testcase classname="github.com/theopenlane/core/internal/graphapi" name="TestMutationCreateProgramMembers/Create_happy_path,_add_admin" time="0.020000"></testcase>
		<testcase classname="github.com/theopenlane/core/internal/graphapi" name="TestMutationCreateProgramMembers/Create_happy_path,_add_member_using_personal_access_token" time="0.030000"></testcase>
		<testcase classname="github.com/theopenlane/core/internal/graphapi" name="TestMutationCreateProgramMembers/Create_cannot_add_self_to_program" time="0.000000"></testcase>
		<testcase classname="github.com/theopenlane/core/internal/graphapi" name="TestMutationCreateProgramMembers/Create_add_member,_no_access" time="0.000000"></testcase>
		<testcase classname="github.com/theopenlane/core/internal/graphapi" name="TestMutationCreateProgramMembers/Create_owner_relation_not_valid_for_programs" time="0.000000"></testcase>
		<testcase classname="github.com/theopenlane/core/internal/graphapi" name="TestMutationCreateProgramMembers/Create_duplicate_user,_different_role" time="0.010000"></testcase>
		<testcase classname="github.com/theopenlane/core/internal/graphapi" name="TestMutationCreateProgramMembers/Create_invalid_user" time="0.010000"></testcase>
		<testcase classname="github.com/theopenlane/core/internal/graphapi" name="TestMutationCreateProgramMembers/Create_invalid_program" time="0.000000"></testcase>
		<testcase classname="github.com/theopenlane/core/internal/graphapi" name="TestMutationCreateProgramMembers/Create_invalid_role" time="0.000000"></testcase>
		<testcase classname="github.com/theopenlane/core/internal/graphapi" name="TestMutationCreateProgramMembers" time="0.510000"></testcase>
		<testcase classname="github.com/theopenlane/core/internal/graphapi" name="TestMutationUpdateProgramMembers/Update_happy_path,_update_to_admin_from_member" time="0.100000"></testcase>
		<testcase classname="github.com/theopenlane/core/internal/graphapi" name="TestMutationUpdateProgramMembers/Update_update_self_from_admin_to_member_allowed_because_user_is_org_owner" time="0.100000"></testcase>
		<testcase classname="github.com/theopenlane/core/internal/graphapi" name="TestMutationUpdateProgramMembers/Update_update_self_from_member_to_admin_of_self_not_allowed" time="0.120000"></testcase>
		<testcase classname="github.com/theopenlane/core/internal/graphapi" name="TestMutationUpdateProgramMembers/Update_happy_path,_update_to_admin_from_member_using_personal_access_token" time="0.100000"></testcase>
		<testcase classname="github.com/theopenlane/core/internal/graphapi" name="TestMutationUpdateProgramMembers/Update_invalid_role" time="0.000000"></testcase>
		<testcase classname="github.com/theopenlane/core/internal/graphapi" name="TestMutationUpdateProgramMembers/Update_no_access" time="0.000000"></testcase>
		<testcase classname="github.com/theopenlane/core/internal/graphapi" name="TestMutationUpdateProgramMembers" time="0.680000"></testcase>
		<testcase classname="github.com/theopenlane/core/internal/graphapi" name="TestQueryRisk/Get_happy_path" time="0.050000"></testcase>
		<testcase classname="github.com/theopenlane/core/internal/graphapi" name="TestQueryRisk/Get_read_only_user,_same_org,_no_access_to_the_program" time="0.050000"></testcase>
		<testcase classname="github.com/theopenlane/core/internal/graphapi" name="TestQueryRisk/Get_admin_user,_access_to_the_program" time="0.040000"></testcase>
		<testcase classname="github.com/theopenlane/core/internal/graphapi" name="TestQueryRisk/Get_happy_path_using_personal_access_token" time="0.050000"></testcase>
		<testcase classname="github.com/theopenlane/core/internal/graphapi" name="TestQueryRisk/Get_risk_not_found,_invalid_ID" time="0.000000"></testcase>
		<testcase classname="github.com/theopenlane/core/internal/graphapi" name="TestQueryRisk/Get_risk_not_found,_using_not_authorized_user" time="0.030000"></testcase>
		<testcase classname="github.com/theopenlane/core/internal/graphapi" name="TestQueryRisk/Get_no_access,_anonymous_user" time="0.030000"></testcase>
		<testcase classname="github.com/theopenlane/core/internal/graphapi" name="TestQueryRisk" time="0.370000"></testcase>
		<testcase classname="github.com/theopenlane/core/internal/graphapi" name="TestQueryRisks/List_happy_path" time="0.020000"></testcase>
		<testcase classname="github.com/theopenlane/core/internal/graphapi" name="TestQueryRisks/List_happy_path,_using_read_only_user_of_the_same_org,_no_programs_or_groups_associated" time="0.020000"></testcase>
		<testcase classname="github.com/theopenlane/core/internal/graphapi" name="TestQueryRisks/List_happy_path,_no_access_to_the_program_or_group" time="0.030000"></testcase>
		<testcase classname="github.com/theopenlane/core/internal/graphapi" name="TestQueryRisks/List_happy_path,_using_pat" time="0.030000"></testcase>
		<testcase classname="github.com/theopenlane/core/internal/graphapi" name="TestQueryRisks/List_another_user,_no_risks_should_be_returned" time="0.010000"></testcase>
		<testcase classname="github.com/theopenlane/core/internal/graphapi" name="TestQueryRisks" time="0.130000"></testcase>
		<testcase classname="github.com/theopenlane/core/internal/graphapi" name="TestMutationCreateRisk/Create_happy_path,_minimal_input" time="0.020000"></testcase>
		<testcase classname="github.com/theopenlane/core/internal/graphapi" name="TestMutationCreateRisk/Create_happy_path,_all_input" time="0.050000"></testcase>
		<testcase classname="github.com/theopenlane/core/internal/graphapi" name="TestMutationCreateRisk/Create_add_groups" time="0.050000"></testcase>
		<testcase classname="github.com/theopenlane/core/internal/graphapi" name="TestMutationCreateRisk/Create_happy_path,_using_pat" time="0.030000"></testcase>
		<testcase classname="github.com/theopenlane/core/internal/graphapi" name="TestMutationCreateRisk/Create_using_api_token" time="0.040000"></testcase>
		<testcase classname="github.com/theopenlane/core/internal/graphapi" name="TestMutationCreateRisk/Create_user_not_authorized,_not_enough_permissions" time="0.010000"></testcase>
		<testcase classname="github.com/theopenlane/core/internal/graphapi" name="TestMutationCreateRisk/Create_user_now_authorized,_added_group_to_org" time="0.180000"></testcase>
		<testcase classname="github.com/theopenlane/core/internal/graphapi" name="TestMutationCreateRisk/Create_user_authorized,_they_were_added_to_the_program" time="0.030000"></testcase>
		<testcase classname="github.com/theopenlane/core/internal/graphapi" name="TestMutationCreateRisk/Create_user_authorized,_user_not_authorized_to_one_of_the_programs" time="0.010000"></testcase>
		<testcase classname="github.com/theopenlane/core/internal/graphapi" name="TestMutationCreateRisk/Create_missing_required_name" time="0.000000"></testcase>
		<testcase classname="github.com/theopenlane/core/internal/graphapi" name="TestMutationCreateRisk/Create_user_not_authorized,_no_permissions_to_one_of_the_programs" time="0.000000"></testcase>
		<testcase classname="github.com/theopenlane/core/internal/graphapi" name="TestMutationCreateRisk" time="1.380000"></testcase>
		<testcase classname="github.com/theopenlane/core/internal/graphapi" name="TestMutationUpdateRisk/Update_happy_path,_update_field" time="0.080000"></testcase>
		<testcase classname="github.com/theopenlane/core/internal/graphapi" name="TestMutationUpdateRisk/Update_happy_path,_update_multiple_fields" time="0.050000"></testcase>
		<testcase classname="github.com/theopenlane/core/internal/graphapi" name="TestMutationUpdateRisk/Update_update_not_allowed,_not_permissions_in_same_org" time="0.010000"></testcase>
		<testcase classname="github.com/theopenlane/core/internal/graphapi" name="TestMutationUpdateRisk/Update_update_not_allowed,_no_permissions" time="0.000000"></testcase>
		<testcase classname="github.com/theopenlane/core/internal/graphapi" name="TestMutationUpdateRisk" time="0.910000"></testcase>
		<testcase classname="github.com/theopenlane/core/internal/graphapi" name="TestMutationDeleteRisk/Delete_not_authorized,_delete" time="0.000000"></testcase>
		<testcase classname="github.com/theopenlane/core/internal/graphapi" name="TestMutationDeleteRisk/Delete_happy_path,_delete" time="0.010000"></testcase>
		<testcase classname="github.com/theopenlane/core/internal/graphapi" name="TestMutationDeleteRisk/Delete_already_deleted,_not_found" time="0.000000"></testcase>
		<testcase classname="github.com/theopenlane/core/internal/graphapi" name="TestMutationDeleteRisk/Delete_happy_path,_delete_using_personal_access_token" time="0.020000"></testcase>
		<testcase classname="github.com/theopenlane/core/internal/graphapi" name="TestMutationDeleteRisk/Delete_unknown_id,_not_found" time="0.000000"></testcase>
		<testcase classname="github.com/theopenlane/core/internal/graphapi" name="TestMutationDeleteRisk" time="0.060000"></testcase>
		<testcase classname="github.com/theopenlane/core/internal/graphapi" name="TestMutationUpdateBulkRisk/Bulk_Update_happy_path,_update_multiple_risks_with_same_fields" time="0.030000"></testcase>
		<testcase classname="github.com/theopenlane/core/internal/graphapi" name="TestMutationUpdateBulkRisk/Bulk_Update_happy_path,_update_risk_type_and_score" time="0.020000"></testcase>
		<testcase classname="github.com/theopenlane/core/internal/graphapi" name="TestMutationUpdateBulkRisk/Bulk_Update_empty_ids_array" time="0.000000"></testcase>
		<testcase classname="github.com/theopenlane/core/internal/graphapi" name="TestMutationUpdateBulkRisk/Bulk_Update_mixed_success_and_failure_-_some_risks_not_authorized" time="0.020000"></testcase>
		<testcase classname="github.com/theopenlane/core/internal/graphapi" name="TestMutationUpdateBulkRisk/Bulk_Update_update_not_allowed,_no_permissions_to_risks" time="0.000000"></testcase>
		<testcase classname="github.com/theopenlane/core/internal/graphapi" name="TestMutationUpdateBulkRisk" time="0.300000"></testcase>
		<testcase classname="github.com/theopenlane/core/internal/graphapi" name="TestQueryScheduledJob/Get_happy_path_user" time="0.010000"></testcase>
		<testcase classname="github.com/theopenlane/core/internal/graphapi" name="TestQueryScheduledJob/Get_happy_path_admin_user" time="0.010000"></testcase>
		<testcase classname="github.com/theopenlane/core/internal/graphapi" name="TestQueryScheduledJob/Get_happy_path_view_only_user" time="0.010000"></testcase>
		<testcase classname="github.com/theopenlane/core/internal/graphapi" name="TestQueryScheduledJob/Get_happy_path_user_with_pat" time="0.020000"></testcase>
		<testcase classname="github.com/theopenlane/core/internal/graphapi" name="TestQueryScheduledJob/Get_happy_path_second_user" time="0.010000"></testcase>
		<testcase classname="github.com/theopenlane/core/internal/graphapi" name="TestQueryScheduledJob" time="0.170000"></testcase>
		<testcase classname="github.com/theopenlane/core/internal/graphapi" name="TestScheduledJobs/happy_path_-_create_scheduled_job_with_runner" time="0.020000"></testcase>
		<testcase classname="github.com/theopenlane/core/internal/graphapi" name="TestScheduledJobs/happy_path_-_create_scheduled_job_with_runner_by_admin" time="0.020000"></testcase>
		<testcase classname="github.com/theopenlane/core/internal/graphapi" name="TestScheduledJobs/create_scheduled_job_with_runner_by_view_only_user_should_fail" time="0.020000"></testcase>
		<testcase classname="github.com/theopenlane/core/internal/graphapi" name="TestScheduledJobs" time="0.130000"></testcase>
		<testcase classname="github.com/theopenlane/core/internal/graphapi" name="TestMutationCreateScheduledJob/Create_happy_path,_minimal_input,_cron_inherited_from_job_template" time="0.020000"></testcase>
		<testcase classname="github.com/theopenlane/core/internal/graphapi" name="TestMutationCreateScheduledJob/Create_happy_path,_all_input" time="0.030000"></testcase>
		<testcase classname="github.com/theopenlane/core/internal/graphapi" name="TestMutationCreateScheduledJob/Create_happy_path,_using_pat" time="0.030000"></testcase>
		<testcase classname="github.com/theopenlane/core/internal/graphapi" name="TestMutationCreateScheduledJob/Create_happy_path,_using_api_token" time="0.030000"></testcase>
		<testcase classname="github.com/theopenlane/core/internal/graphapi" name="TestMutationCreateScheduledJob/Create_user_not_authorized,_not_enough_permissions" time="0.010000"></testcase>
		<testcase classname="github.com/theopenlane/core/internal/graphapi" name="TestMutationCreateScheduledJob/Create_user_not_authorized,_job_not_in_organization" time="0.010000"></testcase>
		<testcase classname="github.com/theopenlane/core/internal/graphapi" name="TestMutationCreateScheduledJob/Create_user_not_authorized,_job_runner_not_in_organization" time="0.000000"></testcase>
		<testcase classname="github.com/theopenlane/core/internal/graphapi" name="TestMutationCreateScheduledJob/Create_missing_required_field,_job_template_id" time="0.000000"></testcase>
		<testcase classname="github.com/theopenlane/core/internal/graphapi" name="TestMutationCreateScheduledJob/Create_invalid_input,_cron" time="0.010000"></testcase>
		<testcase classname="github.com/theopenlane/core/internal/graphapi" name="TestMutationCreateScheduledJob" time="0.250000"></testcase>
		<testcase classname="github.com/theopenlane/core/internal/graphapi" name="TestMutationUpdateScheduledJob/Update_happy_path,_update_field" time="0.020000"></testcase>
		<testcase classname="github.com/theopenlane/core/internal/graphapi" name="TestMutationUpdateScheduledJob/Update_happy_path,_update_multiple_fields" time="0.040000"></testcase>
		<testcase classname="github.com/theopenlane/core/internal/graphapi" name="TestMutationUpdateScheduledJob/Update_happy_path,_update_multiple_fields_with_pat" time="0.020000"></testcase>
		<testcase classname="github.com/theopenlane/core/internal/graphapi" name="TestMutationUpdateScheduledJob/Update_happy_path,_update_multiple_fields_with_api_token" time="0.030000"></testcase>
		<testcase classname="github.com/theopenlane/core/internal/graphapi" name="TestMutationUpdateScheduledJob/Update_update_not_allowed,_not_enough_permissions" time="0.020000"></testcase>
		<testcase classname="github.com/theopenlane/core/internal/graphapi" name="TestMutationUpdateScheduledJob/Update_update_not_allowed,_no_permissions" time="0.000000"></testcase>
		<testcase classname="github.com/theopenlane/core/internal/graphapi" name="TestMutationUpdateScheduledJob/Update_invalid_input,_cron" time="0.010000"></testcase>
		<testcase classname="github.com/theopenlane/core/internal/graphapi" name="TestMutationUpdateScheduledJob" time="0.270000"></testcase>
		<testcase classname="github.com/theopenlane/core/internal/graphapi" name="TestMutationDeleteScheduledJob/Delete_not_found,_delete" time="0.000000"></testcase>
		<testcase classname="github.com/theopenlane/core/internal/graphapi" name="TestMutationDeleteScheduledJob/Delete_not_authorized,_delete" time="0.000000"></testcase>
		<testcase classname="github.com/theopenlane/core/internal/graphapi" name="TestMutationDeleteScheduledJob/Delete_happy_path,_delete" time="0.020000"></testcase>
		<testcase classname="github.com/theopenlane/core/internal/graphapi" name="TestMutationDeleteScheduledJob/Delete_already_deleted,_not_found" time="0.010000"></testcase>
		<testcase classname="github.com/theopenlane/core/internal/graphapi" name="TestMutationDeleteScheduledJob/Delete_happy_path,_delete_using_personal_access_token" time="0.040000"></testcase>
		<testcase classname="github.com/theopenlane/core/internal/graphapi" name="TestMutationDeleteScheduledJob/Delete_happy_path,_delete_using_api_token" time="0.020000"></testcase>
		<testcase classname="github.com/theopenlane/core/internal/graphapi" name="TestMutationDeleteScheduledJob/Delete_unknown_id,_not_found" time="0.000000"></testcase>
		<testcase classname="github.com/theopenlane/core/internal/graphapi" name="TestMutationDeleteScheduledJob" time="0.160000"></testcase>
		<testcase classname="github.com/theopenlane/core/internal/graphapi" name="TestGlobalSearch/List_happy_path" time="0.120000"></testcase>
		<testcase classname="github.com/theopenlane/core/internal/graphapi" name="TestGlobalSearch/List_happy_path,_case_insensitive" time="0.250000"></testcase>
		<testcase classname="github.com/theopenlane/core/internal/graphapi" name="TestGlobalSearch/List_happy_path,_case_insensitive#01" time="0.120000"></testcase>
		<testcase classname="github.com/theopenlane/core/internal/graphapi" name="TestGlobalSearch/List_happy_path,_view_only_user" time="0.100000"></testcase>
		<testcase classname="github.com/theopenlane/core/internal/graphapi" name="TestGlobalSearch/List_no_results" time="0.080000"></testcase>
		<testcase classname="github.com/theopenlane/core/internal/graphapi" name="TestGlobalSearch/List_no_results,_another_user" time="0.070000"></testcase>
		<testcase classname="github.com/theopenlane/core/internal/graphapi" name="TestGlobalSearch/List_empty_query" time="0.000000"></testcase>
		<testcase classname="github.com/theopenlane/core/internal/graphapi" name="TestGlobalSearch" time="1.730000"></testcase>
		<testcase classname="github.com/theopenlane/core/internal/graphapi" name="TestQueryStandard/Get_happy_path,_org_owned_standard" time="0.010000"></testcase>
		<testcase classname="github.com/theopenlane/core/internal/graphapi" name="TestQueryStandard/Get_happy_path,_read_only_user" time="0.020000"></testcase>
		<testcase classname="github.com/theopenlane/core/internal/graphapi" name="TestQueryStandard/Get_happy_path_using_personal_access_token" time="0.020000"></testcase>
		<testcase classname="github.com/theopenlane/core/internal/graphapi" name="TestQueryStandard/Get_happy_path_using_api_token" time="0.010000"></testcase>
		<testcase classname="github.com/theopenlane/core/internal/graphapi" name="TestQueryStandard/Get_happy_path_using_api_token_for_public_standard" time="0.030000"></testcase>
		<testcase classname="github.com/theopenlane/core/internal/graphapi" name="TestQueryStandard/Get_standard_not_found,_invalid_ID" time="0.000000"></testcase>
		<testcase classname="github.com/theopenlane/core/internal/graphapi" name="TestQueryStandard/Get_standard_not_found,_using_not_authorized_user" time="0.000000"></testcase>
		<testcase classname="github.com/theopenlane/core/internal/graphapi" name="TestQueryStandard/Get_public_standard,_other_org_user" time="0.030000"></testcase>
		<testcase classname="github.com/theopenlane/core/internal/graphapi" name="TestQueryStandard/Get_public_standard,_view_only_user" time="0.030000"></testcase>
		<testcase classname="github.com/theopenlane/core/internal/graphapi" name="TestQueryStandard/Get_org_owned,_but_not_public_standard,_not_found" time="0.000000"></testcase>
		<testcase classname="github.com/theopenlane/core/internal/graphapi" name="TestQueryStandard/Get_org_owned,_but_not_public_standard,_get_by_system_admin" time="0.000000"></testcase>
		<testcase classname="github.com/theopenlane/core/internal/graphapi" name="TestQueryStandard/Get_no_access,_anonymous_user" time="0.000000"></testcase>
		<testcase classname="github.com/theopenlane/core/internal/graphapi" name="TestQueryStandard" time="0.340000"></testcase>
		<testcase classname="github.com/theopenlane/core/internal/graphapi" name="TestQueryStandards/List_happy_path,_org_using_should_get_all_org_owned_+_public_standards" time="0.030000"></testcase>
		<testcase classname="github.com/theopenlane/core/internal/graphapi" name="TestQueryStandards/List_happy_path,_using_read_only_user_of_the_same_org" time="0.020000"></testcase>
		<testcase classname="github.com/theopenlane/core/internal/graphapi" name="TestQueryStandards/List_happy_path,_using_api_token" time="0.010000"></testcase>
		<testcase classname="github.com/theopenlane/core/internal/graphapi" name="TestQueryStandards/List_happy_path,_using_pat" time="0.020000"></testcase>
		<testcase classname="github.com/theopenlane/core/internal/graphapi" name="TestQueryStandards/List_another_user,_only_public_should_be_returned" time="0.010000"></testcase>
		<testcase classname="github.com/theopenlane/core/internal/graphapi" name="TestQueryStandards/List_happy_path,_system_admin_user" time="0.010000"></testcase>
		<testcase classname="github.com/theopenlane/core/internal/graphapi" name="TestQueryStandards" time="0.160000"></testcase>
		<testcase classname="github.com/theopenlane/core/internal/graphapi" name="TestMutationCreateStandard/Create_happy_path,_minimal_input" time="0.020000"></testcase>
		<testcase classname="github.com/theopenlane/core/internal/graphapi" name="TestMutationCreateStandard/Create_happy_path,_system_admin_-_system_owned_with_controls" time="0.020000"></testcase>
		<testcase classname="github.com/theopenlane/core/internal/graphapi" name="TestMutationCreateStandard/Create_happy_path,_system_admin_-_system_owned_using_pat" time="0.020000"></testcase>
		<testcase classname="github.com/theopenlane/core/internal/graphapi" name="TestMutationCreateStandard/Create_happy_path,_system_admin_-_system_owned_and_public" time="0.020000"></testcase>
		<testcase classname="github.com/theopenlane/core/internal/graphapi" name="TestMutationCreateStandard/Create_happy_path,_all_input_by_org_admin" time="0.030000"></testcase>
		<testcase classname="github.com/theopenlane/core/internal/graphapi" name="TestMutationCreateStandard/Create_happy_path,_using_pat" time="0.020000"></testcase>
		<testcase classname="github.com/theopenlane/core/internal/graphapi" name="TestMutationCreateStandard/Create_happy_path,_using_api_token" time="0.020000"></testcase>
		<testcase classname="github.com/theopenlane/core/internal/graphapi" name="TestMutationCreateStandard/Create_user_not_authorized_to_make_a_public_standard" time="0.000000"></testcase>
		<testcase classname="github.com/theopenlane/core/internal/graphapi" name="TestMutationCreateStandard/Create_user_not_authorized_to_make_public_standard" time="0.000000"></testcase>
		<testcase classname="github.com/theopenlane/core/internal/graphapi" name="TestMutationCreateStandard/Create_user_not_authorized_to_free_to_use_standard" time="0.000000"></testcase>
		<testcase classname="github.com/theopenlane/core/internal/graphapi" name="TestMutationCreateStandard/Create_user_not_authorized,_not_enough_permissions" time="0.000000"></testcase>
		<testcase classname="github.com/theopenlane/core/internal/graphapi" name="TestMutationCreateStandard/Create_missing_required_field" time="0.000000"></testcase>
		<testcase classname="github.com/theopenlane/core/internal/graphapi" name="TestMutationCreateStandard" time="0.580000"></testcase>
		<testcase classname="github.com/theopenlane/core/internal/graphapi" name="TestMutationUpdateStandard/Update_happy_path,_update_field,_org_owned_standard" time="0.010000"></testcase>
		<testcase classname="github.com/theopenlane/core/internal/graphapi" name="TestMutationUpdateStandard/Update_happy_path,_update_multiple_fields,_org_owned_standard" time="0.020000"></testcase>
		<testcase classname="github.com/theopenlane/core/internal/graphapi" name="TestMutationUpdateStandard/Update_update_not_allowed,_not_enough_permissions" time="0.010000"></testcase>
		<testcase classname="github.com/theopenlane/core/internal/graphapi" name="TestMutationUpdateStandard/Update_update_not_allowed,_cannot_update_public_field" time="0.000000"></testcase>
		<testcase classname="github.com/theopenlane/core/internal/graphapi" name="TestMutationUpdateStandard/Update_update_not_allowed,_cannot_update_public_field#01" time="0.000000"></testcase>
		<testcase classname="github.com/theopenlane/core/internal/graphapi" name="TestMutationUpdateStandard/Update_bad_request,_invalid_link" time="0.010000"></testcase>
		<testcase classname="github.com/theopenlane/core/internal/graphapi" name="TestMutationUpdateStandard/Update_update_not_allowed,_no_permissions" time="0.000000"></testcase>
		<testcase classname="github.com/theopenlane/core/internal/graphapi" name="TestMutationUpdateStandard/Update_happy_path,_update_field,_system_owned_standard" time="0.010000"></testcase>
		<testcase classname="github.com/theopenlane/core/internal/graphapi" name="TestMutationUpdateStandard/Update_happy_path,_update_multiple_fields,_org_owned_standard#01" time="0.010000"></testcase>
		<testcase classname="github.com/theopenlane/core/internal/graphapi" name="TestMutationUpdateStandard/Update_update_not_allowed,_no_permissions#01" time="0.010000"></testcase>
		<testcase classname="github.com/theopenlane/core/internal/graphapi" name="TestMutationUpdateStandard/Update_update_not_allowed,_no_permissions#02" time="0.000000"></testcase>
		<testcase classname="github.com/theopenlane/core/internal/graphapi" name="TestMutationUpdateStandard" time="0.110000"></testcase>
		<testcase classname="github.com/theopenlane/core/internal/graphapi" name="TestMutationDeleteStandard/Delete_not_authorized,_delete" time="0.000000"></testcase>
		<testcase classname="github.com/theopenlane/core/internal/graphapi" name="TestMutationDeleteStandard/Delete_not_authorized,_delete_system_owned" time="0.000000"></testcase>
		<testcase classname="github.com/theopenlane/core/internal/graphapi" name="TestMutationDeleteStandard/Delete_happy_path,_delete_standard" time="0.010000"></testcase>
		<testcase classname="github.com/theopenlane/core/internal/graphapi" name="TestMutationDeleteStandard/Delete_happy_path,_delete_system_owned" time="0.010000"></testcase>
		<testcase classname="github.com/theopenlane/core/internal/graphapi" name="TestMutationDeleteStandard/Delete_delete_public_standard_not_allowed" time="0.000000"></testcase>
		<testcase classname="github.com/theopenlane/core/internal/graphapi" name="TestMutationDeleteStandard/Delete_already_deleted,_not_found" time="0.000000"></testcase>
		<testcase classname="github.com/theopenlane/core/internal/graphapi" name="TestMutationDeleteStandard/Delete_happy_path,_delete_using_personal_access_token" time="0.010000"></testcase>
		<testcase classname="github.com/theopenlane/core/internal/graphapi" name="TestMutationDeleteStandard/Delete_happy_path,_delete_using_api_token" time="0.010000"></testcase>
		<testcase classname="github.com/theopenlane/core/internal/graphapi" name="TestMutationDeleteStandard/Delete_already_deleted_system_owned,_not_found" time="0.000000"></testcase>
		<testcase classname="github.com/theopenlane/core/internal/graphapi" name="TestMutationDeleteStandard/Delete_unknown_id,_not_found" time="0.000000"></testcase>
		<testcase classname="github.com/theopenlane/core/internal/graphapi" name="TestMutationDeleteStandard" time="0.560000"></testcase>
		<testcase classname="github.com/theopenlane/core/internal/graphapi" name="TestQuerySubcontrol/Get_happy_path" time="0.050000"></testcase>
		<testcase classname="github.com/theopenlane/core/internal/graphapi" name="TestQuerySubcontrol/Get_read_only_user,_same_org,_access_to_the_parent_control_via_organization" time="0.050000"></testcase>
		<testcase classname="github.com/theopenlane/core/internal/graphapi" name="TestQuerySubcontrol/Get_admin_user,_access_to_the_parent_control_via_the_program" time="0.050000"></testcase>
		<testcase classname="github.com/theopenlane/core/internal/graphapi" name="TestQuerySubcontrol/Get_happy_path_using_personal_access_token" time="0.060000"></testcase>
		<testcase classname="github.com/theopenlane/core/internal/graphapi" name="TestQuerySubcontrol/Get_subcontrol_not_found,_invalid_ID" time="0.000000"></testcase>
		<testcase classname="github.com/theopenlane/core/internal/graphapi" name="TestQuerySubcontrol/Get_subcontrol_not_found,_using_not_authorized_user" time="0.050000"></testcase>
		<testcase classname="github.com/theopenlane/core/internal/graphapi" name="TestQuerySubcontrol" time="0.380000"></testcase>
		<testcase classname="github.com/theopenlane/core/internal/graphapi" name="TestQuerySubcontrols/List_happy_path" time="0.010000"></testcase>
		<testcase classname="github.com/theopenlane/core/internal/graphapi" name="TestQuerySubcontrols/List_happy_path,_using_read_only_user_of_the_same_org" time="0.010000"></testcase>
		<testcase classname="github.com/theopenlane/core/internal/graphapi" name="TestQuerySubcontrols/List_happy_path,_api_token_with_org_access" time="0.020000"></testcase>
		<testcase classname="github.com/theopenlane/core/internal/graphapi" name="TestQuerySubcontrols/List_happy_path,_using_pat" time="0.010000"></testcase>
		<testcase classname="github.com/theopenlane/core/internal/graphapi" name="TestQuerySubcontrols/List_another_user,_no_subcontrols_should_be_returned" time="0.000000"></testcase>
		<testcase classname="github.com/theopenlane/core/internal/graphapi" name="TestQuerySubcontrols" time="0.110000"></testcase>
		<testcase classname="github.com/theopenlane/core/internal/graphapi" name="TestMutationCreateSubcontrol/Create_missing_required_ref_code" time="0.020000"></testcase>
		<testcase classname="github.com/theopenlane/core/internal/graphapi" name="TestMutationCreateSubcontrol/Create_happy_path,_minimal_input" time="0.030000"></testcase>
		<testcase classname="github.com/theopenlane/core/internal/graphapi" name="TestMutationCreateSubcontrol/Create_happy_path,_parent_control_has_owner" time="0.030000"></testcase>
		<testcase classname="github.com/theopenlane/core/internal/graphapi" name="TestMutationCreateSubcontrol/Create_happy_path,_parent_control_has_owner,_subcontrol_should_override_it" time="0.030000"></testcase>
		<testcase classname="github.com/theopenlane/core/internal/graphapi" name="TestMutationCreateSubcontrol/Create_happy_path,_all_input" time="0.030000"></testcase>
		<testcase classname="github.com/theopenlane/core/internal/graphapi" name="TestMutationCreateSubcontrol/Create_happy_path,_using_pat" time="0.020000"></testcase>
		<testcase classname="github.com/theopenlane/core/internal/graphapi" name="TestMutationCreateSubcontrol/Create_user_not_authorized,_not_enough_permissions" time="0.010000"></testcase>
		<testcase classname="github.com/theopenlane/core/internal/graphapi" name="TestMutationCreateSubcontrol/Create_user_authorized,_they_have_access_to_the_parent_control_via_the_program" time="0.050000"></testcase>
		<testcase classname="github.com/theopenlane/core/internal/graphapi" name="TestMutationCreateSubcontrol/Create_user_not_authorized_to_edit_one_of_the_controls" time="0.020000"></testcase>
		<testcase classname="github.com/theopenlane/core/internal/graphapi" name="TestMutationCreateSubcontrol/Create_missing_required_control_ID" time="0.000000"></testcase>
		<testcase classname="github.com/theopenlane/core/internal/graphapi" name="TestMutationCreateSubcontrol/Create_invalid_control_ID" time="0.000000"></testcase>
		<testcase classname="github.com/theopenlane/core/internal/graphapi" name="TestMutationCreateSubcontrol" time="0.620000"></testcase>
		<testcase classname="github.com/theopenlane/core/internal/graphapi" name="TestMutationUpdateSubcontrol/Update_happy_path,_update_field" time="0.030000"></testcase>
		<testcase classname="github.com/theopenlane/core/internal/graphapi" name="TestMutationUpdateSubcontrol/Update_happy_path,_update_multiple_fields" time="0.070000"></testcase>
		<testcase classname="github.com/theopenlane/core/internal/graphapi" name="TestMutationUpdateSubcontrol/Update_update_ref_code_to_empty" time="0.020000"></testcase>
		<testcase classname="github.com/theopenlane/core/internal/graphapi" name="TestMutationUpdateSubcontrol/Update_update_not_allowed,_no_permissions_in_same_org" time="0.020000"></testcase>
		<testcase classname="github.com/theopenlane/core/internal/graphapi" name="TestMutationUpdateSubcontrol/Update_update_not_allowed,_no_permissions" time="0.000000"></testcase>
		<testcase classname="github.com/theopenlane/core/internal/graphapi" name="TestMutationUpdateSubcontrol" time="0.350000"></testcase>
		<testcase classname="github.com/theopenlane/core/internal/graphapi" name="TestMutationDeleteSubcontrol/Delete_not_authorized,_delete" time="0.000000"></testcase>
		<testcase classname="github.com/theopenlane/core/internal/graphapi" name="TestMutationDeleteSubcontrol/Delete_happy_path,_delete" time="0.010000"></testcase>
		<testcase classname="github.com/theopenlane/core/internal/graphapi" name="TestMutationDeleteSubcontrol/Delete_already_deleted,_not_found" time="0.000000"></testcase>
		<testcase classname="github.com/theopenlane/core/internal/graphapi" name="TestMutationDeleteSubcontrol/Delete_happy_path,_delete_using_personal_access_token" time="0.020000"></testcase>
		<testcase classname="github.com/theopenlane/core/internal/graphapi" name="TestMutationDeleteSubcontrol/Delete_unknown_id,_not_found" time="0.000000"></testcase>
		<testcase classname="github.com/theopenlane/core/internal/graphapi" name="TestMutationDeleteSubcontrol" time="0.110000"></testcase>
		<testcase classname="github.com/theopenlane/core/internal/graphapi" name="TestQuerySubprocessorByID/Get_happy_path" time="0.000000"></testcase>
		<testcase classname="github.com/theopenlane/core/internal/graphapi" name="TestQuerySubprocessorByID/Get_happy_path,_view_only_user" time="0.000000"></testcase>
		<testcase classname="github.com/theopenlane/core/internal/graphapi" name="TestQuerySubprocessorByID/Get_subprocessor_not_found" time="0.000000"></testcase>
		<testcase classname="github.com/theopenlane/core/internal/graphapi" name="TestQuerySubprocessorByID/Get_not_authorized_to_query_org" time="0.000000"></testcase>
		<testcase classname="github.com/theopenlane/core/internal/graphapi" name="TestQuerySubprocessorByID/Get_happy_path,_system_owned" time="0.000000"></testcase>
		<testcase classname="github.com/theopenlane/core/internal/graphapi" name="TestQuerySubprocessorByID/Get_happy_path,_system_owned,_regular_only_user" time="0.010000"></testcase>
		<testcase classname="github.com/theopenlane/core/internal/graphapi" name="TestQuerySubprocessorByID" time="0.040000"></testcase>
		<testcase classname="github.com/theopenlane/core/internal/graphapi" name="TestQuerySubprocessors/Get_return_all" time="0.010000"></testcase>
		<testcase classname="github.com/theopenlane/core/internal/graphapi" name="TestQuerySubprocessors/Get_return_all,_ro_user" time="0.010000"></testcase>
		<testcase classname="github.com/theopenlane/core/internal/graphapi" name="TestQuerySubprocessors/Get_query_by_name" time="0.010000"></testcase>
		<testcase classname="github.com/theopenlane/core/internal/graphapi" name="TestQuerySubprocessors/Get_query_by_name,_not_found" time="0.000000"></testcase>
		<testcase classname="github.com/theopenlane/core/internal/graphapi" name="TestQuerySubprocessors" time="0.590000"></testcase>
		<testcase classname="github.com/theopenlane/core/internal/graphapi" name="TestMutationCreateSubprocessor/Create_happy_path" time="0.010000"></testcase>
		<testcase classname="github.com/theopenlane/core/internal/graphapi" name="TestMutationCreateSubprocessor/Create_happy_path_with_description" time="0.010000"></testcase>
		<testcase classname="github.com/theopenlane/core/internal/graphapi" name="TestMutationCreateSubprocessor/Create_happy_path,_adminUser" time="0.010000"></testcase>
		<testcase classname="github.com/theopenlane/core/internal/graphapi" name="TestMutationCreateSubprocessor/Create_not_authorized" time="0.000000"></testcase>
		<testcase classname="github.com/theopenlane/core/internal/graphapi" name="TestMutationCreateSubprocessor/Create_missing_name" time="0.000000"></testcase>
		<testcase classname="github.com/theopenlane/core/internal/graphapi" name="TestMutationCreateSubprocessor/Create_happy_path,_sysadmin" time="0.000000"></testcase>
		<testcase classname="github.com/theopenlane/core/internal/graphapi" name="TestMutationCreateSubprocessor" time="0.040000"></testcase>
		<testcase classname="github.com/theopenlane/core/internal/graphapi" name="TestMutationDeleteSubprocessor/Delete_delete_subprocessor" time="0.010000"></testcase>
		<testcase classname="github.com/theopenlane/core/internal/graphapi" name="TestMutationDeleteSubprocessor/Delete_unauthorized" time="0.000000"></testcase>
		<testcase classname="github.com/theopenlane/core/internal/graphapi" name="TestMutationDeleteSubprocessor/Delete_subprocessor_not_found" time="0.000000"></testcase>
		<testcase classname="github.com/theopenlane/core/internal/graphapi" name="TestMutationDeleteSubprocessor" time="0.030000"></testcase>
		<testcase classname="github.com/theopenlane/core/internal/graphapi" name="TestUpdateSubprocessor/Update_happy_path" time="0.010000"></testcase>
		<testcase classname="github.com/theopenlane/core/internal/graphapi" name="TestUpdateSubprocessor/Update_update_name_and_description" time="0.010000"></testcase>
		<testcase classname="github.com/theopenlane/core/internal/graphapi" name="TestUpdateSubprocessor/Update_update_name_and_description,_system_owned" time="0.000000"></testcase>
		<testcase classname="github.com/theopenlane/core/internal/graphapi" name="TestUpdateSubprocessor/Update_update_logo_remote_URL" time="0.020000"></testcase>
		<testcase classname="github.com/theopenlane/core/internal/graphapi" name="TestUpdateSubprocessor/Update_not_allowed" time="0.010000"></testcase>
		<testcase classname="github.com/theopenlane/core/internal/graphapi" name="TestUpdateSubprocessor/Update_not_allowed_to_update_system_owned" time="0.000000"></testcase>
		<testcase classname="github.com/theopenlane/core/internal/graphapi" name="TestUpdateSubprocessor" time="0.060000"></testcase>
		<testcase classname="github.com/theopenlane/core/internal/graphapi" name="TestGetAllSubprocessors/happy_path_-_regular_user_sees_only_their_subprocessors" time="0.000000"></testcase>
		<testcase classname="github.com/theopenlane/core/internal/graphapi" name="TestGetAllSubprocessors/happy_path_-_admin_user_sees_all_subprocessors" time="0.000000"></testcase>
		<testcase classname="github.com/theopenlane/core/internal/graphapi" name="TestGetAllSubprocessors/happy_path_-_view_only_user" time="0.000000"></testcase>
		<testcase classname="github.com/theopenlane/core/internal/graphapi" name="TestGetAllSubprocessors/happy_path_-_different_user_sees_only_their_subprocessors" time="0.000000"></testcase>
		<testcase classname="github.com/theopenlane/core/internal/graphapi" name="TestGetAllSubprocessors/happy_path_-_sysadmin" time="0.000000"></testcase>
		<testcase classname="github.com/theopenlane/core/internal/graphapi" name="TestGetAllSubprocessors" time="0.040000"></testcase>
		<testcase classname="github.com/theopenlane/core/internal/graphapi" name="TestQuerySubscriber/Get_happy_path" time="0.000000"></testcase>
		<testcase classname="github.com/theopenlane/core/internal/graphapi" name="TestQuerySubscriber/Get_happy_path,_using_api_token" time="0.000000"></testcase>
		<testcase classname="github.com/theopenlane/core/internal/graphapi" name="TestQuerySubscriber/Get_happy_path,_using_personal_access_token" time="0.000000"></testcase>
		<testcase classname="github.com/theopenlane/core/internal/graphapi" name="TestQuerySubscriber/Get_invalid_email" time="0.000000"></testcase>
		<testcase classname="github.com/theopenlane/core/internal/graphapi" name="TestQuerySubscriber/Get_subscriber_for_another_org" time="0.000000"></testcase>
		<testcase classname="github.com/theopenlane/core/internal/graphapi" name="TestQuerySubscriber/Get_subscriber_for_another_org_using_api_token" time="0.010000"></testcase>
		<testcase classname="github.com/theopenlane/core/internal/graphapi" name="TestQuerySubscriber/Get_subscriber_for_another_org_using_personal_access_token" time="0.000000"></testcase>
		<testcase classname="github.com/theopenlane/core/internal/graphapi" name="TestQuerySubscriber" time="0.030000"></testcase>
		<testcase classname="github.com/theopenlane/core/internal/graphapi" name="TestQuerySubscribers/Get_happy_path,_multiple_subscribers" time="0.000000"></testcase>
		<testcase classname="github.com/theopenlane/core/internal/graphapi" name="TestQuerySubscribers/Get_happy_path,_multiple_subscribers_using_api_token" time="0.010000"></testcase>
		<testcase classname="github.com/theopenlane/core/internal/graphapi" name="TestQuerySubscribers/Get_happy_path,_multiple_subscribers_using_personal_access_token" time="0.010000"></testcase>
		<testcase classname="github.com/theopenlane/core/internal/graphapi" name="TestQuerySubscribers/Get_happy_path,_one_subscriber" time="0.000000"></testcase>
		<testcase classname="github.com/theopenlane/core/internal/graphapi" name="TestQuerySubscribers" time="0.030000"></testcase>
		<testcase classname="github.com/theopenlane/core/internal/graphapi" name="TestMutationCreateBulkSubscribers/happy_path,_multiple_subscribers" time="0.020000"></testcase>
		<testcase classname="github.com/theopenlane/core/internal/graphapi" name="TestMutationCreateBulkSubscribers/happy_path,_one_subscriber_for_bulk_endpoint" time="0.010000"></testcase>
		<testcase classname="github.com/theopenlane/core/internal/graphapi" name="TestMutationCreateBulkSubscribers/happy_path,_no_provided_email" time="0.000000"></testcase>
		<testcase classname="github.com/theopenlane/core/internal/graphapi" name="TestMutationCreateBulkSubscribers/bad_path,_invalid_emails_provided" time="0.010000"></testcase>
		<testcase classname="github.com/theopenlane/core/internal/graphapi" name="TestMutationCreateBulkSubscribers" time="0.040000"></testcase>
		<testcase classname="github.com/theopenlane/core/internal/graphapi" name="TestMutationCreateSubscriber_Tokens/happy_path,_new_subscriber_using_api_token" time="0.020000"></testcase>
		<testcase classname="github.com/theopenlane/core/internal/graphapi" name="TestMutationCreateSubscriber_Tokens/happy_path,_new_subscriber_using_personal_access_token" time="0.010000"></testcase>
		<testcase classname="github.com/theopenlane/core/internal/graphapi" name="TestMutationCreateSubscriber_Tokens/missing_email" time="0.000000"></testcase>
		<testcase classname="github.com/theopenlane/core/internal/graphapi" name="TestMutationCreateSubscriber_Tokens" time="0.030000"></testcase>
		<testcase classname="github.com/theopenlane/core/internal/graphapi" name="TestMutationCreateSubscriber_SendAttempts/happy_path,_new_subscriber" time="0.010000"></testcase>
		<testcase classname="github.com/theopenlane/core/internal/graphapi" name="TestMutationCreateSubscriber_SendAttempts/happy_path,_duplicate_subscriber_but_original_was_unsubscribed" time="0.010000"></testcase>
		<testcase classname="github.com/theopenlane/core/internal/graphapi" name="TestMutationCreateSubscriber_SendAttempts/happy_path,_duplicate_subscriber,_case_insensitive" time="0.010000"></testcase>
		<testcase classname="github.com/theopenlane/core/internal/graphapi" name="TestMutationCreateSubscriber_SendAttempts/happy_path,_duplicate_subscriber,_case_insensitive#01" time="0.010000"></testcase>
		<testcase classname="github.com/theopenlane/core/internal/graphapi" name="TestMutationCreateSubscriber_SendAttempts/happy_path,_duplicate_subscriber,_case_insensitive#02" time="0.010000"></testcase>
		<testcase classname="github.com/theopenlane/core/internal/graphapi" name="TestMutationCreateSubscriber_SendAttempts/happy_path,_duplicate_subscriber,_case_insensitive#03" time="0.010000"></testcase>
		<testcase classname="github.com/theopenlane/core/internal/graphapi" name="TestMutationCreateSubscriber_SendAttempts/happy_path,_duplicate_subscriber,_case_insensitive,_max_attempts" time="0.000000"></testcase>
		<testcase classname="github.com/theopenlane/core/internal/graphapi" name="TestMutationCreateSubscriber_SendAttempts/missing_email" time="0.000000"></testcase>
		<testcase classname="github.com/theopenlane/core/internal/graphapi" name="TestMutationCreateSubscriber_SendAttempts" time="0.080000"></testcase>
		<testcase classname="github.com/theopenlane/core/internal/graphapi" name="TestUpdateSubscriber/happy_path" time="0.010000"></testcase>
		<testcase classname="github.com/theopenlane/core/internal/graphapi" name="TestUpdateSubscriber/happy_path,_using_api_token" time="0.010000"></testcase>
		<testcase classname="github.com/theopenlane/core/internal/graphapi" name="TestUpdateSubscriber/happy_path,_using_personal_access_token" time="0.010000"></testcase>
		<testcase classname="github.com/theopenlane/core/internal/graphapi" name="TestUpdateSubscriber/happy_path,_using_api_token,_set_unsubscribed_=_false" time="0.020000"></testcase>
		<testcase classname="github.com/theopenlane/core/internal/graphapi" name="TestUpdateSubscriber/invalid_email" time="0.000000"></testcase>
		<testcase classname="github.com/theopenlane/core/internal/graphapi" name="TestUpdateSubscriber/subscriber_for_another_org" time="0.000000"></testcase>
		<testcase classname="github.com/theopenlane/core/internal/graphapi" name="TestUpdateSubscriber" time="0.060000"></testcase>
		<testcase classname="github.com/theopenlane/core/internal/graphapi" name="TestDeleteSubscriber/happy_path" time="0.010000"></testcase>
		<testcase classname="github.com/theopenlane/core/internal/graphapi" name="TestDeleteSubscriber/happy_path,_using_api_token" time="0.010000"></testcase>
		<testcase classname="github.com/theopenlane/core/internal/graphapi" name="TestDeleteSubscriber/happy_path,_using_personal_access_token" time="0.010000"></testcase>
		<testcase classname="github.com/theopenlane/core/internal/graphapi" name="TestDeleteSubscriber/invalid_email" time="0.000000"></testcase>
		<testcase classname="github.com/theopenlane/core/internal/graphapi" name="TestDeleteSubscriber/subscriber_for_another_org" time="0.000000"></testcase>
		<testcase classname="github.com/theopenlane/core/internal/graphapi" name="TestDeleteSubscriber" time="0.050000"></testcase>
		<testcase classname="github.com/theopenlane/core/internal/graphapi" name="TestActiveSubscriber/happy_path,_active_subscriber" time="0.010000"></testcase>
		<testcase classname="github.com/theopenlane/core/internal/graphapi" name="TestActiveSubscriber/happy_path,_resubscribing" time="0.010000"></testcase>
		<testcase classname="github.com/theopenlane/core/internal/graphapi" name="TestActiveSubscriber" time="0.030000"></testcase>
		<testcase classname="github.com/theopenlane/core/internal/graphapi" name="TestQueryTask/Get_happy_path" time="0.010000"></testcase>
		<testcase classname="github.com/theopenlane/core/internal/graphapi" name="TestQueryTask/Get_happy_path_using_personal_access_token" time="0.020000"></testcase>
		<testcase classname="github.com/theopenlane/core/internal/graphapi" name="TestQueryTask/Get_not_found" time="0.000000"></testcase>
		<testcase classname="github.com/theopenlane/core/internal/graphapi" name="TestQueryTask/Get_no_access,_anonymous_user" time="0.000000"></testcase>
		<testcase classname="github.com/theopenlane/core/internal/graphapi" name="TestQueryTask" time="0.250000"></testcase>
		<testcase classname="github.com/theopenlane/core/internal/graphapi" name="TestQueryTasks/List_happy_path" time="0.090000"></testcase>
		<testcase classname="github.com/theopenlane/core/internal/graphapi" name="TestQueryTasks/List_happy_path,_with_order_by_due_date,_page_1" time="0.090000"></testcase>
		<testcase classname="github.com/theopenlane/core/internal/graphapi" name="TestQueryTasks/List_happy_path,_with_order_by_due_date_and_cursor,_page_2" time="0.070000"></testcase>
		<testcase classname="github.com/theopenlane/core/internal/graphapi" name="TestQueryTasks/List_happy_path,_with_order_by_due_date_and_cursor,_page_3" time="0.060000"></testcase>
		<testcase classname="github.com/theopenlane/core/internal/graphapi" name="TestQueryTasks/List_happy_path,_with_order_by_due_date_and_cursor,_page_4" time="0.060000"></testcase>
		<testcase classname="github.com/theopenlane/core/internal/graphapi" name="TestQueryTasks/List_happy_path,_with_order_by_created_date,_page_1" time="0.070000"></testcase>
		<testcase classname="github.com/theopenlane/core/internal/graphapi" name="TestQueryTasks/List_happy_path,_with_order_by_created_date_and_cursor,_page_2" time="0.080000"></testcase>
		<testcase classname="github.com/theopenlane/core/internal/graphapi" name="TestQueryTasks/List_happy_path,_with_order_by_created_date_and_cursor,_page_3" time="0.070000"></testcase>
		<testcase classname="github.com/theopenlane/core/internal/graphapi" name="TestQueryTasks/List_happy_path,_with_order_by_created_date_and_cursor,_page_4" time="0.060000"></testcase>
		<testcase classname="github.com/theopenlane/core/internal/graphapi" name="TestQueryTasks/List_happy_path,_view_only_user" time="0.070000"></testcase>
		<testcase classname="github.com/theopenlane/core/internal/graphapi" name="TestQueryTasks/List_happy_path,_admin_user" time="0.060000"></testcase>
		<testcase classname="github.com/theopenlane/core/internal/graphapi" name="TestQueryTasks/List_happy_path,_using_pat_-_which_should_have_access_to_all_tasks_because_its_authorized_to_the_personal_org" time="0.090000"></testcase>
		<testcase classname="github.com/theopenlane/core/internal/graphapi" name="TestQueryTasks/List_another_user,_no_entities_should_be_returned" time="0.030000"></testcase>
		<testcase classname="github.com/theopenlane/core/internal/graphapi" name="TestQueryTasks" time="1.840000"></testcase>
		<testcase classname="github.com/theopenlane/core/internal/graphapi" name="TestQueryTasksPaginationDueDate/List_happy_path,_with_order_by_due_date,_page_1" time="0.280000"></testcase>
		<testcase classname="github.com/theopenlane/core/internal/graphapi" name="TestQueryTasksPaginationDueDate/List_happy_path,_with_order_by_due_date_and_cursor,_page_2" time="0.280000"></testcase>
		<testcase classname="github.com/theopenlane/core/internal/graphapi" name="TestQueryTasksPaginationDueDate/List_happy_path,_with_order_by_due_date_and_cursor,_page_3" time="0.290000"></testcase>
		<testcase classname="github.com/theopenlane/core/internal/graphapi" name="TestQueryTasksPaginationDueDate/List_happy_path,_with_order_by_due_date_and_cursor,_page_4" time="0.270000"></testcase>
		<testcase classname="github.com/theopenlane/core/internal/graphapi" name="TestQueryTasksPaginationDueDate/List_happy_path,_with_order_by_due_date_and_cursor,_page_5" time="0.280000"></testcase>
		<testcase classname="github.com/theopenlane/core/internal/graphapi" name="TestQueryTasksPaginationDueDate/List_happy_path,_with_order_by_due_date_and_cursor,_page_6" time="0.350000"></testcase>
		<testcase classname="github.com/theopenlane/core/internal/graphapi" name="TestQueryTasksPaginationDueDate/List_happy_path,_with_order_by_due_date_and_cursor,_page_7" time="0.270000"></testcase>
		<testcase classname="github.com/theopenlane/core/internal/graphapi" name="TestQueryTasksPaginationDueDate/List_happy_path,_with_order_by_due_date_and_cursor,_page_8" time="0.250000"></testcase>
		<testcase classname="github.com/theopenlane/core/internal/graphapi" name="TestQueryTasksPaginationDueDate/List_happy_path,_with_order_by_due_date_and_cursor,_page_9" time="0.230000"></testcase>
		<testcase classname="github.com/theopenlane/core/internal/graphapi" name="TestQueryTasksPaginationDueDate/List_happy_path,_with_order_by_due_date_and_cursor,_page_10" time="0.230000"></testcase>
		<testcase classname="github.com/theopenlane/core/internal/graphapi" name="TestQueryTasksPaginationDueDate" time="10.380000"></testcase>
		<testcase classname="github.com/theopenlane/core/internal/graphapi" name="TestQueryTasksPaginationByCreatedDate/List_happy_path,_with_order_by_created_date,_page_1" time="0.270000"></testcase>
		<testcase classname="github.com/theopenlane/core/internal/graphapi" name="TestQueryTasksPaginationByCreatedDate/List_happy_path,_with_order_by_created_date_and_cursor,_page_2" time="0.280000"></testcase>
		<testcase classname="github.com/theopenlane/core/internal/graphapi" name="TestQueryTasksPaginationByCreatedDate/List_happy_path,_with_order_by_created_date_and_cursor,_page_3" time="0.250000"></testcase>
		<testcase classname="github.com/theopenlane/core/internal/graphapi" name="TestQueryTasksPaginationByCreatedDate/List_happy_path,_with_order_by_created_date_and_cursor,_page_4" time="0.230000"></testcase>
		<testcase classname="github.com/theopenlane/core/internal/graphapi" name="TestQueryTasksPaginationByCreatedDate/List_happy_path,_with_order_by_created_date_and_cursor,_page_5" time="0.290000"></testcase>
		<testcase classname="github.com/theopenlane/core/internal/graphapi" name="TestQueryTasksPaginationByCreatedDate/List_happy_path,_with_order_by_created_date_and_cursor,_page_6" time="0.210000"></testcase>
		<testcase classname="github.com/theopenlane/core/internal/graphapi" name="TestQueryTasksPaginationByCreatedDate/List_happy_path,_with_order_by_created_date_and_cursor,_page_7" time="0.210000"></testcase>
		<testcase classname="github.com/theopenlane/core/internal/graphapi" name="TestQueryTasksPaginationByCreatedDate/List_happy_path,_with_order_by_created_date_and_cursor,_page_8" time="0.250000"></testcase>
		<testcase classname="github.com/theopenlane/core/internal/graphapi" name="TestQueryTasksPaginationByCreatedDate/List_happy_path,_with_order_by_created_date_and_cursor,_page_9" time="0.210000"></testcase>
		<testcase classname="github.com/theopenlane/core/internal/graphapi" name="TestQueryTasksPaginationByCreatedDate/List_happy_path,_with_order_by_created_date_and_cursor,_page_10" time="0.180000"></testcase>
		<testcase classname="github.com/theopenlane/core/internal/graphapi" name="TestQueryTasksPaginationByCreatedDate" time="9.170000"></testcase>
		<testcase classname="github.com/theopenlane/core/internal/graphapi" name="TestMutationCreateTask/Create_happy_path,_minimal_input" time="0.050000"></testcase>
		<testcase classname="github.com/theopenlane/core/internal/graphapi" name="TestMutationCreateTask/Create_happy_path,_minimal_input_by_member_user_with_edges" time="0.090000"></testcase>
		<testcase classname="github.com/theopenlane/core/internal/graphapi" name="TestMutationCreateTask/Create_happy_path,_all_input" time="0.100000"></testcase>
		<testcase classname="github.com/theopenlane/core/internal/graphapi" name="TestMutationCreateTask/Create_create_with_assignee_not_in_org_should_fail" time="0.010000"></testcase>
		<testcase classname="github.com/theopenlane/core/internal/graphapi" name="TestMutationCreateTask/Create_happy_path,_using_pat" time="0.060000"></testcase>
		<testcase classname="github.com/theopenlane/core/internal/graphapi" name="TestMutationCreateTask/Create_happy_path,_using_api_token" time="0.050000"></testcase>
		<testcase classname="github.com/theopenlane/core/internal/graphapi" name="TestMutationCreateTask/Create_missing_title,_but_display_name_provided" time="0.000000"></testcase>
		<testcase classname="github.com/theopenlane/core/internal/graphapi" name="TestMutationCreateTask" time="1.140000"></testcase>
		<testcase classname="github.com/theopenlane/core/internal/graphapi" name="TestMutationUpdateTask/Update_happy_path,_update_details" time="0.080000"></testcase>
		<testcase classname="github.com/theopenlane/core/internal/graphapi" name="TestMutationUpdateTask/Update_happy_path,_add_comment" time="0.070000"></testcase>
		<testcase classname="github.com/theopenlane/core/internal/graphapi" name="TestMutationUpdateTask/Update_happy_path,_update_comment_with_files" time="0.070000"></testcase>
		<testcase classname="github.com/theopenlane/core/internal/graphapi" name="TestMutationUpdateTask/Update_happy_path,_update_comment_with_file_using_PAT" time="0.060000"></testcase>
		<testcase classname="github.com/theopenlane/core/internal/graphapi" name="TestMutationUpdateTask/Update_happy_path,_delete_comment" time="0.030000"></testcase>
		<testcase classname="github.com/theopenlane/core/internal/graphapi" name="TestMutationUpdateTask/Update_happy_path,_add_risk" time="0.070000"></testcase>
		<testcase classname="github.com/theopenlane/core/internal/graphapi" name="TestMutationUpdateTask/Update_update_category_using_pat_of_owner" time="0.040000"></testcase>
		<testcase classname="github.com/theopenlane/core/internal/graphapi" name="TestMutationUpdateTask/Update_update_assignee_to_user_not_in_org_should_fail" time="0.020000"></testcase>
		<testcase classname="github.com/theopenlane/core/internal/graphapi" name="TestMutationUpdateTask/Update_update_assignee_to_view_only_user" time="0.040000"></testcase>
		<testcase classname="github.com/theopenlane/core/internal/graphapi" name="TestMutationUpdateTask/Update_update_assignee_to_same_user,_should_not_error" time="0.030000"></testcase>
		<testcase classname="github.com/theopenlane/core/internal/graphapi" name="TestMutationUpdateTask/Update_update_status_and_details" time="0.040000"></testcase>
		<testcase classname="github.com/theopenlane/core/internal/graphapi" name="TestMutationUpdateTask/Update_add_to_group" time="0.030000"></testcase>
		<testcase classname="github.com/theopenlane/core/internal/graphapi" name="TestMutationUpdateTask/Update_update_assigner_to_another_org_member,_this_user_should_still_be_able_to_see_it_because_they_originally_created_it" time="0.090000"></testcase>
		<testcase classname="github.com/theopenlane/core/internal/graphapi" name="TestMutationUpdateTask/Update_clear_assignee" time="0.070000"></testcase>
		<testcase classname="github.com/theopenlane/core/internal/graphapi" name="TestMutationUpdateTask/Update_clear_assigner" time="0.070000"></testcase>
		<testcase classname="github.com/theopenlane/core/internal/graphapi" name="TestMutationUpdateTask" time="1.530000"></testcase>
		<testcase classname="github.com/theopenlane/core/internal/graphapi" name="TestMutationDeleteTask/Delete_not_authorized,_delete_task" time="0.010000"></testcase>
		<testcase classname="github.com/theopenlane/core/internal/graphapi" name="TestMutationDeleteTask/Delete_happy_path,_delete_task" time="0.010000"></testcase>
		<testcase classname="github.com/theopenlane/core/internal/graphapi" name="TestMutationDeleteTask/Delete_task_already_deleted,_not_found" time="0.010000"></testcase>
		<testcase classname="github.com/theopenlane/core/internal/graphapi" name="TestMutationDeleteTask/Delete_happy_path,_delete_task_using_personal_access_token" time="0.030000"></testcase>
		<testcase classname="github.com/theopenlane/core/internal/graphapi" name="TestMutationDeleteTask/Delete_unknown_task,_not_found" time="0.010000"></testcase>
		<testcase classname="github.com/theopenlane/core/internal/graphapi" name="TestMutationDeleteTask" time="0.450000"></testcase>
		<testcase classname="github.com/theopenlane/core/internal/graphapi" name="TestMutationUpdateBulkTask/Bulk_Update_happy_path,_clear_tags_on_multiple_tasks" time="0.050000"></testcase>
		<testcase classname="github.com/theopenlane/core/internal/graphapi" name="TestMutationUpdateBulkTask/Bulk_Update_empty_ids_array" time="0.000000"></testcase>
		<testcase classname="github.com/theopenlane/core/internal/graphapi" name="TestMutationUpdateBulkTask/Bulk_Update_mixed_success_and_failure_-_some_tasks_not_authorized" time="0.030000"></testcase>
		<testcase classname="github.com/theopenlane/core/internal/graphapi" name="TestMutationUpdateBulkTask/Bulk_Update_update_not_allowed,_no_permissions_to_tasks" time="0.000000"></testcase>
		<testcase classname="github.com/theopenlane/core/internal/graphapi" name="TestMutationUpdateBulkTask/Bulk_Update_update_status_on_multiple_tasks" time="0.150000"></testcase>
		<testcase classname="github.com/theopenlane/core/internal/graphapi" name="TestMutationUpdateBulkTask/Bulk_Update_assign_tasks_to_org_member" time="0.100000"></testcase>
		<testcase classname="github.com/theopenlane/core/internal/graphapi" name="TestMutationUpdateBulkTask" time="0.880000"></testcase>
		<testcase classname="github.com/theopenlane/core/internal/graphapi" name="TestQueryTemplate/Get_happy_path" time="0.010000"></testcase>
		<testcase classname="github.com/theopenlane/core/internal/graphapi" name="TestQueryTemplate/Get_happy_path,_root_template" time="0.010000"></testcase>
		<testcase classname="github.com/theopenlane/core/internal/graphapi" name="TestQueryTemplate/Get_happy_path,_root_template,_view_only_user" time="0.010000"></testcase>
		<testcase classname="github.com/theopenlane/core/internal/graphapi" name="TestQueryTemplate/Get_happy_path,_read_only_user" time="0.000000"></testcase>
		<testcase classname="github.com/theopenlane/core/internal/graphapi" name="TestQueryTemplate/Get_happy_path_using_personal_access_token" time="0.010000"></testcase>
		<testcase classname="github.com/theopenlane/core/internal/graphapi" name="TestQueryTemplate/Get_template_not_found,_invalid_ID" time="0.000000"></testcase>
		<testcase classname="github.com/theopenlane/core/internal/graphapi" name="TestQueryTemplate/Get_template_not_found,_using_not_authorized_user" time="0.000000"></testcase>
		<testcase classname="github.com/theopenlane/core/internal/graphapi" name="TestQueryTemplate/Get_anonymous_user_can_access_root_template" time="0.000000"></testcase>
		<testcase classname="github.com/theopenlane/core/internal/graphapi" name="TestQueryTemplate" time="0.390000"></testcase>
		<testcase classname="github.com/theopenlane/core/internal/graphapi" name="TestMutationCreateTemplate/Create_happy_path,_minimal_input_without_files" time="0.190000"></testcase>
		<testcase classname="github.com/theopenlane/core/internal/graphapi" name="TestMutationCreateTemplate/Create_happy_path,_full_input_without_files" time="0.210000"></testcase>
		<testcase classname="github.com/theopenlane/core/internal/graphapi" name="TestMutationCreateTemplate/Create_happy_path,_with_single_PDF_file" time="0.200000"></testcase>
		<testcase classname="github.com/theopenlane/core/internal/graphapi" name="TestMutationCreateTemplate/Create_happy_path,_with_multiple_files" time="0.200000"></testcase>
		<testcase classname="github.com/theopenlane/core/internal/graphapi" name="TestMutationCreateTemplate/Create_missing_required_name_field" time="0.000000"></testcase>
		<testcase classname="github.com/theopenlane/core/internal/graphapi" name="TestMutationCreateTemplate/Create_missing_required_jsonconfig_field" time="0.000000"></testcase>
		<testcase classname="github.com/theopenlane/core/internal/graphapi" name="TestMutationCreateTemplate/Create_happy_path,_system_admin_creating_root_template" time="0.200000"></testcase>
		<testcase classname="github.com/theopenlane/core/internal/graphapi" name="TestMutationCreateTemplate/Create_trust_center_NDA_with_no_trust_center" time="0.010000"></testcase>
		<testcase classname="github.com/theopenlane/core/internal/graphapi" name="TestMutationCreateTemplate/Create_trust_center_NDA_with_trust_center" time="0.250000"></testcase>
		<testcase classname="github.com/theopenlane/core/internal/graphapi" name="TestMutationCreateTemplate" time="1.300000"></testcase>
		<testcase classname="github.com/theopenlane/core/internal/graphapi" name="TestMutationUpdateTemplate/Update_happy_path,_update_name_only" time="0.020000"></testcase>
		<testcase classname="github.com/theopenlane/core/internal/graphapi" name="TestMutationUpdateTemplate/Update_happy_path,_update_description" time="0.010000"></testcase>
		<testcase classname="github.com/theopenlane/core/internal/graphapi" name="TestMutationUpdateTemplate/Update_happy_path,_update_multiple_fields" time="0.010000"></testcase>
		<testcase classname="github.com/theopenlane/core/internal/graphapi" name="TestMutationUpdateTemplate/Update_happy_path,_update_with_single_file" time="0.030000"></testcase>
		<testcase classname="github.com/theopenlane/core/internal/graphapi" name="TestMutationUpdateTemplate/Update_happy_path,_update_with_multiple_files" time="0.050000"></testcase>
		<testcase classname="github.com/theopenlane/core/internal/graphapi" name="TestMutationUpdateTemplate/Update_happy_path,_update_tags" time="0.020000"></testcase>
		<testcase classname="github.com/theopenlane/core/internal/graphapi" name="TestMutationUpdateTemplate/Update_happy_path,_append_tags" time="0.020000"></testcase>
		<testcase classname="github.com/theopenlane/core/internal/graphapi" name="TestMutationUpdateTemplate/Update_happy_path,_using_personal_access_token" time="0.040000"></testcase>
		<testcase classname="github.com/theopenlane/core/internal/graphapi" name="TestMutationUpdateTemplate/Update_happy_path,_system_admin_updating_root_template" time="0.010000"></testcase>
		<testcase classname="github.com/theopenlane/core/internal/graphapi" name="TestMutationUpdateTemplate/Update_template_not_found,_invalid_ID" time="0.000000"></testcase>
		<testcase classname="github.com/theopenlane/core/internal/graphapi" name="TestMutationUpdateTemplate/Update_template_not_found,_unauthorized_user" time="0.000000"></testcase>
		<testcase classname="github.com/theopenlane/core/internal/graphapi" name="TestMutationUpdateTemplate" time="0.800000"></testcase>
		<testcase classname="github.com/theopenlane/core/internal/graphapi" name="TestQueryTFASetting/Get_happy_path_user" time="0.010000"></testcase>
		<testcase classname="github.com/theopenlane/core/internal/graphapi" name="TestQueryTFASetting/Get_happy_path,_using_personal_access_token" time="0.010000"></testcase>
		<testcase classname="github.com/theopenlane/core/internal/graphapi" name="TestQueryTFASetting/Get_valid_user,_but_not_auth" time="0.000000"></testcase>
		<testcase classname="github.com/theopenlane/core/internal/graphapi" name="TestQueryTFASetting" time="0.330000"></testcase>
		<testcase classname="github.com/theopenlane/core/internal/graphapi" name="TestQueryTrustCenterByID/Get_happy_path" time="0.020000"></testcase>
		<testcase classname="github.com/theopenlane/core/internal/graphapi" name="TestQueryTrustCenterByID/Get_happy_path,_view_only_user" time="0.010000"></testcase>
		<testcase classname="github.com/theopenlane/core/internal/graphapi" name="TestQueryTrustCenterByID/Get_trust_center_not_found" time="0.000000"></testcase>
		<testcase classname="github.com/theopenlane/core/internal/graphapi" name="TestQueryTrustCenterByID/Get_not_authorized_to_query_org" time="0.000000"></testcase>
		<testcase classname="github.com/theopenlane/core/internal/graphapi" name="TestQueryTrustCenterByID" time="0.060000"></testcase>
		<testcase classname="github.com/theopenlane/core/internal/graphapi" name="TestQueryTrustCenters/Get_return_all" time="0.010000"></testcase>
		<testcase classname="github.com/theopenlane/core/internal/graphapi" name="TestQueryTrustCenters/Get_return_all,_ro_user" time="0.010000"></testcase>
		<testcase classname="github.com/theopenlane/core/internal/graphapi" name="TestQueryTrustCenters/Get_query_by_org_ID" time="0.020000"></testcase>
		<testcase classname="github.com/theopenlane/core/internal/graphapi" name="TestQueryTrustCenters/Get_query_by_slug" time="0.010000"></testcase>
		<testcase classname="github.com/theopenlane/core/internal/graphapi" name="TestQueryTrustCenters/Get_query_by_slug,_not_found" time="0.010000"></testcase>
		<testcase classname="github.com/theopenlane/core/internal/graphapi" name="TestQueryTrustCenters/Get_query_by_custom_domain,_slug" time="0.010000"></testcase>
		<testcase classname="github.com/theopenlane/core/internal/graphapi" name="TestQueryTrustCenters/Get_query_by_non_existent_custom_domain,_slug" time="0.010000"></testcase>
		<testcase classname="github.com/theopenlane/core/internal/graphapi" name="TestQueryTrustCenters" time="0.120000"></testcase>
		<testcase classname="github.com/theopenlane/core/internal/graphapi" name="TestMutationCreateTrustCenter/Create_happy_path_for_different_organization" time="0.050000"></testcase>
		<testcase classname="github.com/theopenlane/core/internal/graphapi" name="TestMutationCreateTrustCenter/Create_custom_domain_for_different_organization_should_error" time="0.000000"></testcase>
		<testcase classname="github.com/theopenlane/core/internal/graphapi" name="TestMutationCreateTrustCenter/Create_custom_domain_setting" time="0.060000"></testcase>
		<testcase classname="github.com/theopenlane/core/internal/graphapi" name="TestMutationCreateTrustCenter/Create_happy_path_with_settings_for_different_organization" time="0.030000"></testcase>
		<testcase classname="github.com/theopenlane/core/internal/graphapi" name="TestMutationCreateTrustCenter/Create_not_authorized" time="0.000000"></testcase>
		<testcase classname="github.com/theopenlane/core/internal/graphapi" name="TestMutationCreateTrustCenter/Create_duplicate_trust_center_for_same_organization" time="0.010000"></testcase>
		<testcase classname="github.com/theopenlane/core/internal/graphapi" name="TestMutationCreateTrustCenter" time="0.200000"></testcase>
		<testcase classname="github.com/theopenlane/core/internal/graphapi" name="TestGetAllTrustCenters/happy_path_-_regular_user_sees_only_their_trust_centers" time="0.010000"></testcase>
		<testcase classname="github.com/theopenlane/core/internal/graphapi" name="TestGetAllTrustCenters/happy_path_-_admin_user_sees_all_trust_centers" time="0.010000"></testcase>
		<testcase classname="github.com/theopenlane/core/internal/graphapi" name="TestGetAllTrustCenters/happy_path_-_view_only_user" time="0.010000"></testcase>
		<testcase classname="github.com/theopenlane/core/internal/graphapi" name="TestGetAllTrustCenters/happy_path_-_different_user_sees_only_their_trust_centers" time="0.010000"></testcase>
		<testcase classname="github.com/theopenlane/core/internal/graphapi" name="TestGetAllTrustCenters" time="0.090000"></testcase>
		<testcase classname="github.com/theopenlane/core/internal/graphapi" name="TestMutationUpdateTrustCenter/Update_happy_path,_update_tags" time="0.030000"></testcase>
		<testcase classname="github.com/theopenlane/core/internal/graphapi" name="TestMutationUpdateTrustCenter/Update_happy_path,_update_custom_domain" time="0.020000"></testcase>
		<testcase classname="github.com/theopenlane/core/internal/graphapi" name="TestMutationUpdateTrustCenter/Update_happy_path,_update_settings" time="0.050000"></testcase>
		<testcase classname="github.com/theopenlane/core/internal/graphapi" name="TestMutationUpdateTrustCenter/Update_happy_path,_append_tags" time="0.010000"></testcase>
		<testcase classname="github.com/theopenlane/core/internal/graphapi" name="TestMutationUpdateTrustCenter/Update_happy_path,_using_admin_user" time="0.020000"></testcase>
		<testcase classname="github.com/theopenlane/core/internal/graphapi" name="TestMutationUpdateTrustCenter/Update_happy_path,_using_personal_access_token" time="0.020000"></testcase>
		<testcase classname="github.com/theopenlane/core/internal/graphapi" name="TestMutationUpdateTrustCenter/Update_not_authorized,_view_only_user" time="0.010000"></testcase>
		<testcase classname="github.com/theopenlane/core/internal/graphapi" name="TestMutationUpdateTrustCenter/Update_not_authorized,_different_org_user" time="0.010000"></testcase>
		<testcase classname="github.com/theopenlane/core/internal/graphapi" name="TestMutationUpdateTrustCenter/Update_trust_center_not_found" time="0.000000"></testcase>
		<testcase classname="github.com/theopenlane/core/internal/graphapi" name="TestMutationUpdateTrustCenter" time="0.220000"></testcase>
		<testcase classname="github.com/theopenlane/core/internal/graphapi" name="TestMutationUpdateTrustCenterSetting/Update_happy_path_-_update_logo" time="0.030000"></testcase>
		<testcase classname="github.com/theopenlane/core/internal/graphapi" name="TestMutationUpdateTrustCenterSetting/Update_happy_path_-_update_logo_with_other_fields" time="0.030000"></testcase>
		<testcase classname="github.com/theopenlane/core/internal/graphapi" name="TestMutationUpdateTrustCenterSetting/Update_invalid_file_type_-_text_file_instead_of_image" time="0.000000"></testcase>
		<testcase classname="github.com/theopenlane/core/internal/graphapi" name="TestMutationUpdateTrustCenterSetting/Update_not_authorized_-_view_only_user" time="0.010000"></testcase>
		<testcase classname="github.com/theopenlane/core/internal/graphapi" name="TestMutationUpdateTrustCenterSetting/Update_not_authorized_-_different_organization_user" time="0.020000"></testcase>
		<testcase classname="github.com/theopenlane/core/internal/graphapi" name="TestMutationUpdateTrustCenterSetting/Update_trust_center_setting_not_found" time="0.010000"></testcase>
		<testcase classname="github.com/theopenlane/core/internal/graphapi" name="TestMutationUpdateTrustCenterSetting/Update_update_without_logo_file_-_should_work" time="0.020000"></testcase>
		<testcase classname="github.com/theopenlane/core/internal/graphapi" name="TestMutationUpdateTrustCenterSetting/Update_happy_path_-_update_theme_mode_to_EASY" time="0.020000"></testcase>
		<testcase classname="github.com/theopenlane/core/internal/graphapi" name="TestMutationUpdateTrustCenterSetting/Update_happy_path_-_update_theme_mode_to_ADVANCED" time="0.030000"></testcase>
		<testcase classname="github.com/theopenlane/core/internal/graphapi" name="TestMutationUpdateTrustCenterSetting/Update_happy_path_-_update_font" time="0.090000"></testcase>
		<testcase classname="github.com/theopenlane/core/internal/graphapi" name="TestMutationUpdateTrustCenterSetting/Update_happy_path_-_update_foreground_color" time="0.100000"></testcase>
		<testcase classname="github.com/theopenlane/core/internal/graphapi" name="TestMutationUpdateTrustCenterSetting/Update_happy_path_-_update_background_color" time="0.020000"></testcase>
		<testcase classname="github.com/theopenlane/core/internal/graphapi" name="TestMutationUpdateTrustCenterSetting/Update_happy_path_-_update_accent_color" time="0.020000"></testcase>
		<testcase classname="github.com/theopenlane/core/internal/graphapi" name="TestMutationUpdateTrustCenterSetting/Update_happy_path_-_update_all_theme_fields_together" time="0.020000"></testcase>
		<testcase classname="github.com/theopenlane/core/internal/graphapi" name="TestMutationUpdateTrustCenterSetting" time="0.470000"></testcase>
		<testcase classname="github.com/theopenlane/core/internal/graphapi" name="TestMutationCreateTrustCenterCompliance/Create_happy_path,_minimal_input_with_standard_and_trust_center_determined_by_org" time="0.030000"></testcase>
		<testcase classname="github.com/theopenlane/core/internal/graphapi" name="TestMutationCreateTrustCenterCompliance/Create_happy_path,_with_trust_center_and_tags" time="0.020000"></testcase>
		<testcase classname="github.com/theopenlane/core/internal/graphapi" name="TestMutationCreateTrustCenterCompliance/Create_happy_path,_using_public_standard" time="0.020000"></testcase>
		<testcase classname="github.com/theopenlane/core/internal/graphapi" name="TestMutationCreateTrustCenterCompliance/Create_happy_path,_using_personal_access_token" time="0.030000"></testcase>
		<testcase classname="github.com/theopenlane/core/internal/graphapi" name="TestMutationCreateTrustCenterCompliance/Create_happy_path,_using_api_token" time="0.020000"></testcase>
		<testcase classname="github.com/theopenlane/core/internal/graphapi" name="TestMutationCreateTrustCenterCompliance/Create_user_not_authorized,_different_org_standard" time="0.010000"></testcase>
		<testcase classname="github.com/theopenlane/core/internal/graphapi" name="TestMutationCreateTrustCenterCompliance/Create_user_not_authorized,_different_org_trust_center" time="0.000000"></testcase>
		<testcase classname="github.com/theopenlane/core/internal/graphapi" name="TestMutationCreateTrustCenterCompliance/Create_user_not_authorized,_not_enough_permissions" time="0.000000"></testcase>
		<testcase classname="github.com/theopenlane/core/internal/graphapi" name="TestMutationCreateTrustCenterCompliance/Create_missing_required_field" time="0.010000"></testcase>
		<testcase classname="github.com/theopenlane/core/internal/graphapi" name="TestMutationCreateTrustCenterCompliance/Create_invalid_standard_id" time="0.000000"></testcase>
		<testcase classname="github.com/theopenlane/core/internal/graphapi" name="TestMutationCreateTrustCenterCompliance/Create_invalid_trust_center_id" time="0.000000"></testcase>
		<testcase classname="github.com/theopenlane/core/internal/graphapi" name="TestMutationCreateTrustCenterCompliance" time="0.250000"></testcase>
		<testcase classname="github.com/theopenlane/core/internal/graphapi" name="TestQueryTrustCenterCompliance/Get_happy_path" time="0.010000"></testcase>
		<testcase classname="github.com/theopenlane/core/internal/graphapi" name="TestQueryTrustCenterCompliance/Get_happy_path,_view_only_user" time="0.010000"></testcase>
		<testcase classname="github.com/theopenlane/core/internal/graphapi" name="TestQueryTrustCenterCompliance/Get_happy_path,_anonymous_user" time="0.010000"></testcase>
		<testcase classname="github.com/theopenlane/core/internal/graphapi" name="TestQueryTrustCenterCompliance/Get_happy_path_using_personal_access_token" time="0.020000"></testcase>
		<testcase classname="github.com/theopenlane/core/internal/graphapi" name="TestQueryTrustCenterCompliance/Get_happy_path_using_api_token" time="0.020000"></testcase>
		<testcase classname="github.com/theopenlane/core/internal/graphapi" name="TestQueryTrustCenterCompliance/Get_trust_center_compliance_not_found,_invalid_ID" time="0.000000"></testcase>
		<testcase classname="github.com/theopenlane/core/internal/graphapi" name="TestQueryTrustCenterCompliance/Get_trust_center_compliance_not_found,_using_not_authorized_user" time="0.000000"></testcase>
		<testcase classname="github.com/theopenlane/core/internal/graphapi" name="TestQueryTrustCenterCompliance/Get_trust_center_compliance_not_found,_different_org" time="0.000000"></testcase>
		<testcase classname="github.com/theopenlane/core/internal/graphapi" name="TestQueryTrustCenterCompliance" time="1.640000"></testcase>
		<testcase classname="github.com/theopenlane/core/internal/graphapi" name="TestQueryTrustCenterCompliances/List_happy_path,_org_user_should_get_all_org_owned_compliances" time="0.020000"></testcase>
		<testcase classname="github.com/theopenlane/core/internal/graphapi" name="TestQueryTrustCenterCompliances/List_happy_path,_using_read_only_user_of_the_same_org" time="0.020000"></testcase>
		<testcase classname="github.com/theopenlane/core/internal/graphapi" name="TestQueryTrustCenterCompliances/List_happy_path,_anonymous_user" time="0.020000"></testcase>
		<testcase classname="github.com/theopenlane/core/internal/graphapi" name="TestQueryTrustCenterCompliances/List_happy_path,_using_api_token" time="0.020000"></testcase>
		<testcase classname="github.com/theopenlane/core/internal/graphapi" name="TestQueryTrustCenterCompliances/List_happy_path,_using_pat" time="0.020000"></testcase>
		<testcase classname="github.com/theopenlane/core/internal/graphapi" name="TestQueryTrustCenterCompliances/List_another_user,_should_see_their_own_compliance" time="0.010000"></testcase>
		<testcase classname="github.com/theopenlane/core/internal/graphapi" name="TestQueryTrustCenterCompliances" time="0.270000"></testcase>
		<testcase classname="github.com/theopenlane/core/internal/graphapi" name="TestMutationDeleteTrustCenterCompliance/Delete_happy_path,_delete_trust_center_compliance" time="0.020000"></testcase>
		<testcase classname="github.com/theopenlane/core/internal/graphapi" name="TestMutationDeleteTrustCenterCompliance/Delete_happy_path,_delete_using_personal_access_token" time="0.020000"></testcase>
		<testcase classname="github.com/theopenlane/core/internal/graphapi" name="TestMutationDeleteTrustCenterCompliance/Delete_happy_path,_delete_using_api_token" time="0.020000"></testcase>
		<testcase classname="github.com/theopenlane/core/internal/graphapi" name="TestMutationDeleteTrustCenterCompliance/Delete_not_authorized,_different_org_compliance" time="0.010000"></testcase>
		<testcase classname="github.com/theopenlane/core/internal/graphapi" name="TestMutationDeleteTrustCenterCompliance/Delete_not_authorized,_view_only_user" time="0.010000"></testcase>
		<testcase classname="github.com/theopenlane/core/internal/graphapi" name="TestMutationDeleteTrustCenterCompliance/Delete_trust_center_compliance_not_found,_invalid_ID" time="0.000000"></testcase>
		<testcase classname="github.com/theopenlane/core/internal/graphapi" name="TestMutationDeleteTrustCenterCompliance/Delete_trust_center_compliance_not_found,_non-existent_ID" time="0.000000"></testcase>
		<testcase classname="github.com/theopenlane/core/internal/graphapi" name="TestMutationDeleteTrustCenterCompliance" time="1.100000"></testcase>
		<testcase classname="github.com/theopenlane/core/internal/graphapi" name="TestQueryTrustCenterDocByID/Get_happy_path" time="0.020000"></testcase>
		<testcase classname="github.com/theopenlane/core/internal/graphapi" name="TestQueryTrustCenterDocByID/Get_happy_path,_view_only_user" time="0.010000"></testcase>
		<testcase classname="github.com/theopenlane/core/internal/graphapi" name="TestQueryTrustCenterDocByID/Get_trust_center_doc_not_found" time="0.000000"></testcase>
		<testcase classname="github.com/theopenlane/core/internal/graphapi" name="TestQueryTrustCenterDocByID/Get_not_authorized_to_query_org" time="0.010000"></testcase>
		<testcase classname="github.com/theopenlane/core/internal/graphapi" name="TestQueryTrustCenterDocByID/Get_anonymous_user_can_query_trust_center_doc,_but_can&#39;t_see_files" time="0.020000"></testcase>
		<testcase classname="github.com/theopenlane/core/internal/graphapi" name="TestQueryTrustCenterDocByID/Get_anonymous_user_can_query_trust_center_doc_and_files_with_signed_nda" time="0.010000"></testcase>
		<testcase classname="github.com/theopenlane/core/internal/graphapi" name="TestQueryTrustCenterDocByID/Get_anonymous_user_can_query_trust_center_doc,_can_see_public_files" time="0.010000"></testcase>
		<testcase classname="github.com/theopenlane/core/internal/graphapi" name="TestQueryTrustCenterDocByID/Get_nda_anonymous_user_can_query_trust_center_doc,_can_see_public_files" time="0.010000"></testcase>
		<testcase classname="github.com/theopenlane/core/internal/graphapi" name="TestQueryTrustCenterDocByID/Get_anonymous_user_can&#39;t_see_not_visible_docs" time="0.030000"></testcase>
		<testcase classname="github.com/theopenlane/core/internal/graphapi" name="TestQueryTrustCenterDocByID/Get_nda_anonymous_user_can&#39;t_see_not_visible_docs" time="0.010000"></testcase>
		<testcase classname="github.com/theopenlane/core/internal/graphapi" name="TestQueryTrustCenterDocByID/Get_org_user_can_see_not_visible_docs" time="0.020000"></testcase>
		<testcase classname="github.com/theopenlane/core/internal/graphapi" name="TestQueryTrustCenterDocByID" time="0.350000"></testcase>
		<testcase classname="github.com/theopenlane/core/internal/graphapi" name="TestMutationCreateTrustCenterDoc/Create_happy_path,_create_trust_center_doc_with_PDF_file" time="0.080000"></testcase>
		<testcase classname="github.com/theopenlane/core/internal/graphapi" name="TestMutationCreateTrustCenterDoc/Create_happy_path,_create_trust_center_doc_with_watermarking" time="0.050000"></testcase>
		<testcase classname="github.com/theopenlane/core/internal/graphapi" name="TestMutationCreateTrustCenterDoc/Create_happy_path,_protected,_create_trust_center_doc_with_PDF_file" time="0.050000"></testcase>
		<testcase classname="github.com/theopenlane/core/internal/graphapi" name="TestMutationCreateTrustCenterDoc/Create_happy_path,_protected,_create_trust_center_doc_with_watermarking" time="0.050000"></testcase>
		<testcase classname="github.com/theopenlane/core/internal/graphapi" name="TestMutationCreateTrustCenterDoc/Create_happy_path,_not_visible,_create_trust_center_doc_with_PDF_file" time="0.040000"></testcase>
		<testcase classname="github.com/theopenlane/core/internal/graphapi" name="TestMutationCreateTrustCenterDoc/Create_happy_path,_not_visible,_create_trust_center_doc_with_watermarking" time="0.040000"></testcase>
		<testcase classname="github.com/theopenlane/core/internal/graphapi" name="TestMutationCreateTrustCenterDoc/Create_happy_path,_minimal_required_fields" time="0.040000"></testcase>
		<testcase classname="github.com/theopenlane/core/internal/graphapi" name="TestMutationCreateTrustCenterDoc/Create_happy_path,_using_personal_access_token" time="0.050000"></testcase>
		<testcase classname="github.com/theopenlane/core/internal/graphapi" name="TestMutationCreateTrustCenterDoc/Create_invalid_file_type" time="0.000000"></testcase>
		<testcase classname="github.com/theopenlane/core/internal/graphapi" name="TestMutationCreateTrustCenterDoc/Create_missing_title" time="0.010000"></testcase>
		<testcase classname="github.com/theopenlane/core/internal/graphapi" name="TestMutationCreateTrustCenterDoc/Create_missing_category" time="0.010000"></testcase>
		<testcase classname="github.com/theopenlane/core/internal/graphapi" name="TestMutationCreateTrustCenterDoc/Create_not_authorized,_view_only_user" time="0.010000"></testcase>
		<testcase classname="github.com/theopenlane/core/internal/graphapi" name="TestMutationCreateTrustCenterDoc/Create_not_authorized,_different_user" time="0.010000"></testcase>
		<testcase classname="github.com/theopenlane/core/internal/graphapi" name="TestMutationCreateTrustCenterDoc" time="0.470000"></testcase>
		<testcase classname="github.com/theopenlane/core/internal/graphapi" name="TestQueryTrustCenterDocs/Get_return_all_for_user1" time="0.020000"></testcase>
		<testcase classname="github.com/theopenlane/core/internal/graphapi" name="TestQueryTrustCenterDocs/Get_return_all,_ro_user" time="0.020000"></testcase>
		<testcase classname="github.com/theopenlane/core/internal/graphapi" name="TestQueryTrustCenterDocs/Get_query_by_trust_center_ID" time="0.030000"></testcase>
		<testcase classname="github.com/theopenlane/core/internal/graphapi" name="TestQueryTrustCenterDocs/Get_query_by_title" time="0.070000"></testcase>
		<testcase classname="github.com/theopenlane/core/internal/graphapi" name="TestQueryTrustCenterDocs/Get_query_by_category" time="0.030000"></testcase>
		<testcase classname="github.com/theopenlane/core/internal/graphapi" name="TestQueryTrustCenterDocs/Get_query_by_visibility" time="0.030000"></testcase>
		<testcase classname="github.com/theopenlane/core/internal/graphapi" name="TestQueryTrustCenterDocs/Get_query_by_non-existent_title" time="0.010000"></testcase>
		<testcase classname="github.com/theopenlane/core/internal/graphapi" name="TestQueryTrustCenterDocs/Get_anonymous_user_can_query_trust_center_docs" time="0.030000"></testcase>
		<testcase classname="github.com/theopenlane/core/internal/graphapi" name="TestQueryTrustCenterDocs/Get_anonymous_user_with_signed_can_query_trust_center_docs_and_view_files" time="0.020000"></testcase>
		<testcase classname="github.com/theopenlane/core/internal/graphapi" name="TestQueryTrustCenterDocs" time="0.440000"></testcase>
		<testcase classname="github.com/theopenlane/core/internal/graphapi" name="TestMutationUpdateTrustCenterDoc/Update_happy_path,_update_title" time="0.030000"></testcase>
		<testcase classname="github.com/theopenlane/core/internal/graphapi" name="TestMutationUpdateTrustCenterDoc/Update_happy_path,_update_category" time="0.030000"></testcase>
		<testcase classname="github.com/theopenlane/core/internal/graphapi" name="TestMutationUpdateTrustCenterDoc/Update_happy_path,_update_visibility" time="0.040000"></testcase>
		<testcase classname="github.com/theopenlane/core/internal/graphapi" name="TestMutationUpdateTrustCenterDoc/Update_happy_path,_update_multiple_fields" time="0.030000"></testcase>
		<testcase classname="github.com/theopenlane/core/internal/graphapi" name="TestMutationUpdateTrustCenterDoc/Update_happy_path,_using_personal_access_token" time="0.030000"></testcase>
		<testcase classname="github.com/theopenlane/core/internal/graphapi" name="TestMutationUpdateTrustCenterDoc/Update_not_authorized,_view_only_user" time="0.010000"></testcase>
		<testcase classname="github.com/theopenlane/core/internal/graphapi" name="TestMutationUpdateTrustCenterDoc/Update_not_authorized,_different_org_user" time="0.010000"></testcase>
		<testcase classname="github.com/theopenlane/core/internal/graphapi" name="TestMutationUpdateTrustCenterDoc/Update_trust_center_doc_not_found" time="0.000000"></testcase>
		<testcase classname="github.com/theopenlane/core/internal/graphapi" name="TestMutationUpdateTrustCenterDoc" time="0.300000"></testcase>
		<testcase classname="github.com/theopenlane/core/internal/graphapi" name="TestTrustCenterDocUpdateSysAdmin/sysadmin_can_update_protected_document" time="0.090000"></testcase>
		<testcase classname="github.com/theopenlane/core/internal/graphapi" name="TestTrustCenterDocUpdateSysAdmin" time="0.180000"></testcase>
		<testcase classname="github.com/theopenlane/core/internal/graphapi" name="TestTrustCenterDocWatermarkingFGATuples/create_publicly_visible_document_with_watermarking_-_should_create_tuples_for_original_file_only" time="0.060000"></testcase>
		<testcase classname="github.com/theopenlane/core/internal/graphapi" name="TestTrustCenterDocWatermarkingFGATuples/update_document_with_watermarked_file_upload_-_should_create_tuples_for_watermarked_file" time="0.140000"></testcase>
		<testcase classname="github.com/theopenlane/core/internal/graphapi" name="TestTrustCenterDocWatermarkingFGATuples/change_visibility_from_public_to_protected_-_should_remove_file_tuples" time="0.110000"></testcase>
		<testcase classname="github.com/theopenlane/core/internal/graphapi" name="TestTrustCenterDocWatermarkingFGATuples" time="0.340000"></testcase>
		<testcase classname="github.com/theopenlane/core/internal/graphapi" name="TestMutationUpdateTrustCenterDocWithFGATuples/Update_update_from_not_visible_to_publicly_visible_creates_tuples" time="0.120000"></testcase>
		<testcase classname="github.com/theopenlane/core/internal/graphapi" name="TestMutationUpdateTrustCenterDocWithFGATuples/Update_update_from_not_visible_to_protected_creates_doc_tuple_only" time="0.130000"></testcase>
		<testcase classname="github.com/theopenlane/core/internal/graphapi" name="TestMutationUpdateTrustCenterDocWithFGATuples/Update_update_from_publicly_visible_to_not_visible_deletes_all_tuples" time="0.130000"></testcase>
		<testcase classname="github.com/theopenlane/core/internal/graphapi" name="TestMutationUpdateTrustCenterDocWithFGATuples/Update_update_from_publicly_visible_to_protected_deletes_file_tuples_only" time="0.110000"></testcase>
		<testcase classname="github.com/theopenlane/core/internal/graphapi" name="TestMutationUpdateTrustCenterDocWithFGATuples/Update_update_from_protected_to_publicly_visible_creates_file_tuples" time="0.110000"></testcase>
		<testcase classname="github.com/theopenlane/core/internal/graphapi" name="TestMutationUpdateTrustCenterDocWithFGATuples/Update_not_authorized,_view_only_user" time="0.070000"></testcase>
		<testcase classname="github.com/theopenlane/core/internal/graphapi" name="TestMutationUpdateTrustCenterDocWithFGATuples" time="0.700000"></testcase>
		<testcase classname="github.com/theopenlane/core/internal/graphapi" name="TestGetAllTrustCenterDocs/happy_path_-_regular_user_sees_only_their_trust_center_docs" time="0.030000"></testcase>
		<testcase classname="github.com/theopenlane/core/internal/graphapi" name="TestGetAllTrustCenterDocs/happy_path_-_admin_user_sees_all_trust_center_docs" time="0.040000"></testcase>
		<testcase classname="github.com/theopenlane/core/internal/graphapi" name="TestGetAllTrustCenterDocs/happy_path_-_view_only_user" time="0.030000"></testcase>
		<testcase classname="github.com/theopenlane/core/internal/graphapi" name="TestGetAllTrustCenterDocs/happy_path_-_different_user_sees_only_their_trust_center_docs" time="0.020000"></testcase>
		<testcase classname="github.com/theopenlane/core/internal/graphapi" name="TestGetAllTrustCenterDocs/anonymous_user_can&#39;t_see_not_visible_docs" time="0.040000"></testcase>
		<testcase classname="github.com/theopenlane/core/internal/graphapi" name="TestGetAllTrustCenterDocs/nda_anonymous_user_can&#39;t_see_not_visible_docs" time="0.040000"></testcase>
		<testcase classname="github.com/theopenlane/core/internal/graphapi" name="TestGetAllTrustCenterDocs" time="0.500000"></testcase>
		<testcase classname="github.com/theopenlane/core/internal/graphapi" name="TestMutationCreateTrustCenterDomain/happy_path" time="0.040000"></testcase>
		<testcase classname="github.com/theopenlane/core/internal/graphapi" name="TestMutationCreateTrustCenterDomain/trust_center_not_found" time="0.000000"></testcase>
		<testcase classname="github.com/theopenlane/core/internal/graphapi" name="TestMutationCreateTrustCenterDomain/view_only_user_cannot_create_domain" time="0.350000"></testcase>
		<testcase classname="github.com/theopenlane/core/internal/graphapi" name="TestMutationCreateTrustCenterDomain/user_from_different_organization_cannot_access_trust_center" time="0.010000"></testcase>
		<testcase classname="github.com/theopenlane/core/internal/graphapi" name="TestMutationCreateTrustCenterDomain/trust_center_already_has_a_domain" time="0.370000"></testcase>
		<testcase classname="github.com/theopenlane/core/internal/graphapi" name="TestMutationCreateTrustCenterDomain" time="1.150000"></testcase>
		<testcase classname="github.com/theopenlane/core/internal/graphapi" name="TestMutationCreateTrustCenterDomainMappableDomainNotExists/mappable_domain_does_not_exist" time="0.000000"></testcase>
		<testcase classname="github.com/theopenlane/core/internal/graphapi" name="TestMutationCreateTrustCenterDomainMappableDomainNotExists" time="0.290000"></testcase>
		<testcase classname="github.com/theopenlane/core/internal/graphapi" name="TestMutationSubmitTrustCenterNDADocAccess" time="0.310000"></testcase>
		<testcase classname="github.com/theopenlane/core/internal/graphapi" name="TestMutationSendTrustCenterNDAEmail/Test_email_scenarios_with_existing_NDA/Send_auth_email_to_user_who_already_signed_NDA" time="0.010000"></testcase>
		<testcase classname="github.com/theopenlane/core/internal/graphapi" name="TestMutationSendTrustCenterNDAEmail/Test_email_scenarios_with_existing_NDA/Send_NDA_request_email_to_user_who_hasn&#39;t_signed" time="0.010000"></testcase>
		<testcase classname="github.com/theopenlane/core/internal/graphapi" name="TestMutationSendTrustCenterNDAEmail/Test_email_scenarios_with_existing_NDA" time="0.240000"></testcase>
		<testcase classname="github.com/theopenlane/core/internal/graphapi" name="TestMutationSendTrustCenterNDAEmail/Test_email_with_custom_domain_trust_center" time="0.320000"></testcase>
		<testcase classname="github.com/theopenlane/core/internal/graphapi" name="TestMutationSendTrustCenterNDAEmail/Send_happy_path_-_anonymous_user_sends_email_for_their_trust_center" time="0.010000"></testcase>
		<testcase classname="github.com/theopenlane/core/internal/graphapi" name="TestMutationSendTrustCenterNDAEmail/Send_happy_path_-_system_admin_can_send_email_for_any_trust_center" time="0.010000"></testcase>
		<testcase classname="github.com/theopenlane/core/internal/graphapi" name="TestMutationSendTrustCenterNDAEmail/Send_happy_path_-_send_email_when_no_NDA_template_exists_yet" time="0.010000"></testcase>
		<testcase classname="github.com/theopenlane/core/internal/graphapi" name="TestMutationSendTrustCenterNDAEmail/Send_not_authorized_-_anonymous_user_tries_to_send_for_different_trust_center" time="0.000000"></testcase>
		<testcase classname="github.com/theopenlane/core/internal/graphapi" name="TestMutationSendTrustCenterNDAEmail/Send_not_authorized_-_regular_user_cannot_send_NDA_email" time="0.010000"></testcase>
		<testcase classname="github.com/theopenlane/core/internal/graphapi" name="TestMutationSendTrustCenterNDAEmail/Send_not_authorized_-_view_only_user_cannot_send_NDA_email" time="0.000000"></testcase>
		<testcase classname="github.com/theopenlane/core/internal/graphapi" name="TestMutationSendTrustCenterNDAEmail/Send_trust_center_not_found" time="0.000000"></testcase>
		<testcase classname="github.com/theopenlane/core/internal/graphapi" name="TestMutationSendTrustCenterNDAEmail/Send_invalid_email_format" time="0.010000"></testcase>
		<testcase classname="github.com/theopenlane/core/internal/graphapi" name="TestMutationSendTrustCenterNDAEmail/Send_empty_email" time="0.000000"></testcase>
		<testcase classname="github.com/theopenlane/core/internal/graphapi" name="TestMutationSendTrustCenterNDAEmail" time="0.680000"></testcase>
		<testcase classname="github.com/theopenlane/core/internal/graphapi" name="TestCreateTrustCenterNDA/happy_path" time="0.190000"></testcase>
		<testcase classname="github.com/theopenlane/core/internal/graphapi" name="TestCreateTrustCenterNDA/missing_upload" time="0.020000"></testcase>
		<testcase classname="github.com/theopenlane/core/internal/graphapi" name="TestCreateTrustCenterNDA/missing_trust_center" time="0.010000"></testcase>
		<testcase classname="github.com/theopenlane/core/internal/graphapi" name="TestCreateTrustCenterNDA/Other_user_cannot_create_NDA" time="0.010000"></testcase>
		<testcase classname="github.com/theopenlane/core/internal/graphapi" name="TestCreateTrustCenterNDA" time="0.260000"></testcase>
		<testcase classname="github.com/theopenlane/core/internal/graphapi" name="TestAnonymousUserCanQueryTrustCenterNDA" time="0.270000"></testcase>
		<testcase classname="github.com/theopenlane/core/internal/graphapi" name="TestSubmitTrustCenterNDAResponse/happy_path" time="0.030000"></testcase>
		<testcase classname="github.com/theopenlane/core/internal/graphapi" name="TestSubmitTrustCenterNDAResponse/Does_not_conform_to_format" time="0.000000"></testcase>
		<testcase classname="github.com/theopenlane/core/internal/graphapi" name="TestSubmitTrustCenterNDAResponse/authed_to_wrong_trust_center" time="0.020000"></testcase>
		<testcase classname="github.com/theopenlane/core/internal/graphapi" name="TestSubmitTrustCenterNDAResponse/wrong_trust_center_ID" time="0.010000"></testcase>
		<testcase classname="github.com/theopenlane/core/internal/graphapi" name="TestSubmitTrustCenterNDAResponse/email_mismatch" time="0.000000"></testcase>
		<testcase classname="github.com/theopenlane/core/internal/graphapi" name="TestSubmitTrustCenterNDAResponse/wrong_user_ID" time="0.000000"></testcase>
		<testcase classname="github.com/theopenlane/core/internal/graphapi" name="TestSubmitTrustCenterNDAResponse" time="0.300000"></testcase>
		<testcase classname="github.com/theopenlane/core/internal/graphapi" name="TestMutationCreateTrustCenterSubprocessor/Create_happy_path_-_org_owner_can_create_trust_center_subprocessor" time="0.020000"></testcase>
		<testcase classname="github.com/theopenlane/core/internal/graphapi" name="TestMutationCreateTrustCenterSubprocessor/Create_not_authorized_-_view_only_user_cannot_create_trust_center_subprocessor" time="0.010000"></testcase>
		<testcase classname="github.com/theopenlane/core/internal/graphapi" name="TestMutationCreateTrustCenterSubprocessor/Create_not_authorized_-_different_org_user_cannot_create_trust_center_subprocessor" time="0.000000"></testcase>
		<testcase classname="github.com/theopenlane/core/internal/graphapi" name="TestMutationCreateTrustCenterSubprocessor/Create_trust_center_not_found" time="0.000000"></testcase>
		<testcase classname="github.com/theopenlane/core/internal/graphapi" name="TestMutationCreateTrustCenterSubprocessor/Create_subprocessor_not_found" time="0.000000"></testcase>
		<testcase classname="github.com/theopenlane/core/internal/graphapi" name="TestMutationCreateTrustCenterSubprocessor/Create_missing_required_fields_-_category" time="0.010000"></testcase>
		<testcase classname="github.com/theopenlane/core/internal/graphapi" name="TestMutationCreateTrustCenterSubprocessor" time="0.510000"></testcase>
		<testcase classname="github.com/theopenlane/core/internal/graphapi" name="TestMutationCreateTrustCenterSubprocessorAsAnonymousUser/anonymous_user_cannot_create_trust_center_subprocessor" time="0.000000"></testcase>
		<testcase classname="github.com/theopenlane/core/internal/graphapi" name="TestMutationCreateTrustCenterSubprocessorAsAnonymousUser" time="0.260000"></testcase>
		<testcase classname="github.com/theopenlane/core/internal/graphapi" name="TestQueryTrustCenterSubprocessorByID/Get_happy_path_-_get_trust_center_subprocessor" time="0.010000"></testcase>
		<testcase classname="github.com/theopenlane/core/internal/graphapi" name="TestQueryTrustCenterSubprocessorByID/Get_happy_path_-_view_only_user_can_get_trust_center_subprocessor" time="0.010000"></testcase>
		<testcase classname="github.com/theopenlane/core/internal/graphapi" name="TestQueryTrustCenterSubprocessorByID/Get_happy_path_-_anon_user" time="0.010000"></testcase>
		<testcase classname="github.com/theopenlane/core/internal/graphapi" name="TestQueryTrustCenterSubprocessorByID/Get_not_found_-_different_org_user_cannot_access_trust_center_subprocessor" time="0.000000"></testcase>
		<testcase classname="github.com/theopenlane/core/internal/graphapi" name="TestQueryTrustCenterSubprocessorByID/Get_not_found_-_different_anonymous_user_cannot_access_trust_center_subprocessor" time="0.000000"></testcase>
		<testcase classname="github.com/theopenlane/core/internal/graphapi" name="TestQueryTrustCenterSubprocessorByID/Get_not_found_-_non-existent_ID" time="0.000000"></testcase>
		<testcase classname="github.com/theopenlane/core/internal/graphapi" name="TestQueryTrustCenterSubprocessorByID" time="0.750000"></testcase>
		<testcase classname="github.com/theopenlane/core/internal/graphapi" name="TestMutationUpdateTrustCenterSubprocessor/Update_happy_path_-_update_category_and_countries" time="0.040000"></testcase>
		<testcase classname="github.com/theopenlane/core/internal/graphapi" name="TestMutationUpdateTrustCenterSubprocessor/Update_happy_path_-_update_subprocessor" time="0.040000"></testcase>
		<testcase classname="github.com/theopenlane/core/internal/graphapi" name="TestMutationUpdateTrustCenterSubprocessor/Update_happy_path_-_append_countries" time="0.040000"></testcase>
		<testcase classname="github.com/theopenlane/core/internal/graphapi" name="TestMutationUpdateTrustCenterSubprocessor/Update_happy_path_-_clear_countries" time="0.050000"></testcase>
		<testcase classname="github.com/theopenlane/core/internal/graphapi" name="TestMutationUpdateTrustCenterSubprocessor/Update_not_authorized_-_view_only_user_cannot_update" time="0.030000"></testcase>
		<testcase classname="github.com/theopenlane/core/internal/graphapi" name="TestMutationUpdateTrustCenterSubprocessor/Update_not_authorized_-_anon_user_cannot_update" time="0.030000"></testcase>
		<testcase classname="github.com/theopenlane/core/internal/graphapi" name="TestMutationUpdateTrustCenterSubprocessor/Update_not_authorized_-_different_org_user_cannot_update" time="0.040000"></testcase>
		<testcase classname="github.com/theopenlane/core/internal/graphapi" name="TestMutationUpdateTrustCenterSubprocessor/Update_not_found_-_non-existent_ID" time="0.000000"></testcase>
		<testcase classname="github.com/theopenlane/core/internal/graphapi" name="TestMutationUpdateTrustCenterSubprocessor" time="0.900000"></testcase>
		<testcase classname="github.com/theopenlane/core/internal/graphapi" name="TestMutationDeleteTrustCenterSubprocessor/Delete_happy_path_-_delete_trust_center_subprocessor" time="0.010000"></testcase>
		<testcase classname="github.com/theopenlane/core/internal/graphapi" name="TestMutationDeleteTrustCenterSubprocessor/Delete_not_authorized_-_view_only_user_cannot_delete" time="0.010000"></testcase>
		<testcase classname="github.com/theopenlane/core/internal/graphapi" name="TestMutationDeleteTrustCenterSubprocessor/Delete_not_authorized_-_different_org_user_cannot_delete" time="0.010000"></testcase>
		<testcase classname="github.com/theopenlane/core/internal/graphapi" name="TestMutationDeleteTrustCenterSubprocessor/Delete_not_found_-_non-existent_ID" time="0.000000"></testcase>
		<testcase classname="github.com/theopenlane/core/internal/graphapi" name="TestMutationDeleteTrustCenterSubprocessor" time="0.920000"></testcase>
		<testcase classname="github.com/theopenlane/core/internal/graphapi" name="TestQueryTrustCenterSubprocessors/Query_get_all_trust_center_subprocessors_for_user1" time="0.010000"></testcase>
		<testcase classname="github.com/theopenlane/core/internal/graphapi" name="TestQueryTrustCenterSubprocessors/Query_get_all_trust_center_subprocessors_for_user2" time="0.010000"></testcase>
		<testcase classname="github.com/theopenlane/core/internal/graphapi" name="TestQueryTrustCenterSubprocessors/Query_view_only_user_can_see_trust_center_subprocessors" time="0.030000"></testcase>
		<testcase classname="github.com/theopenlane/core/internal/graphapi" name="TestQueryTrustCenterSubprocessors/Query_anonymous_user_can_see_trust_center_subprocessors" time="0.020000"></testcase>
		<testcase classname="github.com/theopenlane/core/internal/graphapi" name="TestQueryTrustCenterSubprocessors/Query_filter_by_category" time="0.010000"></testcase>
		<testcase classname="github.com/theopenlane/core/internal/graphapi" name="TestQueryTrustCenterSubprocessors/Query_filter_by_trust_center_ID" time="0.020000"></testcase>
		<testcase classname="github.com/theopenlane/core/internal/graphapi" name="TestQueryTrustCenterSubprocessors/Query_filter_by_non-existent_category" time="0.010000"></testcase>
		<testcase classname="github.com/theopenlane/core/internal/graphapi" name="TestQueryTrustCenterSubprocessors" time="0.880000"></testcase>
		<testcase classname="github.com/theopenlane/core/internal/graphapi" name="TestMutationCreateTrustCenterWatermarkConfig/Create_happy_path,_minimal,_text" time="0.030000"></testcase>
		<testcase classname="github.com/theopenlane/core/internal/graphapi" name="TestMutationCreateTrustCenterWatermarkConfig/Create_happy_path,_minimal,_logo" time="0.040000"></testcase>
		<testcase classname="github.com/theopenlane/core/internal/graphapi" name="TestMutationCreateTrustCenterWatermarkConfig/Create_happy_path,_all_fields" time="0.020000"></testcase>
		<testcase classname="github.com/theopenlane/core/internal/graphapi" name="TestMutationCreateTrustCenterWatermarkConfig/Create_not_authorized" time="0.000000"></testcase>
		<testcase classname="github.com/theopenlane/core/internal/graphapi" name="TestMutationCreateTrustCenterWatermarkConfig/Create_missing_required_field,_trust_center_id" time="0.000000"></testcase>
		<testcase classname="github.com/theopenlane/core/internal/graphapi" name="TestMutationCreateTrustCenterWatermarkConfig/Create_missing_required_field,_text_or_logo" time="0.000000"></testcase>
		<testcase classname="github.com/theopenlane/core/internal/graphapi" name="TestMutationCreateTrustCenterWatermarkConfig" time="0.130000"></testcase>
		<testcase classname="github.com/theopenlane/core/internal/graphapi" name="TestQueryTrustCenterWatermarkConfig/Get_happy_path" time="0.000000"></testcase>
		<testcase classname="github.com/theopenlane/core/internal/graphapi" name="TestQueryTrustCenterWatermarkConfig/Get_not_found" time="0.000000"></testcase>
		<testcase classname="github.com/theopenlane/core/internal/graphapi" name="TestQueryTrustCenterWatermarkConfig/Get_not_authorized" time="0.000000"></testcase>
		<testcase classname="github.com/theopenlane/core/internal/graphapi" name="TestQueryTrustCenterWatermarkConfig/Get_anonymous_user_cannot_access_trust_center_watermark_config" time="0.000000"></testcase>
		<testcase classname="github.com/theopenlane/core/internal/graphapi" name="TestQueryTrustCenterWatermarkConfig" time="0.050000"></testcase>
		<testcase classname="github.com/theopenlane/core/internal/graphapi" name="TestMutationUpdateTrustCenterWatermarkConfig/Update_happy_path,_update_text" time="0.020000"></testcase>
		<testcase classname="github.com/theopenlane/core/internal/graphapi" name="TestMutationUpdateTrustCenterWatermarkConfig/Update_happy_path,_update_logo" time="0.030000"></testcase>
		<testcase classname="github.com/theopenlane/core/internal/graphapi" name="TestMutationUpdateTrustCenterWatermarkConfig/Update_happy_path,_update_all_fields" time="0.030000"></testcase>
		<testcase classname="github.com/theopenlane/core/internal/graphapi" name="TestMutationUpdateTrustCenterWatermarkConfig/Update_not_authorized" time="0.000000"></testcase>
		<testcase classname="github.com/theopenlane/core/internal/graphapi" name="TestMutationUpdateTrustCenterWatermarkConfig" time="0.120000"></testcase>
		<testcase classname="github.com/theopenlane/core/internal/graphapi" name="TestQueryUser/Get_happy_path_user" time="0.160000"></testcase>
		<testcase classname="github.com/theopenlane/core/internal/graphapi" name="TestQueryUser/Get_valid_user,_but_no_auth" time="0.000000"></testcase>
		<testcase classname="github.com/theopenlane/core/internal/graphapi" name="TestQueryUser/Get_invalid-id" time="0.000000"></testcase>
		<testcase classname="github.com/theopenlane/core/internal/graphapi" name="TestQueryUser" time="0.160000"></testcase>
		<testcase classname="github.com/theopenlane/core/internal/graphapi" name="TestQueryUsers/Get_Users" time="0.010000"></testcase>
		<testcase classname="github.com/theopenlane/core/internal/graphapi" name="TestQueryUsers" time="0.010000"></testcase>
		<testcase classname="github.com/theopenlane/core/internal/graphapi" name="TestMutationCreateUser/Create_no_auth_create_user" time="0.000000"></testcase>
		<testcase classname="github.com/theopenlane/core/internal/graphapi" name="TestMutationCreateUser" time="0.000000"></testcase>
		<testcase classname="github.com/theopenlane/core/internal/graphapi" name="TestMutationUpdateUser/Update_update_first_name_and_password,_happy_path" time="0.020000"></testcase>
		<testcase classname="github.com/theopenlane/core/internal/graphapi" name="TestMutationUpdateUser/Update_update_avatar" time="0.030000"></testcase>
		<testcase classname="github.com/theopenlane/core/internal/graphapi" name="TestMutationUpdateUser/Update_update_avatar_with_invalid_file" time="0.000000"></testcase>
		<testcase classname="github.com/theopenlane/core/internal/graphapi" name="TestMutationUpdateUser/Update_update_last_name,_happy_path" time="0.020000"></testcase>
		<testcase classname="github.com/theopenlane/core/internal/graphapi" name="TestMutationUpdateUser/Update_update_email,_happy_path" time="0.020000"></testcase>
		<testcase classname="github.com/theopenlane/core/internal/graphapi" name="TestMutationUpdateUser/Update_update_display_name,_happy_path" time="0.020000"></testcase>
		<testcase classname="github.com/theopenlane/core/internal/graphapi" name="TestMutationUpdateUser/Update_update_name,_too_long" time="0.000000"></testcase>
		<testcase classname="github.com/theopenlane/core/internal/graphapi" name="TestMutationUpdateUser/Update_update_with_weak_password" time="0.000000"></testcase>
		<testcase classname="github.com/theopenlane/core/internal/graphapi" name="TestMutationUpdateUser" time="0.210000"></testcase>
		<testcase classname="github.com/theopenlane/core/internal/graphapi" name="TestMutationDeleteUser/Delete_delete_user,_happy_path" time="0.020000"></testcase>
		<testcase classname="github.com/theopenlane/core/internal/graphapi" name="TestMutationDeleteUser/Delete_delete_user,_not_found" time="0.000000"></testcase>
		<testcase classname="github.com/theopenlane/core/internal/graphapi" name="TestMutationDeleteUser" time="0.090000"></testcase>
		<testcase classname="github.com/theopenlane/core/internal/graphapi" name="TestMutationUserCascadeDelete" time="0.080000"></testcase>
		<testcase classname="github.com/theopenlane/core/internal/graphapi" name="TestQueryUserSetting/Get_happy_path_user" time="0.000000"></testcase>
		<testcase classname="github.com/theopenlane/core/internal/graphapi" name="TestQueryUserSetting/Get_happy_path_user,_using_personal_access_token" time="0.010000"></testcase>
		<testcase classname="github.com/theopenlane/core/internal/graphapi" name="TestQueryUserSetting/Get_valid_user,_but_not_auth" time="0.000000"></testcase>
		<testcase classname="github.com/theopenlane/core/internal/graphapi" name="TestQueryUserSetting/Get_invalid-id" time="0.000000"></testcase>
		<testcase classname="github.com/theopenlane/core/internal/graphapi" name="TestQueryUserSetting" time="0.080000"></testcase>
		<testcase classname="github.com/theopenlane/core/internal/graphapi" name="TestQueryUserSettings/Get_User_Settings" time="0.010000"></testcase>
		<testcase classname="github.com/theopenlane/core/internal/graphapi" name="TestQueryUserSettings" time="0.140000"></testcase>
		<testcase classname="github.com/theopenlane/core/internal/graphapi" name="TestMutationUpdateUserSetting/Update_update_default_org_and_tags" time="0.020000"></testcase>
		<testcase classname="github.com/theopenlane/core/internal/graphapi" name="TestMutationUpdateUserSetting/Update_update_default_org_and_tags_for_view_only_user" time="0.020000"></testcase>
		<testcase classname="github.com/theopenlane/core/internal/graphapi" name="TestMutationUpdateUserSetting/Update_update_default_org_to_org_without_access" time="0.010000"></testcase>
		<testcase classname="github.com/theopenlane/core/internal/graphapi" name="TestMutationUpdateUserSetting/Update_update_status_to_invalid" time="0.000000"></testcase>
		<testcase classname="github.com/theopenlane/core/internal/graphapi" name="TestMutationUpdateUserSetting/Update_update_status_to_suspended_using_personal_access_token" time="0.010000"></testcase>
		<testcase classname="github.com/theopenlane/core/internal/graphapi" name="TestMutationUpdateUserSetting" time="0.440000"></testcase>
		<testcase classname="github.com/theopenlane/core/internal/graphapi" name="TestQueryPasskeys/Get_happy_path_user" time="0.000000"></testcase>
		<testcase classname="github.com/theopenlane/core/internal/graphapi" name="TestQueryPasskeys/Get_happy_path,_using_personal_access_token" time="0.010000"></testcase>
		<testcase classname="github.com/theopenlane/core/internal/graphapi" name="TestQueryPasskeys/Get_valid_user,_but_no_passkeys" time="0.000000"></testcase>
		<testcase classname="github.com/theopenlane/core/internal/graphapi" name="TestQueryPasskeys/Get_no_auth" time="0.000000"></testcase>
		<testcase classname="github.com/theopenlane/core/internal/graphapi" name="TestQueryPasskeys" time="0.110000"></testcase>
		<testcase classname="github.com/theopenlane/core/internal/graphapi" name="TestMutationDeletePasskeys/Get_happy_path_user" time="0.000000"></testcase>
		<testcase classname="github.com/theopenlane/core/internal/graphapi" name="TestMutationDeletePasskeys/Get_happy_path,_but_deleted_passkey" time="0.010000"></testcase>
		<testcase classname="github.com/theopenlane/core/internal/graphapi" name="TestMutationDeletePasskeys/Get_happy_path_user_with_pat" time="0.020000"></testcase>
		<testcase classname="github.com/theopenlane/core/internal/graphapi" name="TestMutationDeletePasskeys" time="0.030000"></testcase>
		<testcase classname="github.com/theopenlane/core/internal/graphapi" name="TestStripOperation/Create_operation" time="0.000000"></testcase>
		<testcase classname="github.com/theopenlane/core/internal/graphapi" name="TestStripOperation/Update_operation" time="0.000000"></testcase>
		<testcase classname="github.com/theopenlane/core/internal/graphapi" name="TestStripOperation/Delete_operation" time="0.000000"></testcase>
		<testcase classname="github.com/theopenlane/core/internal/graphapi" name="TestStripOperation/Get_operation" time="0.000000"></testcase>
		<testcase classname="github.com/theopenlane/core/internal/graphapi" name="TestStripOperation/No_operation" time="0.000000"></testcase>
		<testcase classname="github.com/theopenlane/core/internal/graphapi" name="TestStripOperation/Non-matching_prefix" time="0.000000"></testcase>
		<testcase classname="github.com/theopenlane/core/internal/graphapi" name="TestStripOperation/Create_Upload_operation" time="0.000000"></testcase>
		<testcase classname="github.com/theopenlane/core/internal/graphapi" name="TestStripOperation/Create_Upload_Document" time="0.000000"></testcase>
		<testcase classname="github.com/theopenlane/core/internal/graphapi" name="TestStripOperation" time="0.000000"></testcase>
		<testcase classname="github.com/theopenlane/core/internal/graphapi" name="TestMutationUpdateTFASetting/Update_update_verify" time="0.060000"></testcase>
		<testcase classname="github.com/theopenlane/core/internal/graphapi" name="TestMutationUpdateTFASetting/Update_regen_codes_using_personal_access_token" time="0.090000"></testcase>
		<testcase classname="github.com/theopenlane/core/internal/graphapi" name="TestMutationUpdateTFASetting/Update_regen_codes_using_api_token_not_allowed" time="0.010000"></testcase>
		<testcase classname="github.com/theopenlane/core/internal/graphapi" name="TestMutationUpdateTFASetting/Update_regen_codes_-_false" time="0.060000"></testcase>
		<testcase classname="github.com/theopenlane/core/internal/graphapi" name="TestMutationUpdateTFASetting/Update_update_totp_to_false_should_clear_settings" time="0.070000"></testcase>
		<testcase classname="github.com/theopenlane/core/internal/graphapi" name="TestMutationUpdateTFASetting/Update_update_TotpAllowed_to_true_should_enable_TFA" time="0.080000"></testcase>
		<testcase classname="github.com/theopenlane/core/internal/graphapi" name="TestMutationUpdateTFASetting" time="1.540000"></testcase>
		<testcase classname="github.com/theopenlane/core/internal/graphapi" name="TestIsEmpty/Nil_value" time="0.000000"></testcase>
		<testcase classname="github.com/theopenlane/core/internal/graphapi" name="TestIsEmpty/Empty_string" time="0.000000"></testcase>
		<testcase classname="github.com/theopenlane/core/internal/graphapi" name="TestIsEmpty/Non-empty_string" time="0.000000"></testcase>
		<testcase classname="github.com/theopenlane/core/internal/graphapi" name="TestIsEmpty/Zero_integer" time="0.000000"></testcase>
		<testcase classname="github.com/theopenlane/core/internal/graphapi" name="TestIsEmpty/Non-zero_integer" time="0.000000"></testcase>
		<testcase classname="github.com/theopenlane/core/internal/graphapi" name="TestIsEmpty/Zero_float" time="0.000000"></testcase>
		<testcase classname="github.com/theopenlane/core/internal/graphapi" name="TestIsEmpty/Non-zero_float" time="0.000000"></testcase>
		<testcase classname="github.com/theopenlane/core/internal/graphapi" name="TestIsEmpty/Empty_slice" time="0.000000"></testcase>
		<testcase classname="github.com/theopenlane/core/internal/graphapi" name="TestIsEmpty/Non-empty_slice" time="0.000000"></testcase>
		<testcase classname="github.com/theopenlane/core/internal/graphapi" name="TestIsEmpty/Empty_map" time="0.000000"></testcase>
		<testcase classname="github.com/theopenlane/core/internal/graphapi" name="TestIsEmpty/Non-empty_map" time="0.000000"></testcase>
		<testcase classname="github.com/theopenlane/core/internal/graphapi" name="TestIsEmpty/Boolean_false" time="0.000000"></testcase>
		<testcase classname="github.com/theopenlane/core/internal/graphapi" name="TestIsEmpty/Boolean_true" time="0.000000"></testcase>
		<testcase classname="github.com/theopenlane/core/internal/graphapi" name="TestIsEmpty" time="0.000000"></testcase>
		<testcase classname="github.com/theopenlane/core/internal/graphapi" name="TestQueryOrganization/Get_happy_path,_get_organization" time="0.220000"></testcase>
		<testcase classname="github.com/theopenlane/core/internal/graphapi" name="TestQueryOrganization/Get_happy_path,_get_using_api_token" time="0.180000"></testcase>
		<testcase classname="github.com/theopenlane/core/internal/graphapi" name="TestQueryOrganization/Get_happy_path,_get_using_personal_access_token" time="0.130000"></testcase>
		<testcase classname="github.com/theopenlane/core/internal/graphapi" name="TestQueryOrganization/Get_invalid-id" time="0.020000"></testcase>
		<testcase classname="github.com/theopenlane/core/internal/graphapi" name="TestQueryOrganization/Get_no_access,_anonymous_user" time="0.000000"></testcase>
		<testcase classname="github.com/theopenlane/core/internal/graphapi" name="TestQueryOrganization" time="2.000000"></testcase>
		<testcase classname="github.com/theopenlane/core/internal/graphapi" name="TestMutationCreateTFASetting/Create_happy_path" time="0.020000"></testcase>
		<testcase classname="github.com/theopenlane/core/internal/graphapi" name="TestMutationCreateTFASetting/Create_happy_path,_using_personal_access_token" time="0.070000"></testcase>
		<testcase classname="github.com/theopenlane/core/internal/graphapi" name="TestMutationCreateTFASetting/Create_unable_to_create_using_api_token" time="0.010000"></testcase>
		<testcase classname="github.com/theopenlane/core/internal/graphapi" name="TestMutationDeleteTrustCenter/Delete_happy_path,_delete_trust_center" time="0.060000"></testcase>
		<testcase classname="github.com/theopenlane/core/internal/graphapi" name="TestMutationCreateTFASetting/Create_already_exists" time="0.020000"></testcase>
		<testcase classname="github.com/theopenlane/core/internal/graphapi" name="TestMutationDeleteTrustCenter/Delete_not_authorized,_different_org_user" time="0.010000"></testcase>
		<testcase classname="github.com/theopenlane/core/internal/graphapi" name="TestMutationDeleteTrustCenter/Delete_trust_center_not_found" time="0.010000"></testcase>
		<testcase classname="github.com/theopenlane/core/internal/graphapi" name="TestMutationDeleteTrustCenter" time="2.250000"></testcase>
		<testcase classname="github.com/theopenlane/core/internal/graphapi" name="TestMutationCreateTFASetting/Create_create_with_not_enabling_totp_should_not_return_qr_code" time="0.030000"></testcase>
		<testcase classname="github.com/theopenlane/core/internal/graphapi" name="TestMutationCreateTFASetting" time="2.290000"></testcase>
		<testcase classname="github.com/theopenlane/core/internal/graphapi" name="TestGetBulkUploadOwnerInput/Nil_input,_nothing_to_do" time="0.000000"></testcase>
		<testcase classname="github.com/theopenlane/core/internal/graphapi" name="TestGetBulkUploadOwnerInput/Valid_input_with_consistent_owner_IDs" time="0.000000"></testcase>
		<testcase classname="github.com/theopenlane/core/internal/graphapi" name="TestGetBulkUploadOwnerInput/Valid_input_with_inconsistent_owner_IDs" time="0.000000"></testcase>
		<testcase classname="github.com/theopenlane/core/internal/graphapi" name="TestGetBulkUploadOwnerInput/Valid_input_with_missing_owner_ID" time="0.000000"></testcase>
		<testcase classname="github.com/theopenlane/core/internal/graphapi" name="TestGetBulkUploadOwnerInput" time="0.000000"></testcase>
		<testcase classname="github.com/theopenlane/core/internal/graphapi" name="TestGetOrgOwnerFromInput/Nil_input" time="0.000000"></testcase>
		<testcase classname="github.com/theopenlane/core/internal/graphapi" name="TestGetOrgOwnerFromInput/Valid_input_with_owner_ID" time="0.000000"></testcase>
		<testcase classname="github.com/theopenlane/core/internal/graphapi" name="TestGetOrgOwnerFromInput/Valid_input_without_owner_ID" time="0.000000"></testcase>
		<testcase classname="github.com/theopenlane/core/internal/graphapi" name="TestGetOrgOwnerFromInput/Invalid_input_type_will_return_nil" time="0.000000"></testcase>
		<testcase classname="github.com/theopenlane/core/internal/graphapi" name="TestGetOrgOwnerFromInput" time="0.000000"></testcase>
		<testcase classname="github.com/theopenlane/core/internal/graphapi" name="TestRetrieveObjectDetails/Matching_upload_argument" time="0.000000"></testcase>
		<testcase classname="github.com/theopenlane/core/internal/graphapi" name="TestRetrieveObjectDetails/Non-matching_upload_argument" time="0.000000"></testcase>
		<testcase classname="github.com/theopenlane/core/internal/graphapi" name="TestRetrieveObjectDetails/No_upload_argument" time="0.000000"></testcase>
		<testcase classname="github.com/theopenlane/core/internal/graphapi" name="TestRetrieveObjectDetails/Non-upload_argument" time="0.000000"></testcase>
		<testcase classname="github.com/theopenlane/core/internal/graphapi" name="TestRetrieveObjectDetails" time="0.000000"></testcase>
		<testcase classname="github.com/theopenlane/core/internal/graphapi" name="TestMutationDeleteOrgMembers" time="2.320000"></testcase>
		<testcase classname="github.com/theopenlane/core/internal/graphapi" name="TestQueryTrustCenterAsAnonymousUser/happy_path_-_anonymous_user_can_query_their_trust_center_by_ID" time="0.020000"></testcase>
		<testcase classname="github.com/theopenlane/core/internal/graphapi" name="TestQueryTrustCenterAsAnonymousUser/anonymous_user_cannot_query_different_trust_center" time="0.010000"></testcase>
		<testcase classname="github.com/theopenlane/core/internal/graphapi" name="TestQueryTrustCenterAsAnonymousUser/anonymous_user_cannot_query_non-existent_trust_center" time="0.010000"></testcase>
		<testcase classname="github.com/theopenlane/core/internal/graphapi" name="TestQueryTrustCenterAsAnonymousUser" time="2.380000"></testcase>
		<testcase classname="github.com/theopenlane/core/internal/graphapi" name="TestMutationCreateOnboarding/Create_happy_path,_minimal_input" time="0.420000"></testcase>
		<testcase classname="github.com/theopenlane/core/internal/graphapi" name="TestIntegrationWithSecretsRelationship/Integration_can_query_its_secrets" time="0.000000"></testcase>
		<testcase classname="github.com/theopenlane/core/internal/graphapi" name="TestIntegrationWithSecretsRelationship/Secrets_can_query_their_integration" time="0.010000"></testcase>
		<testcase classname="github.com/theopenlane/core/internal/graphapi" name="TestMutationDeleteTrustCenterDoc/Delete_happy_path,_delete_trust_center_doc" time="0.040000"></testcase>
		<testcase classname="github.com/theopenlane/core/internal/graphapi" name="TestMutationDeleteTrustCenterDoc/Delete_not_authorized,_different_org_user" time="0.020000"></testcase>
		<testcase classname="github.com/theopenlane/core/internal/graphapi" name="TestMutationDeleteTrustCenterDoc/Delete_trust_center_doc_not_found" time="0.010000"></testcase>
		<testcase classname="github.com/theopenlane/core/internal/graphapi" name="TestMutationDeleteTrustCenterDoc" time="2.570000"></testcase>
		<testcase classname="github.com/theopenlane/core/internal/graphapi" name="TestIntegrationWithSecretsRelationship" time="1.070000"></testcase>
		<testcase classname="github.com/theopenlane/core/internal/graphapi" name="TestQueryOrganizations/Get_Organizations" time="0.140000"></testcase>
		<testcase classname="github.com/theopenlane/core/internal/graphapi" name="TestQueryOrganizations" time="2.700000"></testcase>
		<testcase classname="github.com/theopenlane/core/internal/graphapi" name="TestMutationCreateOnboarding/Create_happy_path,_all_input,_same_name_should_not_error_due_to_retries" time="0.430000"></testcase>
		<testcase classname="github.com/theopenlane/core/internal/graphapi" name="TestMutationCreateOnboarding/Create_missing_required_field" time="0.010000"></testcase>
		<testcase classname="github.com/theopenlane/core/internal/graphapi" name="TestSecretBuilder/Create_secret_with_builder" time="0.040000"></testcase>
		<testcase classname="github.com/theopenlane/core/internal/graphapi" name="TestSecretBuilder" time="0.920000"></testcase>
		<testcase classname="github.com/theopenlane/core/internal/graphapi" name="TestMutationCreateOnboarding/Create_not_allowed_with_PAT" time="0.030000"></testcase>
		<testcase classname="github.com/theopenlane/core/internal/graphapi" name="TestMutationCreateOnboarding/Create_not_allowed_with_token" time="0.040000"></testcase>
		<testcase classname="github.com/theopenlane/core/internal/graphapi" name="TestMutationCreateOnboarding" time="2.960000"></testcase>
		<testcase classname="github.com/theopenlane/core/internal/graphapi" name="TestMutationOrganizationCascadeDelete" time="3.020000"></testcase>
		<testcase classname="github.com/theopenlane/core/internal/graphapi" name="TestMutationCreateOrganization/Create_happy_path_organization" time="0.960000"></testcase>
		<testcase classname="github.com/theopenlane/core/internal/graphapi" name="TestIntegrationBuilder/Create_integration_with_builder" time="0.000000"></testcase>
		<testcase classname="github.com/theopenlane/core/internal/graphapi" name="TestIntegrationBuilder/Create_custom_integration_with_builder" time="0.040000"></testcase>
		<testcase classname="github.com/theopenlane/core/internal/graphapi" name="TestIntegrationBuilder" time="0.900000"></testcase>
		<testcase classname="github.com/theopenlane/core/internal/graphapi" name="TestMutationUpdateOrgMembers/Get_happy_path,_update_to_admin_from_member" time="0.140000"></testcase>
		<testcase classname="github.com/theopenlane/core/internal/graphapi" name="TestMutationUpdateOrganization/Update_update_name,_happy_path" time="0.260000"></testcase>
		<testcase classname="github.com/theopenlane/core/internal/graphapi" name="TestMutationUpdateOrgMembers/Get_happy_path,_update_to_member_from_admin" time="0.120000"></testcase>
		<testcase classname="github.com/theopenlane/core/internal/graphapi" name="TestMutationUpdateOrgMembers/Get_update_to_same_role" time="0.040000"></testcase>
		<testcase classname="github.com/theopenlane/core/internal/graphapi" name="TestMutationCreateOrganization/Create_happy_path_organization_with_settings_and_avatar" time="0.920000"></testcase>
		<testcase classname="github.com/theopenlane/core/internal/graphapi" name="TestMutationCreateOrganization/Create_organization_settings_with_free_email_domain_not_allowed" time="0.020000"></testcase>
		<testcase classname="github.com/theopenlane/core/internal/graphapi" name="TestMutationUpdateOrgMembers/Get_update_self_from_admin_to_member,_not_allowed" time="0.080000"></testcase>
		<testcase classname="github.com/theopenlane/core/internal/graphapi" name="TestMutationUpdateOrgMembers/Get_invalid_role" time="0.000000"></testcase>
		<testcase classname="github.com/theopenlane/core/internal/graphapi" name="TestMutationUpdateOrgMembers" time="1.660000"></testcase>
		<testcase classname="github.com/theopenlane/core/internal/graphapi" name="TestMutationUpdateOrganization/Update_add_member_as_admin" time="0.380000"></testcase>
		<testcase classname="github.com/theopenlane/core/internal/graphapi" name="TestQueryTrustCentersAsAnonymousUser/anonymous_user_can_only_see_their_trust_center_in_list_query" time="0.030000"></testcase>
		<testcase classname="github.com/theopenlane/core/internal/graphapi" name="TestMutationUpdateOrganization/Update_add_two_program_creators_group" time="0.370000"></testcase>
		<testcase classname="github.com/theopenlane/core/internal/graphapi" name="TestQueryTrustCentersAsAnonymousUser/anonymous_user_with_different_trust_center_sees_only_their_trust_center" time="0.030000"></testcase>
		<testcase classname="github.com/theopenlane/core/internal/graphapi" name="TestQueryTrustCentersAsAnonymousUser" time="1.740000"></testcase>
		<testcase classname="github.com/theopenlane/core/internal/graphapi" name="TestMutationCreateProgramWithMembers/Create_happy_path,_minimal_input_with_standard_id" time="0.350000"></testcase>
		<testcase classname="github.com/theopenlane/core/internal/graphapi" name="TestMutationCreateOrganization/Create_happy_path_organization_with_parent_org" time="0.780000"></testcase>
		<testcase classname="github.com/theopenlane/core/internal/graphapi" name="TestMutationCreateOrganization/Create_organization_with_parent_org,_no_access" time="0.010000"></testcase>
		<testcase classname="github.com/theopenlane/core/internal/graphapi" name="TestMutationCreateOrganization/Create_organization_with_parent_org_using_personal_access_token,_not_allowed" time="0.010000"></testcase>
		<testcase classname="github.com/theopenlane/core/internal/graphapi" name="TestMutationCreateOrganization/Create_organization_with_parent_org_using_personal_access_token,_no_access_to_parent,_not_allowed" time="0.010000"></testcase>
		<testcase classname="github.com/theopenlane/core/internal/graphapi" name="TestMutationCreateOrganization/Create_organization_create_with_api_token_not_allowed" time="0.010000"></testcase>
		<testcase classname="github.com/theopenlane/core/internal/graphapi" name="TestMutationCreateOrganization/Create_organization_with_parent_personal_org" time="0.040000"></testcase>
		<testcase classname="github.com/theopenlane/core/internal/graphapi" name="TestMutationCreateOrganization/Create_empty_organization_name" time="0.000000"></testcase>
		<testcase classname="github.com/theopenlane/core/internal/graphapi" name="TestMutationCreateOrganization/Create_long_organization_name" time="0.010000"></testcase>
		<testcase classname="github.com/theopenlane/core/internal/graphapi" name="TestMutationCreateProgramWithMembers/Create_happy_path,_minimal_input" time="0.140000"></testcase>
		<testcase classname="github.com/theopenlane/core/internal/graphapi" name="TestMutationCreateFullProgram/Create_happy_path,_system_standard_id" time="0.370000"></testcase>
		<testcase classname="github.com/theopenlane/core/internal/graphapi" name="TestMutationUpdateOrganization/Update_remove_one_program_creator_group,_add_procedure_creator_group" time="0.330000"></testcase>
		<testcase classname="github.com/theopenlane/core/internal/graphapi" name="TestMutationCreateProgramWithMembers/Create_happy_path,_minimal_input,_no_member_should_work" time="0.080000"></testcase>
		<testcase classname="github.com/theopenlane/core/internal/graphapi" name="TestMutationUpdateOrganization/Update_add_program_creator_group,_not_allowed" time="0.040000"></testcase>
		<testcase classname="github.com/theopenlane/core/internal/graphapi" name="TestAuditLogList/Audit_Logs_happy_path,_table_with_no_history" time="0.000000"></testcase>
		<testcase classname="github.com/theopenlane/core/internal/graphapi" name="TestMutationCreateProgramWithMembers/Create_happy_path,_minimal_input,_nil_members_should_work" time="0.120000"></testcase>
		<testcase classname="github.com/theopenlane/core/internal/graphapi" name="TestAuditLogList/Audit_Logs_happy_path,_user" time="0.140000"></testcase>
		<testcase classname="github.com/theopenlane/core/internal/graphapi" name="TestAuditLogList/Audit_Logs_happy_path,_user_setting" time="0.060000"></testcase>
		<testcase classname="github.com/theopenlane/core/internal/graphapi" name="TestMutationCreateOrgMembers/Create_happy_path,_add_admin" time="0.290000"></testcase>
		<testcase classname="github.com/theopenlane/core/internal/graphapi" name="TestMutationCreateProgramWithMembers" time="2.530000"></testcase>
		<testcase classname="github.com/theopenlane/core/internal/graphapi" name="TestMutationCreateFullProgram/Create_happy_path,_standard_id" time="0.360000"></testcase>
		<testcase classname="github.com/theopenlane/core/internal/graphapi" name="TestAuditLogList/Audit_Logs_happy_path,_program" time="0.060000"></testcase>
		<testcase classname="github.com/theopenlane/core/internal/graphapi" name="TestQueryOrgMembers/Get_happy_path,_get_org_members_by_org_id" time="0.290000"></testcase>
		<testcase classname="github.com/theopenlane/core/internal/graphapi" name="TestAuditLogList/Audit_Logs_happy_path,_program_update" time="0.060000"></testcase>
		<testcase classname="github.com/theopenlane/core/internal/graphapi" name="TestMutationCreateOrgMembers/Create_happy_path,_add_member" time="0.120000"></testcase>
		<testcase classname="github.com/theopenlane/core/internal/graphapi" name="TestAuditLogList/Audit_Logs_happy_path,_program_create" time="0.040000"></testcase>
		<testcase classname="github.com/theopenlane/core/internal/graphapi" name="TestAuditLogList/Audit_Logs_happy_path,_procedure" time="0.040000"></testcase>
		<testcase classname="github.com/theopenlane/core/internal/graphapi" name="TestMutationUpdateOrganization/Update_update_description_and_avatar_file,_happy_path" time="0.430000"></testcase>
		<testcase classname="github.com/theopenlane/core/internal/graphapi" name="TestAuditLogList/Audit_Logs_happy_path,_policy" time="0.050000"></testcase>
		<testcase classname="github.com/theopenlane/core/internal/graphapi" name="TestMutationCreateOrgMembers/Create_happy_path,_add_member_in_org_with_allowed_domains" time="0.110000"></testcase>
		<testcase classname="github.com/theopenlane/core/internal/graphapi" name="TestMutationCreateOrgMembers/Create_add_member_with_invalid_domain" time="0.050000"></testcase>
		<testcase classname="github.com/theopenlane/core/internal/graphapi" name="TestMutationCreateOrgMembers/Create_duplicate_user,_different_role" time="0.020000"></testcase>
		<testcase classname="github.com/theopenlane/core/internal/graphapi" name="TestMutationCreateOrgMembers/Create_cannot_add_self_to_organization" time="0.020000"></testcase>
		<testcase classname="github.com/theopenlane/core/internal/graphapi" name="TestMutationCreateOrgMembers/Create_add_user_to_personal_org_not_allowed" time="0.010000"></testcase>
		<testcase classname="github.com/theopenlane/core/internal/graphapi" name="TestMutationCreateOrgMembers/Create_invalid_user" time="0.010000"></testcase>
		<testcase classname="github.com/theopenlane/core/internal/graphapi" name="TestMutationCreateOrgMembers/Create_no_access" time="0.010000"></testcase>
		<testcase classname="github.com/theopenlane/core/internal/graphapi" name="TestMutationCreateOrgMembers/Create_invalid_role" time="0.000000"></testcase>
		<testcase classname="github.com/theopenlane/core/internal/graphapi" name="TestQueryOrgMembers/Get_happy_path,_get_org_with_parent_members_based_on_context" time="0.280000"></testcase>
		<testcase classname="github.com/theopenlane/core/internal/graphapi" name="TestAuditLogList/Audit_Logs_happy_path,_control" time="0.160000"></testcase>
		<testcase classname="github.com/theopenlane/core/internal/graphapi" name="TestMutationCreateOrganization/Create_organization_with_no_description" time="0.770000"></testcase>
		<testcase classname="github.com/theopenlane/core/internal/graphapi" name="TestMutationCreateOrganization/Create_duplicate_organization_name" time="0.010000"></testcase>
		<testcase classname="github.com/theopenlane/core/internal/graphapi" name="TestMutationCreateOrgMembers" time="3.350000"></testcase>
		<testcase classname="github.com/theopenlane/core/internal/graphapi" name="TestMutationCreateOrganization/Create_duplicate_organization_name,_case_insensitive" time="0.010000"></testcase>
		<testcase classname="github.com/theopenlane/core/internal/graphapi" name="TestQueryOrgMembers/Get_where_input,_get_members_in_program" time="0.160000"></testcase>
		<testcase classname="github.com/theopenlane/core/internal/graphapi" name="TestAuditLogList/Audit_Logs_happy_path,_control_page_2" time="0.160000"></testcase>
		<testcase classname="github.com/theopenlane/core/internal/graphapi" name="TestMutationUpdateOrganization/Update_update_display_name,_happy_path" time="0.390000"></testcase>
		<testcase classname="github.com/theopenlane/core/internal/graphapi" name="TestQueryOrgMembers/Get_where_input,_get_members_not_in_program" time="0.070000"></testcase>
		<testcase classname="github.com/theopenlane/core/internal/graphapi" name="TestMutationCreateFullProgram/Create_happy_path,_all_the_fields" time="0.630000"></testcase>
		<testcase classname="github.com/theopenlane/core/internal/graphapi" name="TestAuditLogList/Audit_Logs_happy_path,_control_page_3" time="0.160000"></testcase>
		<testcase classname="github.com/theopenlane/core/internal/graphapi" name="TestAuditLogList/Audit_Logs_missing_table_parameter" time="0.000000"></testcase>
		<testcase classname="github.com/theopenlane/core/internal/graphapi" name="TestAuditLogList/Audit_Logs_nil_where_input" time="0.000000"></testcase>
		<testcase classname="github.com/theopenlane/core/internal/graphapi" name="TestQueryOrgMembers/Get_where_input,_get_members_in_program,_after_deleting_a_member" time="0.120000"></testcase>
		<testcase classname="github.com/theopenlane/core/internal/graphapi" name="TestAuditLogList/Audit_Logs_happy_path,_another_user_shouldn&#39;t_see_these_procedure_audit_logs" time="0.010000"></testcase>
		<testcase classname="github.com/theopenlane/core/internal/graphapi" name="TestAuditLogList" time="3.620000"></testcase>
		<testcase classname="github.com/theopenlane/core/internal/graphapi" name="TestQueryOrgMembers/Get_happy_path,_get_org_with_parent_members_using_org_ID,_only_direct_members_will_be_returned" time="0.040000"></testcase>
		<testcase classname="github.com/theopenlane/core/internal/graphapi" name="TestQueryOrgMembers/Get_no_access" time="0.010000"></testcase>
		<testcase classname="github.com/theopenlane/core/internal/graphapi" name="TestQueryOrgMembers/Get_invalid-id" time="0.010000"></testcase>
		<testcase classname="github.com/theopenlane/core/internal/graphapi" name="TestMutationCreateFullProgram" time="3.400000"></testcase>
		<testcase classname="github.com/theopenlane/core/internal/graphapi" name="TestMutationUpdateOrganization/Update_update_settings,_happy_path" time="0.220000"></testcase>
		<testcase classname="github.com/theopenlane/core/internal/graphapi" name="TestMutationUpdateOrganization/Update_update_avatar,_invalid_file" time="0.000000"></testcase>
		<testcase classname="github.com/theopenlane/core/internal/graphapi" name="TestQueryOrgMembers" time="3.460000"></testcase>
		<testcase classname="github.com/theopenlane/core/internal/graphapi" name="TestMutationUpdateOrganization/Update_update_name,_too_long" time="0.020000"></testcase>
		<testcase classname="github.com/theopenlane/core/internal/graphapi" name="TestMutationUpdateOrganization/Update_update_name,_no_access" time="0.010000"></testcase>
		<testcase classname="github.com/theopenlane/core/internal/graphapi" name="TestMutationUpdateOrganization/Update_update_name,_not_found" time="0.010000"></testcase>
		<testcase classname="github.com/theopenlane/core/internal/graphapi" name="TestMutationUpdateOrganization" time="6.080000"></testcase>
		<testcase classname="github.com/theopenlane/core/internal/graphapi" name="TestMutationCreateOrganization/Create_duplicate_organization_name,_but_other_was_deleted,_should_pass" time="0.490000"></testcase>
		<testcase classname="github.com/theopenlane/core/internal/graphapi" name="TestMutationCreateOrganization/Create_organization_name_with_trailing_space_should_work_with_trailing_space_removed" time="0.290000"></testcase>
		<testcase classname="github.com/theopenlane/core/internal/graphapi" name="TestMutationCreateOrganization/Create_invalid_organization_name,_too_short" time="0.010000"></testcase>
		<testcase classname="github.com/theopenlane/core/internal/graphapi" name="TestMutationCreateOrganization/Create_invalid_organization_name_with_special_characters" time="0.000000"></testcase>
		<testcase classname="github.com/theopenlane/core/internal/graphapi" name="TestMutationCreateOrganization/Create_duplicate_display_name,_should_be_allowed" time="0.300000"></testcase>
		<testcase classname="github.com/theopenlane/core/internal/graphapi" name="TestMutationCreateOrganization/Create_display_name_with_spaces_should_pass" time="0.380000"></testcase>
		<testcase classname="github.com/theopenlane/core/internal/graphapi" name="TestMutationCreateOrganization/Create_invalid_avatar_file" time="0.000000"></testcase>
		<testcase classname="github.com/theopenlane/core/internal/graphapi" name="TestMutationCreateOrganization/Create_invalid_allowed_email_domains_" time="0.000000"></testcase>
		<testcase classname="github.com/theopenlane/core/internal/graphapi" name="TestMutationCreateOrganization/Create_invalid_domains" time="0.000000"></testcase>
		<testcase classname="github.com/theopenlane/core/internal/graphapi" name="TestMutationCreateOrganization" time="7.120000"></testcase>
	</testsuite>
</testsuites>